WARNING: A terminally deprecated method in sun.misc.Unsafe has been called
WARNING: sun.misc.Unsafe::staticFieldBase has been called by com.google.inject.internal.aop.HiddenClassDefiner (file:/Users/gayathriharshila/.m2/wrapper/dists/apache-maven-3.9.11/a2d47e15/lib/guice-5.1.0-classes.jar)
WARNING: Please consider reporting this to the maintainers of class com.google.inject.internal.aop.HiddenClassDefiner
WARNING: sun.misc.Unsafe::staticFieldBase will be removed in a future release
[INFO] Scanning for projects...
[INFO] 
[INFO] ---------------------< com.ApiGateway:ApiGateway >----------------------
[INFO] Building ApiGateway 0.0.1-SNAPSHOT
[INFO]   from pom.xml
[INFO] --------------------------------[ jar ]---------------------------------
[INFO] 
[INFO] >>> spring-boot:3.4.8:run (default-cli) > test-compile @ ApiGateway >>>
[INFO] 
[INFO] --- resources:3.3.1:resources (default-resources) @ ApiGateway ---
[INFO] Copying 2 resources from src/main/resources to target/classes
[INFO] Copying 0 resource from src/main/resources to target/classes
[INFO] 
[INFO] --- compiler:3.13.0:compile (default-compile) @ ApiGateway ---
[INFO] Nothing to compile - all classes are up to date.
[INFO] 
[INFO] --- resources:3.3.1:testResources (default-testResources) @ ApiGateway ---
[INFO] skip non existing resourceDirectory /Users/gayathriharshila/train-passenger-counter/Inventory-Management-System_Grp_16/backend/ApiGateway/src/test/resources
[INFO] 
[INFO] --- compiler:3.13.0:testCompile (default-testCompile) @ ApiGateway ---
[INFO] Nothing to compile - all classes are up to date.
[INFO] 
[INFO] <<< spring-boot:3.4.8:run (default-cli) < test-compile @ ApiGateway <<<
[INFO] 
[INFO] 
[INFO] --- spring-boot:3.4.8:run (default-cli) @ ApiGateway ---
[INFO] Attaching agents: []

  .   ____          _            __ _ _
 /\\ / ___'_ __ _ _(_)_ __  __ _ \ \ \ \
( ( )\___ | '_ | '_| | '_ \/ _` | \ \ \ \
 \\/  ___)| |_)| | | | | || (_| |  ) ) ) )
  '  |____| .__|_| |_|_| |_\__, | / / / /
 =========|_|==============|___/=/_/_/_/

 :: Spring Boot ::                (v3.4.8)

2025-09-03T11:35:29.363+05:30  INFO 33463 --- [ApiGateway] [           main] c.A.ApiGateway.ApiGatewayApplication     : Starting ApiGatewayApplication using Java 24.0.1 with PID 33463 (/Users/gayathriharshila/train-passenger-counter/Inventory-Management-System_Grp_16/backend/ApiGateway/target/classes started by gayathriharshila in /Users/gayathriharshila/train-passenger-counter/Inventory-Management-System_Grp_16/backend/ApiGateway)
2025-09-03T11:35:29.364+05:30 DEBUG 33463 --- [ApiGateway] [           main] c.A.ApiGateway.ApiGatewayApplication     : Running with Spring Boot v3.4.8, Spring v6.2.9
2025-09-03T11:35:29.364+05:30  INFO 33463 --- [ApiGateway] [           main] c.A.ApiGateway.ApiGatewayApplication     : No active profile set, falling back to 1 default profile: "default"
2025-09-03T11:35:29.629+05:30  INFO 33463 --- [ApiGateway] [           main] o.s.cloud.context.scope.GenericScope     : BeanFactory id=ec7fd90e-93ed-3f38-baa6-2c1ec3eef5c8
WARNING: A terminally deprecated method in sun.misc.Unsafe has been called
WARNING: sun.misc.Unsafe::allocateMemory has been called by io.netty.util.internal.PlatformDependent0$2 (file:/Users/gayathriharshila/.m2/repository/io/netty/netty-common/4.1.123.Final/netty-common-4.1.123.Final.jar)
WARNING: Please consider reporting this to the maintainers of class io.netty.util.internal.PlatformDependent0$2
WARNING: sun.misc.Unsafe::allocateMemory will be removed in a future release
2025-09-03T11:35:29.930+05:30  INFO 33463 --- [ApiGateway] [           main] o.s.c.g.r.RouteDefinitionRouteLocator    : Loaded RoutePredicateFactory [After]
2025-09-03T11:35:29.930+05:30  INFO 33463 --- [ApiGateway] [           main] o.s.c.g.r.RouteDefinitionRouteLocator    : Loaded RoutePredicateFactory [Before]
2025-09-03T11:35:29.931+05:30  INFO 33463 --- [ApiGateway] [           main] o.s.c.g.r.RouteDefinitionRouteLocator    : Loaded RoutePredicateFactory [Between]
2025-09-03T11:35:29.931+05:30  INFO 33463 --- [ApiGateway] [           main] o.s.c.g.r.RouteDefinitionRouteLocator    : Loaded RoutePredicateFactory [Cookie]
2025-09-03T11:35:29.931+05:30  INFO 33463 --- [ApiGateway] [           main] o.s.c.g.r.RouteDefinitionRouteLocator    : Loaded RoutePredicateFactory [Header]
2025-09-03T11:35:29.931+05:30  INFO 33463 --- [ApiGateway] [           main] o.s.c.g.r.RouteDefinitionRouteLocator    : Loaded RoutePredicateFactory [Host]
2025-09-03T11:35:29.931+05:30  INFO 33463 --- [ApiGateway] [           main] o.s.c.g.r.RouteDefinitionRouteLocator    : Loaded RoutePredicateFactory [Method]
2025-09-03T11:35:29.931+05:30  INFO 33463 --- [ApiGateway] [           main] o.s.c.g.r.RouteDefinitionRouteLocator    : Loaded RoutePredicateFactory [Path]
2025-09-03T11:35:29.931+05:30  INFO 33463 --- [ApiGateway] [           main] o.s.c.g.r.RouteDefinitionRouteLocator    : Loaded RoutePredicateFactory [Query]
2025-09-03T11:35:29.931+05:30  INFO 33463 --- [ApiGateway] [           main] o.s.c.g.r.RouteDefinitionRouteLocator    : Loaded RoutePredicateFactory [ReadBody]
2025-09-03T11:35:29.931+05:30  INFO 33463 --- [ApiGateway] [           main] o.s.c.g.r.RouteDefinitionRouteLocator    : Loaded RoutePredicateFactory [RemoteAddr]
2025-09-03T11:35:29.931+05:30  INFO 33463 --- [ApiGateway] [           main] o.s.c.g.r.RouteDefinitionRouteLocator    : Loaded RoutePredicateFactory [XForwardedRemoteAddr]
2025-09-03T11:35:29.931+05:30  INFO 33463 --- [ApiGateway] [           main] o.s.c.g.r.RouteDefinitionRouteLocator    : Loaded RoutePredicateFactory [Weight]
2025-09-03T11:35:29.931+05:30  INFO 33463 --- [ApiGateway] [           main] o.s.c.g.r.RouteDefinitionRouteLocator    : Loaded RoutePredicateFactory [CloudFoundryRouteService]
2025-09-03T11:35:30.030+05:30  INFO 33463 --- [ApiGateway] [           main] o.s.b.web.embedded.netty.NettyWebServer  : Netty started on port 8090 (http)
2025-09-03T11:35:30.052+05:30  INFO 33463 --- [ApiGateway] [           main] c.A.ApiGateway.ApiGatewayApplication     : Started ApiGatewayApplication in 0.848 seconds (process running for 1.054)
2025-09-03T11:35:48.024+05:30 DEBUG 33463 --- [ApiGateway] [     parallel-1] o.s.c.g.h.RoutePredicateHandlerMapping   : Route matched: supplier-service
2025-09-03T11:35:48.024+05:30 DEBUG 33463 --- [ApiGateway] [     parallel-1] o.s.c.g.h.RoutePredicateHandlerMapping   : Mapping [Exchange: GET http://localhost:8090/api/suppliers] to Route{id='supplier-service', uri=http://localhost:8082, order=0, predicate=Paths: [/api/delivery-logs/**, /api/suppliers/**, /api/purchase-orders/**, /api/supplier-categories/**], match trailing slash: true, gatewayFilters=[[com.ApiGateway.ApiGateway.filter.JwtAuthenticationFilter@470ab918, order = 0]], metadata={}}
2025-09-03T11:35:48.024+05:30 DEBUG 33463 --- [ApiGateway] [     parallel-1] o.s.c.g.h.RoutePredicateHandlerMapping   : [6ed4de6f-1] Mapped to org.springframework.cloud.gateway.handler.FilteringWebHandler@19da993b
2025-09-03T11:35:48.024+05:30 DEBUG 33463 --- [ApiGateway] [     parallel-1] o.s.c.g.handler.FilteringWebHandler      : Sorted gatewayFilterFactories: [[GatewayFilterAdapter{delegate=org.springframework.cloud.gateway.filter.RemoveCachedBodyFilter@226de93c}, order = -2147483648], [GatewayFilterAdapter{delegate=org.springframework.cloud.gateway.filter.AdaptCachedBodyGlobalFilter@1f71194d}, order = -2147482648], [GatewayFilterAdapter{delegate=org.springframework.cloud.gateway.filter.NettyWriteResponseFilter@c1e14f}, order = -1], [GatewayFilterAdapter{delegate=org.springframework.cloud.gateway.filter.ForwardPathFilter@7b222230}, order = 0], [com.ApiGateway.ApiGateway.filter.JwtAuthenticationFilter@470ab918, order = 0], [GatewayFilterAdapter{delegate=org.springframework.cloud.gateway.filter.RouteToRequestUrlFilter@72028a45}, order = 10000], [GatewayFilterAdapter{delegate=org.springframework.cloud.gateway.config.GatewayNoLoadBalancerClientAutoConfiguration$NoLoadBalancerClientFilter@50fdf44f}, order = 10150], [GatewayFilterAdapter{delegate=org.springframework.cloud.gateway.filter.WebsocketRoutingFilter@364b1061}, order = 2147483646], [GatewayFilterAdapter{delegate=org.springframework.cloud.gateway.filter.NettyRoutingFilter@f613067}, order = 2147483647], [GatewayFilterAdapter{delegate=org.springframework.cloud.gateway.filter.ForwardRoutingFilter@74667e6a}, order = 2147483647]]
[JwtUtil] Extracted Claims: {userId=10, email=admin@inventory.com, role=ADMIN, iat=1756879264, exp=1756965664}
[JwtUtil] Extracted Claims: {userId=10, email=admin@inventory.com, role=ADMIN, iat=1756879264, exp=1756965664}
[JwtUtil] Extracted Username: null
[JwtUtil] Extracted Claims: {userId=10, email=admin@inventory.com, role=ADMIN, iat=1756879264, exp=1756965664}
[JwtUtil] Extracted UserId: 10
[JwtUtil] Extracted Claims: {userId=10, email=admin@inventory.com, role=ADMIN, iat=1756879264, exp=1756965664}
[JwtUtil] Extracted Role: ADMIN
[JwtUtil] Extracted Claims: {userId=10, email=admin@inventory.com, role=ADMIN, iat=1756879264, exp=1756965664}
[JwtUtil] Extracted Email: admin@inventory.com
WARNING: A restricted method in java.lang.System has been called
WARNING: java.lang.System::loadLibrary has been called by io.netty.util.internal.NativeLibraryUtil in an unnamed module (file:/Users/gayathriharshila/.m2/repository/io/netty/netty-common/4.1.123.Final/netty-common-4.1.123.Final.jar)
WARNING: Use --enable-native-access=ALL-UNNAMED to avoid a warning for callers in this module
WARNING: Restricted methods will be blocked in a future release unless native access is enabled

2025-09-03T11:35:48.085+05:30 ERROR 33463 --- [ApiGateway] [     parallel-1] i.n.r.d.DnsServerAddressStreamProviders  : Unable to load io.netty.resolver.dns.macos.MacOSDnsServerAddressStreamProvider, fallback to system defaults. This may result in incorrect DNS resolutions on MacOS. Check whether you have a dependency on 'io.netty:netty-resolver-dns-native-macos'. Use DEBUG level to see the full stack: java.lang.UnsatisfiedLinkError: failed to load the required native library
2025-09-03T11:36:33.547+05:30 DEBUG 33463 --- [ApiGateway] [     parallel-2] o.s.c.g.h.RoutePredicateHandlerMapping   : Route matched: user-service-auth
2025-09-03T11:36:33.548+05:30 DEBUG 33463 --- [ApiGateway] [     parallel-2] o.s.c.g.h.RoutePredicateHandlerMapping   : Mapping [Exchange: POST http://localhost:8090/api/auth/login] to Route{id='user-service-auth', uri=http://localhost:8080, order=0, predicate=Paths: [/api/auth/**], match trailing slash: true, gatewayFilters=[[[AddRequestHeader X-Gateway = 'API-Gateway'], order = 0]], metadata={}}
2025-09-03T11:36:33.549+05:30 DEBUG 33463 --- [ApiGateway] [     parallel-2] o.s.c.g.h.RoutePredicateHandlerMapping   : [4a887058-2] Mapped to org.springframework.cloud.gateway.handler.FilteringWebHandler@19da993b
2025-09-03T11:36:33.549+05:30 DEBUG 33463 --- [ApiGateway] [     parallel-2] o.s.c.g.handler.FilteringWebHandler      : Sorted gatewayFilterFactories: [[GatewayFilterAdapter{delegate=org.springframework.cloud.gateway.filter.RemoveCachedBodyFilter@226de93c}, order = -2147483648], [GatewayFilterAdapter{delegate=org.springframework.cloud.gateway.filter.AdaptCachedBodyGlobalFilter@1f71194d}, order = -2147482648], [GatewayFilterAdapter{delegate=org.springframework.cloud.gateway.filter.NettyWriteResponseFilter@c1e14f}, order = -1], [GatewayFilterAdapter{delegate=org.springframework.cloud.gateway.filter.ForwardPathFilter@7b222230}, order = 0], [[AddRequestHeader X-Gateway = 'API-Gateway'], order = 0], [GatewayFilterAdapter{delegate=org.springframework.cloud.gateway.filter.RouteToRequestUrlFilter@72028a45}, order = 10000], [GatewayFilterAdapter{delegate=org.springframework.cloud.gateway.config.GatewayNoLoadBalancerClientAutoConfiguration$NoLoadBalancerClientFilter@50fdf44f}, order = 10150], [GatewayFilterAdapter{delegate=org.springframework.cloud.gateway.filter.WebsocketRoutingFilter@364b1061}, order = 2147483646], [GatewayFilterAdapter{delegate=org.springframework.cloud.gateway.filter.NettyRoutingFilter@f613067}, order = 2147483647], [GatewayFilterAdapter{delegate=org.springframework.cloud.gateway.filter.ForwardRoutingFilter@74667e6a}, order = 2147483647]]
2025-09-03T11:36:35.166+05:30 DEBUG 33463 --- [ApiGateway] [     parallel-3] o.s.c.g.h.RoutePredicateHandlerMapping   : Route matched: user-service-secure
2025-09-03T11:36:35.166+05:30 DEBUG 33463 --- [ApiGateway] [     parallel-3] o.s.c.g.h.RoutePredicateHandlerMapping   : Mapping [Exchange: GET http://localhost:8090/api/secure/user/current] to Route{id='user-service-secure', uri=http://localhost:8080, order=0, predicate=Paths: [/api/secure/**], match trailing slash: true, gatewayFilters=[[com.ApiGateway.ApiGateway.filter.JwtAuthenticationFilter@470ab918, order = 0]], metadata={}}
2025-09-03T11:36:35.166+05:30 DEBUG 33463 --- [ApiGateway] [     parallel-3] o.s.c.g.h.RoutePredicateHandlerMapping   : [4a887058-3] Mapped to org.springframework.cloud.gateway.handler.FilteringWebHandler@19da993b
2025-09-03T11:36:35.166+05:30 DEBUG 33463 --- [ApiGateway] [     parallel-3] o.s.c.g.handler.FilteringWebHandler      : Sorted gatewayFilterFactories: [[GatewayFilterAdapter{delegate=org.springframework.cloud.gateway.filter.RemoveCachedBodyFilter@226de93c}, order = -2147483648], [GatewayFilterAdapter{delegate=org.springframework.cloud.gateway.filter.AdaptCachedBodyGlobalFilter@1f71194d}, order = -2147482648], [GatewayFilterAdapter{delegate=org.springframework.cloud.gateway.filter.NettyWriteResponseFilter@c1e14f}, order = -1], [GatewayFilterAdapter{delegate=org.springframework.cloud.gateway.filter.ForwardPathFilter@7b222230}, order = 0], [com.ApiGateway.ApiGateway.filter.JwtAuthenticationFilter@470ab918, order = 0], [GatewayFilterAdapter{delegate=org.springframework.cloud.gateway.filter.RouteToRequestUrlFilter@72028a45}, order = 10000], [GatewayFilterAdapter{delegate=org.springframework.cloud.gateway.config.GatewayNoLoadBalancerClientAutoConfiguration$NoLoadBalancerClientFilter@50fdf44f}, order = 10150], [GatewayFilterAdapter{delegate=org.springframework.cloud.gateway.filter.WebsocketRoutingFilter@364b1061}, order = 2147483646], [GatewayFilterAdapter{delegate=org.springframework.cloud.gateway.filter.NettyRoutingFilter@f613067}, order = 2147483647], [GatewayFilterAdapter{delegate=org.springframework.cloud.gateway.filter.ForwardRoutingFilter@74667e6a}, order = 2147483647]]
[JwtUtil] Extracted Claims: {userId=13, email=storekeeper@example.com, role=Store Keeper, iat=1756879593, exp=1756965993}
[JwtUtil] Extracted Claims: {userId=13, email=storekeeper@example.com, role=Store Keeper, iat=1756879593, exp=1756965993}
[JwtUtil] Extracted Username: null
[JwtUtil] Extracted Claims: {userId=13, email=storekeeper@example.com, role=Store Keeper, iat=1756879593, exp=1756965993}
[JwtUtil] Extracted UserId: 13
[JwtUtil] Extracted Claims: {userId=13, email=storekeeper@example.com, role=Store Keeper, iat=1756879593, exp=1756965993}
[JwtUtil] Extracted Role: Store Keeper
[JwtUtil] Extracted Claims: {userId=13, email=storekeeper@example.com, role=Store Keeper, iat=1756879593, exp=1756965993}
[JwtUtil] Extracted Email: storekeeper@example.com
2025-09-03T11:36:35.216+05:30 DEBUG 33463 --- [ApiGateway] [     parallel-4] o.s.c.g.h.RoutePredicateHandlerMapping   : Route matched: user-service-secure
2025-09-03T11:36:35.216+05:30 DEBUG 33463 --- [ApiGateway] [     parallel-4] o.s.c.g.h.RoutePredicateHandlerMapping   : Mapping [Exchange: GET http://localhost:8090/api/secure/user/current] to Route{id='user-service-secure', uri=http://localhost:8080, order=0, predicate=Paths: [/api/secure/**], match trailing slash: true, gatewayFilters=[[com.ApiGateway.ApiGateway.filter.JwtAuthenticationFilter@470ab918, order = 0]], metadata={}}
2025-09-03T11:36:35.216+05:30 DEBUG 33463 --- [ApiGateway] [     parallel-4] o.s.c.g.h.RoutePredicateHandlerMapping   : [4a887058-4] Mapped to org.springframework.cloud.gateway.handler.FilteringWebHandler@19da993b
2025-09-03T11:36:35.216+05:30 DEBUG 33463 --- [ApiGateway] [     parallel-4] o.s.c.g.handler.FilteringWebHandler      : Sorted gatewayFilterFactories: [[GatewayFilterAdapter{delegate=org.springframework.cloud.gateway.filter.RemoveCachedBodyFilter@226de93c}, order = -2147483648], [GatewayFilterAdapter{delegate=org.springframework.cloud.gateway.filter.AdaptCachedBodyGlobalFilter@1f71194d}, order = -2147482648], [GatewayFilterAdapter{delegate=org.springframework.cloud.gateway.filter.NettyWriteResponseFilter@c1e14f}, order = -1], [GatewayFilterAdapter{delegate=org.springframework.cloud.gateway.filter.ForwardPathFilter@7b222230}, order = 0], [com.ApiGateway.ApiGateway.filter.JwtAuthenticationFilter@470ab918, order = 0], [GatewayFilterAdapter{delegate=org.springframework.cloud.gateway.filter.RouteToRequestUrlFilter@72028a45}, order = 10000], [GatewayFilterAdapter{delegate=org.springframework.cloud.gateway.config.GatewayNoLoadBalancerClientAutoConfiguration$NoLoadBalancerClientFilter@50fdf44f}, order = 10150], [GatewayFilterAdapter{delegate=org.springframework.cloud.gateway.filter.WebsocketRoutingFilter@364b1061}, order = 2147483646], [GatewayFilterAdapter{delegate=org.springframework.cloud.gateway.filter.NettyRoutingFilter@f613067}, order = 2147483647], [GatewayFilterAdapter{delegate=org.springframework.cloud.gateway.filter.ForwardRoutingFilter@74667e6a}, order = 2147483647]]
[JwtUtil] Extracted Claims: {userId=13, email=storekeeper@example.com, role=Store Keeper, iat=1756879593, exp=1756965993}
[JwtUtil] Extracted Claims: {userId=13, email=storekeeper@example.com, role=Store Keeper, iat=1756879593, exp=1756965993}
[JwtUtil] Extracted Username: null
[JwtUtil] Extracted Claims: {userId=13, email=storekeeper@example.com, role=Store Keeper, iat=1756879593, exp=1756965993}
[JwtUtil] Extracted UserId: 13
[JwtUtil] Extracted Claims: {userId=13, email=storekeeper@example.com, role=Store Keeper, iat=1756879593, exp=1756965993}
[JwtUtil] Extracted Role: Store Keeper
[JwtUtil] Extracted Claims: {userId=13, email=storekeeper@example.com, role=Store Keeper, iat=1756879593, exp=1756965993}
[JwtUtil] Extracted Email: storekeeper@example.com
2025-09-03T11:44:50.024+05:30 DEBUG 33463 --- [ApiGateway] [     parallel-5] o.s.c.g.h.RoutePredicateHandlerMapping   : Route matched: user-service-auth
2025-09-03T11:44:50.026+05:30 DEBUG 33463 --- [ApiGateway] [     parallel-5] o.s.c.g.h.RoutePredicateHandlerMapping   : Mapping [Exchange: POST http://localhost:8090/api/auth/login] to Route{id='user-service-auth', uri=http://localhost:8080, order=0, predicate=Paths: [/api/auth/**], match trailing slash: true, gatewayFilters=[[[AddRequestHeader X-Gateway = 'API-Gateway'], order = 0]], metadata={}}
2025-09-03T11:44:50.026+05:30 DEBUG 33463 --- [ApiGateway] [     parallel-5] o.s.c.g.h.RoutePredicateHandlerMapping   : [fb7825c5-5] Mapped to org.springframework.cloud.gateway.handler.FilteringWebHandler@19da993b
2025-09-03T11:44:50.026+05:30 DEBUG 33463 --- [ApiGateway] [     parallel-5] o.s.c.g.handler.FilteringWebHandler      : Sorted gatewayFilterFactories: [[GatewayFilterAdapter{delegate=org.springframework.cloud.gateway.filter.RemoveCachedBodyFilter@226de93c}, order = -2147483648], [GatewayFilterAdapter{delegate=org.springframework.cloud.gateway.filter.AdaptCachedBodyGlobalFilter@1f71194d}, order = -2147482648], [GatewayFilterAdapter{delegate=org.springframework.cloud.gateway.filter.NettyWriteResponseFilter@c1e14f}, order = -1], [GatewayFilterAdapter{delegate=org.springframework.cloud.gateway.filter.ForwardPathFilter@7b222230}, order = 0], [[AddRequestHeader X-Gateway = 'API-Gateway'], order = 0], [GatewayFilterAdapter{delegate=org.springframework.cloud.gateway.filter.RouteToRequestUrlFilter@72028a45}, order = 10000], [GatewayFilterAdapter{delegate=org.springframework.cloud.gateway.config.GatewayNoLoadBalancerClientAutoConfiguration$NoLoadBalancerClientFilter@50fdf44f}, order = 10150], [GatewayFilterAdapter{delegate=org.springframework.cloud.gateway.filter.WebsocketRoutingFilter@364b1061}, order = 2147483646], [GatewayFilterAdapter{delegate=org.springframework.cloud.gateway.filter.NettyRoutingFilter@f613067}, order = 2147483647], [GatewayFilterAdapter{delegate=org.springframework.cloud.gateway.filter.ForwardRoutingFilter@74667e6a}, order = 2147483647]]
2025-09-03T11:44:54.750+05:30 DEBUG 33463 --- [ApiGateway] [     parallel-6] o.s.c.g.h.RoutePredicateHandlerMapping   : Route matched: user-service-auth
2025-09-03T11:44:54.750+05:30 DEBUG 33463 --- [ApiGateway] [     parallel-6] o.s.c.g.h.RoutePredicateHandlerMapping   : Mapping [Exchange: POST http://localhost:8090/api/auth/login] to Route{id='user-service-auth', uri=http://localhost:8080, order=0, predicate=Paths: [/api/auth/**], match trailing slash: true, gatewayFilters=[[[AddRequestHeader X-Gateway = 'API-Gateway'], order = 0]], metadata={}}
2025-09-03T11:44:54.750+05:30 DEBUG 33463 --- [ApiGateway] [     parallel-6] o.s.c.g.h.RoutePredicateHandlerMapping   : [fb7825c5-6] Mapped to org.springframework.cloud.gateway.handler.FilteringWebHandler@19da993b
2025-09-03T11:44:54.751+05:30 DEBUG 33463 --- [ApiGateway] [     parallel-6] o.s.c.g.handler.FilteringWebHandler      : Sorted gatewayFilterFactories: [[GatewayFilterAdapter{delegate=org.springframework.cloud.gateway.filter.RemoveCachedBodyFilter@226de93c}, order = -2147483648], [GatewayFilterAdapter{delegate=org.springframework.cloud.gateway.filter.AdaptCachedBodyGlobalFilter@1f71194d}, order = -2147482648], [GatewayFilterAdapter{delegate=org.springframework.cloud.gateway.filter.NettyWriteResponseFilter@c1e14f}, order = -1], [GatewayFilterAdapter{delegate=org.springframework.cloud.gateway.filter.ForwardPathFilter@7b222230}, order = 0], [[AddRequestHeader X-Gateway = 'API-Gateway'], order = 0], [GatewayFilterAdapter{delegate=org.springframework.cloud.gateway.filter.RouteToRequestUrlFilter@72028a45}, order = 10000], [GatewayFilterAdapter{delegate=org.springframework.cloud.gateway.config.GatewayNoLoadBalancerClientAutoConfiguration$NoLoadBalancerClientFilter@50fdf44f}, order = 10150], [GatewayFilterAdapter{delegate=org.springframework.cloud.gateway.filter.WebsocketRoutingFilter@364b1061}, order = 2147483646], [GatewayFilterAdapter{delegate=org.springframework.cloud.gateway.filter.NettyRoutingFilter@f613067}, order = 2147483647], [GatewayFilterAdapter{delegate=org.springframework.cloud.gateway.filter.ForwardRoutingFilter@74667e6a}, order = 2147483647]]
2025-09-03T11:44:55.200+05:30 DEBUG 33463 --- [ApiGateway] [     parallel-7] o.s.c.g.h.RoutePredicateHandlerMapping   : Route matched: user-service-secure
2025-09-03T11:44:55.200+05:30 DEBUG 33463 --- [ApiGateway] [     parallel-7] o.s.c.g.h.RoutePredicateHandlerMapping   : Mapping [Exchange: GET http://localhost:8090/api/secure/user/current] to Route{id='user-service-secure', uri=http://localhost:8080, order=0, predicate=Paths: [/api/secure/**], match trailing slash: true, gatewayFilters=[[com.ApiGateway.ApiGateway.filter.JwtAuthenticationFilter@470ab918, order = 0]], metadata={}}
2025-09-03T11:44:55.200+05:30 DEBUG 33463 --- [ApiGateway] [     parallel-7] o.s.c.g.h.RoutePredicateHandlerMapping   : [fb7825c5-7] Mapped to org.springframework.cloud.gateway.handler.FilteringWebHandler@19da993b
2025-09-03T11:44:55.200+05:30 DEBUG 33463 --- [ApiGateway] [     parallel-7] o.s.c.g.handler.FilteringWebHandler      : Sorted gatewayFilterFactories: [[GatewayFilterAdapter{delegate=org.springframework.cloud.gateway.filter.RemoveCachedBodyFilter@226de93c}, order = -2147483648], [GatewayFilterAdapter{delegate=org.springframework.cloud.gateway.filter.AdaptCachedBodyGlobalFilter@1f71194d}, order = -2147482648], [GatewayFilterAdapter{delegate=org.springframework.cloud.gateway.filter.NettyWriteResponseFilter@c1e14f}, order = -1], [GatewayFilterAdapter{delegate=org.springframework.cloud.gateway.filter.ForwardPathFilter@7b222230}, order = 0], [com.ApiGateway.ApiGateway.filter.JwtAuthenticationFilter@470ab918, order = 0], [GatewayFilterAdapter{delegate=org.springframework.cloud.gateway.filter.RouteToRequestUrlFilter@72028a45}, order = 10000], [GatewayFilterAdapter{delegate=org.springframework.cloud.gateway.config.GatewayNoLoadBalancerClientAutoConfiguration$NoLoadBalancerClientFilter@50fdf44f}, order = 10150], [GatewayFilterAdapter{delegate=org.springframework.cloud.gateway.filter.WebsocketRoutingFilter@364b1061}, order = 2147483646], [GatewayFilterAdapter{delegate=org.springframework.cloud.gateway.filter.NettyRoutingFilter@f613067}, order = 2147483647], [GatewayFilterAdapter{delegate=org.springframework.cloud.gateway.filter.ForwardRoutingFilter@74667e6a}, order = 2147483647]]
[JwtUtil] Extracted Claims: {userId=9, email=gayathriharshila@gmail.com, role=Store Keeper, iat=1756880095, exp=1756966495}
[JwtUtil] Extracted Claims: {userId=9, email=gayathriharshila@gmail.com, role=Store Keeper, iat=1756880095, exp=1756966495}
[JwtUtil] Extracted Username: null
[JwtUtil] Extracted Claims: {userId=9, email=gayathriharshila@gmail.com, role=Store Keeper, iat=1756880095, exp=1756966495}
[JwtUtil] Extracted UserId: 9
[JwtUtil] Extracted Claims: {userId=9, email=gayathriharshila@gmail.com, role=Store Keeper, iat=1756880095, exp=1756966495}
[JwtUtil] Extracted Role: Store Keeper
[JwtUtil] Extracted Claims: {userId=9, email=gayathriharshila@gmail.com, role=Store Keeper, iat=1756880095, exp=1756966495}
[JwtUtil] Extracted Email: gayathriharshila@gmail.com
2025-09-03T11:45:34.886+05:30 DEBUG 33463 --- [ApiGateway] [     parallel-8] o.s.c.g.h.RoutePredicateHandlerMapping   : Route matched: user-service-auth
2025-09-03T11:45:34.888+05:30 DEBUG 33463 --- [ApiGateway] [     parallel-8] o.s.c.g.h.RoutePredicateHandlerMapping   : Mapping [Exchange: POST http://localhost:8090/api/auth/login] to Route{id='user-service-auth', uri=http://localhost:8080, order=0, predicate=Paths: [/api/auth/**], match trailing slash: true, gatewayFilters=[[[AddRequestHeader X-Gateway = 'API-Gateway'], order = 0]], metadata={}}
2025-09-03T11:45:34.888+05:30 DEBUG 33463 --- [ApiGateway] [     parallel-8] o.s.c.g.h.RoutePredicateHandlerMapping   : [fb7825c5-8] Mapped to org.springframework.cloud.gateway.handler.FilteringWebHandler@19da993b
2025-09-03T11:45:34.889+05:30 DEBUG 33463 --- [ApiGateway] [     parallel-8] o.s.c.g.handler.FilteringWebHandler      : Sorted gatewayFilterFactories: [[GatewayFilterAdapter{delegate=org.springframework.cloud.gateway.filter.RemoveCachedBodyFilter@226de93c}, order = -2147483648], [GatewayFilterAdapter{delegate=org.springframework.cloud.gateway.filter.AdaptCachedBodyGlobalFilter@1f71194d}, order = -2147482648], [GatewayFilterAdapter{delegate=org.springframework.cloud.gateway.filter.NettyWriteResponseFilter@c1e14f}, order = -1], [GatewayFilterAdapter{delegate=org.springframework.cloud.gateway.filter.ForwardPathFilter@7b222230}, order = 0], [[AddRequestHeader X-Gateway = 'API-Gateway'], order = 0], [GatewayFilterAdapter{delegate=org.springframework.cloud.gateway.filter.RouteToRequestUrlFilter@72028a45}, order = 10000], [GatewayFilterAdapter{delegate=org.springframework.cloud.gateway.config.GatewayNoLoadBalancerClientAutoConfiguration$NoLoadBalancerClientFilter@50fdf44f}, order = 10150], [GatewayFilterAdapter{delegate=org.springframework.cloud.gateway.filter.WebsocketRoutingFilter@364b1061}, order = 2147483646], [GatewayFilterAdapter{delegate=org.springframework.cloud.gateway.filter.NettyRoutingFilter@f613067}, order = 2147483647], [GatewayFilterAdapter{delegate=org.springframework.cloud.gateway.filter.ForwardRoutingFilter@74667e6a}, order = 2147483647]]
2025-09-03T11:45:35.298+05:30 DEBUG 33463 --- [ApiGateway] [     parallel-1] o.s.c.g.h.RoutePredicateHandlerMapping   : Route matched: user-service-secure
2025-09-03T11:45:35.298+05:30 DEBUG 33463 --- [ApiGateway] [     parallel-1] o.s.c.g.h.RoutePredicateHandlerMapping   : Mapping [Exchange: GET http://localhost:8090/api/secure/user/current] to Route{id='user-service-secure', uri=http://localhost:8080, order=0, predicate=Paths: [/api/secure/**], match trailing slash: true, gatewayFilters=[[com.ApiGateway.ApiGateway.filter.JwtAuthenticationFilter@470ab918, order = 0]], metadata={}}
2025-09-03T11:45:35.298+05:30 DEBUG 33463 --- [ApiGateway] [     parallel-1] o.s.c.g.h.RoutePredicateHandlerMapping   : [fb7825c5-9] Mapped to org.springframework.cloud.gateway.handler.FilteringWebHandler@19da993b
2025-09-03T11:45:35.299+05:30 DEBUG 33463 --- [ApiGateway] [     parallel-1] o.s.c.g.handler.FilteringWebHandler      : Sorted gatewayFilterFactories: [[GatewayFilterAdapter{delegate=org.springframework.cloud.gateway.filter.RemoveCachedBodyFilter@226de93c}, order = -2147483648], [GatewayFilterAdapter{delegate=org.springframework.cloud.gateway.filter.AdaptCachedBodyGlobalFilter@1f71194d}, order = -2147482648], [GatewayFilterAdapter{delegate=org.springframework.cloud.gateway.filter.NettyWriteResponseFilter@c1e14f}, order = -1], [GatewayFilterAdapter{delegate=org.springframework.cloud.gateway.filter.ForwardPathFilter@7b222230}, order = 0], [com.ApiGateway.ApiGateway.filter.JwtAuthenticationFilter@470ab918, order = 0], [GatewayFilterAdapter{delegate=org.springframework.cloud.gateway.filter.RouteToRequestUrlFilter@72028a45}, order = 10000], [GatewayFilterAdapter{delegate=org.springframework.cloud.gateway.config.GatewayNoLoadBalancerClientAutoConfiguration$NoLoadBalancerClientFilter@50fdf44f}, order = 10150], [GatewayFilterAdapter{delegate=org.springframework.cloud.gateway.filter.WebsocketRoutingFilter@364b1061}, order = 2147483646], [GatewayFilterAdapter{delegate=org.springframework.cloud.gateway.filter.NettyRoutingFilter@f613067}, order = 2147483647], [GatewayFilterAdapter{delegate=org.springframework.cloud.gateway.filter.ForwardRoutingFilter@74667e6a}, order = 2147483647]]
[JwtUtil] Extracted Claims: {userId=10, email=admin@inventory.com, role=ADMIN, iat=1756880135, exp=1756966535}
[JwtUtil] Extracted Claims: {userId=10, email=admin@inventory.com, role=ADMIN, iat=1756880135, exp=1756966535}
[JwtUtil] Extracted Username: null
[JwtUtil] Extracted Claims: {userId=10, email=admin@inventory.com, role=ADMIN, iat=1756880135, exp=1756966535}
[JwtUtil] Extracted UserId: 10
[JwtUtil] Extracted Claims: {userId=10, email=admin@inventory.com, role=ADMIN, iat=1756880135, exp=1756966535}
[JwtUtil] Extracted Role: ADMIN
[JwtUtil] Extracted Claims: {userId=10, email=admin@inventory.com, role=ADMIN, iat=1756880135, exp=1756966535}
[JwtUtil] Extracted Email: admin@inventory.com
2025-09-03T11:48:00.925+05:30 DEBUG 33463 --- [ApiGateway] [     parallel-2] o.s.c.g.h.RoutePredicateHandlerMapping   : Route matched: user-service-auth
2025-09-03T11:48:00.925+05:30 DEBUG 33463 --- [ApiGateway] [     parallel-2] o.s.c.g.h.RoutePredicateHandlerMapping   : Mapping [Exchange: POST http://localhost:8090/api/auth/login] to Route{id='user-service-auth', uri=http://localhost:8080, order=0, predicate=Paths: [/api/auth/**], match trailing slash: true, gatewayFilters=[[[AddRequestHeader X-Gateway = 'API-Gateway'], order = 0]], metadata={}}
2025-09-03T11:48:00.925+05:30 DEBUG 33463 --- [ApiGateway] [     parallel-2] o.s.c.g.h.RoutePredicateHandlerMapping   : [760335bd-10] Mapped to org.springframework.cloud.gateway.handler.FilteringWebHandler@19da993b
2025-09-03T11:48:00.925+05:30 DEBUG 33463 --- [ApiGateway] [     parallel-2] o.s.c.g.handler.FilteringWebHandler      : Sorted gatewayFilterFactories: [[GatewayFilterAdapter{delegate=org.springframework.cloud.gateway.filter.RemoveCachedBodyFilter@226de93c}, order = -2147483648], [GatewayFilterAdapter{delegate=org.springframework.cloud.gateway.filter.AdaptCachedBodyGlobalFilter@1f71194d}, order = -2147482648], [GatewayFilterAdapter{delegate=org.springframework.cloud.gateway.filter.NettyWriteResponseFilter@c1e14f}, order = -1], [GatewayFilterAdapter{delegate=org.springframework.cloud.gateway.filter.ForwardPathFilter@7b222230}, order = 0], [[AddRequestHeader X-Gateway = 'API-Gateway'], order = 0], [GatewayFilterAdapter{delegate=org.springframework.cloud.gateway.filter.RouteToRequestUrlFilter@72028a45}, order = 10000], [GatewayFilterAdapter{delegate=org.springframework.cloud.gateway.config.GatewayNoLoadBalancerClientAutoConfiguration$NoLoadBalancerClientFilter@50fdf44f}, order = 10150], [GatewayFilterAdapter{delegate=org.springframework.cloud.gateway.filter.WebsocketRoutingFilter@364b1061}, order = 2147483646], [GatewayFilterAdapter{delegate=org.springframework.cloud.gateway.filter.NettyRoutingFilter@f613067}, order = 2147483647], [GatewayFilterAdapter{delegate=org.springframework.cloud.gateway.filter.ForwardRoutingFilter@74667e6a}, order = 2147483647]]
2025-09-03T11:48:49.695+05:30 DEBUG 33463 --- [ApiGateway] [     parallel-3] o.s.c.g.h.RoutePredicateHandlerMapping   : Route matched: user-service-auth
2025-09-03T11:48:49.696+05:30 DEBUG 33463 --- [ApiGateway] [     parallel-3] o.s.c.g.h.RoutePredicateHandlerMapping   : Mapping [Exchange: POST http://localhost:8090/api/auth/login] to Route{id='user-service-auth', uri=http://localhost:8080, order=0, predicate=Paths: [/api/auth/**], match trailing slash: true, gatewayFilters=[[[AddRequestHeader X-Gateway = 'API-Gateway'], order = 0]], metadata={}}
2025-09-03T11:48:49.696+05:30 DEBUG 33463 --- [ApiGateway] [     parallel-3] o.s.c.g.h.RoutePredicateHandlerMapping   : [b316a96d-12] Mapped to org.springframework.cloud.gateway.handler.FilteringWebHandler@19da993b
2025-09-03T11:48:49.696+05:30 DEBUG 33463 --- [ApiGateway] [     parallel-3] o.s.c.g.handler.FilteringWebHandler      : Sorted gatewayFilterFactories: [[GatewayFilterAdapter{delegate=org.springframework.cloud.gateway.filter.RemoveCachedBodyFilter@226de93c}, order = -2147483648], [GatewayFilterAdapter{delegate=org.springframework.cloud.gateway.filter.AdaptCachedBodyGlobalFilter@1f71194d}, order = -2147482648], [GatewayFilterAdapter{delegate=org.springframework.cloud.gateway.filter.NettyWriteResponseFilter@c1e14f}, order = -1], [GatewayFilterAdapter{delegate=org.springframework.cloud.gateway.filter.ForwardPathFilter@7b222230}, order = 0], [[AddRequestHeader X-Gateway = 'API-Gateway'], order = 0], [GatewayFilterAdapter{delegate=org.springframework.cloud.gateway.filter.RouteToRequestUrlFilter@72028a45}, order = 10000], [GatewayFilterAdapter{delegate=org.springframework.cloud.gateway.config.GatewayNoLoadBalancerClientAutoConfiguration$NoLoadBalancerClientFilter@50fdf44f}, order = 10150], [GatewayFilterAdapter{delegate=org.springframework.cloud.gateway.filter.WebsocketRoutingFilter@364b1061}, order = 2147483646], [GatewayFilterAdapter{delegate=org.springframework.cloud.gateway.filter.NettyRoutingFilter@f613067}, order = 2147483647], [GatewayFilterAdapter{delegate=org.springframework.cloud.gateway.filter.ForwardRoutingFilter@74667e6a}, order = 2147483647]]
2025-09-03T11:49:53.757+05:30 DEBUG 33463 --- [ApiGateway] [     parallel-4] o.s.c.g.h.RoutePredicateHandlerMapping   : Route matched: user-service-secure
2025-09-03T11:49:53.758+05:30 DEBUG 33463 --- [ApiGateway] [     parallel-4] o.s.c.g.h.RoutePredicateHandlerMapping   : Mapping [Exchange: GET http://localhost:8090/api/secure/user/current] to Route{id='user-service-secure', uri=http://localhost:8080, order=0, predicate=Paths: [/api/secure/**], match trailing slash: true, gatewayFilters=[[com.ApiGateway.ApiGateway.filter.JwtAuthenticationFilter@470ab918, order = 0]], metadata={}}
2025-09-03T11:49:53.759+05:30 DEBUG 33463 --- [ApiGateway] [     parallel-4] o.s.c.g.h.RoutePredicateHandlerMapping   : [1da7c6f1-13] Mapped to org.springframework.cloud.gateway.handler.FilteringWebHandler@19da993b
2025-09-03T11:49:53.759+05:30 DEBUG 33463 --- [ApiGateway] [     parallel-4] o.s.c.g.handler.FilteringWebHandler      : Sorted gatewayFilterFactories: [[GatewayFilterAdapter{delegate=org.springframework.cloud.gateway.filter.RemoveCachedBodyFilter@226de93c}, order = -2147483648], [GatewayFilterAdapter{delegate=org.springframework.cloud.gateway.filter.AdaptCachedBodyGlobalFilter@1f71194d}, order = -2147482648], [GatewayFilterAdapter{delegate=org.springframework.cloud.gateway.filter.NettyWriteResponseFilter@c1e14f}, order = -1], [GatewayFilterAdapter{delegate=org.springframework.cloud.gateway.filter.ForwardPathFilter@7b222230}, order = 0], [com.ApiGateway.ApiGateway.filter.JwtAuthenticationFilter@470ab918, order = 0], [GatewayFilterAdapter{delegate=org.springframework.cloud.gateway.filter.RouteToRequestUrlFilter@72028a45}, order = 10000], [GatewayFilterAdapter{delegate=org.springframework.cloud.gateway.config.GatewayNoLoadBalancerClientAutoConfiguration$NoLoadBalancerClientFilter@50fdf44f}, order = 10150], [GatewayFilterAdapter{delegate=org.springframework.cloud.gateway.filter.WebsocketRoutingFilter@364b1061}, order = 2147483646], [GatewayFilterAdapter{delegate=org.springframework.cloud.gateway.filter.NettyRoutingFilter@f613067}, order = 2147483647], [GatewayFilterAdapter{delegate=org.springframework.cloud.gateway.filter.ForwardRoutingFilter@74667e6a}, order = 2147483647]]
[JwtUtil] Extracted Claims: {userId=10, email=admin@inventory.com, role=ADMIN, iat=1756880329, exp=1756966729}
[JwtUtil] Extracted Claims: {userId=10, email=admin@inventory.com, role=ADMIN, iat=1756880329, exp=1756966729}
[JwtUtil] Extracted Username: null
[JwtUtil] Extracted Claims: {userId=10, email=admin@inventory.com, role=ADMIN, iat=1756880329, exp=1756966729}
[JwtUtil] Extracted UserId: 10
[JwtUtil] Extracted Claims: {userId=10, email=admin@inventory.com, role=ADMIN, iat=1756880329, exp=1756966729}
[JwtUtil] Extracted Role: ADMIN
[JwtUtil] Extracted Claims: {userId=10, email=admin@inventory.com, role=ADMIN, iat=1756880329, exp=1756966729}
[JwtUtil] Extracted Email: admin@inventory.com
2025-09-03T11:49:57.221+05:30 DEBUG 33463 --- [ApiGateway] [     parallel-5] o.s.c.g.h.RoutePredicateHandlerMapping   : Route matched: user-service-auth
2025-09-03T11:49:57.222+05:30 DEBUG 33463 --- [ApiGateway] [     parallel-5] o.s.c.g.h.RoutePredicateHandlerMapping   : Mapping [Exchange: POST http://localhost:8090/api/auth/login] to Route{id='user-service-auth', uri=http://localhost:8080, order=0, predicate=Paths: [/api/auth/**], match trailing slash: true, gatewayFilters=[[[AddRequestHeader X-Gateway = 'API-Gateway'], order = 0]], metadata={}}
2025-09-03T11:49:57.225+05:30 DEBUG 33463 --- [ApiGateway] [     parallel-5] o.s.c.g.h.RoutePredicateHandlerMapping   : [1da7c6f1-14] Mapped to org.springframework.cloud.gateway.handler.FilteringWebHandler@19da993b
2025-09-03T11:49:57.225+05:30 DEBUG 33463 --- [ApiGateway] [     parallel-5] o.s.c.g.handler.FilteringWebHandler      : Sorted gatewayFilterFactories: [[GatewayFilterAdapter{delegate=org.springframework.cloud.gateway.filter.RemoveCachedBodyFilter@226de93c}, order = -2147483648], [GatewayFilterAdapter{delegate=org.springframework.cloud.gateway.filter.AdaptCachedBodyGlobalFilter@1f71194d}, order = -2147482648], [GatewayFilterAdapter{delegate=org.springframework.cloud.gateway.filter.NettyWriteResponseFilter@c1e14f}, order = -1], [GatewayFilterAdapter{delegate=org.springframework.cloud.gateway.filter.ForwardPathFilter@7b222230}, order = 0], [[AddRequestHeader X-Gateway = 'API-Gateway'], order = 0], [GatewayFilterAdapter{delegate=org.springframework.cloud.gateway.filter.RouteToRequestUrlFilter@72028a45}, order = 10000], [GatewayFilterAdapter{delegate=org.springframework.cloud.gateway.config.GatewayNoLoadBalancerClientAutoConfiguration$NoLoadBalancerClientFilter@50fdf44f}, order = 10150], [GatewayFilterAdapter{delegate=org.springframework.cloud.gateway.filter.WebsocketRoutingFilter@364b1061}, order = 2147483646], [GatewayFilterAdapter{delegate=org.springframework.cloud.gateway.filter.NettyRoutingFilter@f613067}, order = 2147483647], [GatewayFilterAdapter{delegate=org.springframework.cloud.gateway.filter.ForwardRoutingFilter@74667e6a}, order = 2147483647]]
2025-09-03T11:50:07.377+05:30 DEBUG 33463 --- [ApiGateway] [     parallel-6] o.s.c.g.h.RoutePredicateHandlerMapping   : Route matched: user-service-secure
2025-09-03T11:50:07.378+05:30 DEBUG 33463 --- [ApiGateway] [     parallel-6] o.s.c.g.h.RoutePredicateHandlerMapping   : Mapping [Exchange: GET http://localhost:8090/api/secure/user/current] to Route{id='user-service-secure', uri=http://localhost:8080, order=0, predicate=Paths: [/api/secure/**], match trailing slash: true, gatewayFilters=[[com.ApiGateway.ApiGateway.filter.JwtAuthenticationFilter@470ab918, order = 0]], metadata={}}
2025-09-03T11:50:07.378+05:30 DEBUG 33463 --- [ApiGateway] [     parallel-6] o.s.c.g.h.RoutePredicateHandlerMapping   : [1da7c6f1-15] Mapped to org.springframework.cloud.gateway.handler.FilteringWebHandler@19da993b
2025-09-03T11:50:07.378+05:30 DEBUG 33463 --- [ApiGateway] [     parallel-6] o.s.c.g.handler.FilteringWebHandler      : Sorted gatewayFilterFactories: [[GatewayFilterAdapter{delegate=org.springframework.cloud.gateway.filter.RemoveCachedBodyFilter@226de93c}, order = -2147483648], [GatewayFilterAdapter{delegate=org.springframework.cloud.gateway.filter.AdaptCachedBodyGlobalFilter@1f71194d}, order = -2147482648], [GatewayFilterAdapter{delegate=org.springframework.cloud.gateway.filter.NettyWriteResponseFilter@c1e14f}, order = -1], [GatewayFilterAdapter{delegate=org.springframework.cloud.gateway.filter.ForwardPathFilter@7b222230}, order = 0], [com.ApiGateway.ApiGateway.filter.JwtAuthenticationFilter@470ab918, order = 0], [GatewayFilterAdapter{delegate=org.springframework.cloud.gateway.filter.RouteToRequestUrlFilter@72028a45}, order = 10000], [GatewayFilterAdapter{delegate=org.springframework.cloud.gateway.config.GatewayNoLoadBalancerClientAutoConfiguration$NoLoadBalancerClientFilter@50fdf44f}, order = 10150], [GatewayFilterAdapter{delegate=org.springframework.cloud.gateway.filter.WebsocketRoutingFilter@364b1061}, order = 2147483646], [GatewayFilterAdapter{delegate=org.springframework.cloud.gateway.filter.NettyRoutingFilter@f613067}, order = 2147483647], [GatewayFilterAdapter{delegate=org.springframework.cloud.gateway.filter.ForwardRoutingFilter@74667e6a}, order = 2147483647]]
[JwtUtil] Extracted Claims: {userId=13, email=storekeeper@example.com, role=Store Keeper, iat=1756880397, exp=1756966797}
[JwtUtil] Extracted Claims: {userId=13, email=storekeeper@example.com, role=Store Keeper, iat=1756880397, exp=1756966797}
[JwtUtil] Extracted Username: null
[JwtUtil] Extracted Claims: {userId=13, email=storekeeper@example.com, role=Store Keeper, iat=1756880397, exp=1756966797}
[JwtUtil] Extracted UserId: 13
[JwtUtil] Extracted Claims: {userId=13, email=storekeeper@example.com, role=Store Keeper, iat=1756880397, exp=1756966797}
[JwtUtil] Extracted Role: Store Keeper
[JwtUtil] Extracted Claims: {userId=13, email=storekeeper@example.com, role=Store Keeper, iat=1756880397, exp=1756966797}
[JwtUtil] Extracted Email: storekeeper@example.com
2025-09-03T11:50:07.395+05:30 DEBUG 33463 --- [ApiGateway] [     parallel-7] o.s.c.g.h.RoutePredicateHandlerMapping   : Route matched: user-service-secure
2025-09-03T11:50:07.395+05:30 DEBUG 33463 --- [ApiGateway] [     parallel-7] o.s.c.g.h.RoutePredicateHandlerMapping   : Mapping [Exchange: GET http://localhost:8090/api/secure/user/current] to Route{id='user-service-secure', uri=http://localhost:8080, order=0, predicate=Paths: [/api/secure/**], match trailing slash: true, gatewayFilters=[[com.ApiGateway.ApiGateway.filter.JwtAuthenticationFilter@470ab918, order = 0]], metadata={}}
2025-09-03T11:50:07.395+05:30 DEBUG 33463 --- [ApiGateway] [     parallel-7] o.s.c.g.h.RoutePredicateHandlerMapping   : [1da7c6f1-16] Mapped to org.springframework.cloud.gateway.handler.FilteringWebHandler@19da993b
2025-09-03T11:50:07.395+05:30 DEBUG 33463 --- [ApiGateway] [     parallel-7] o.s.c.g.handler.FilteringWebHandler      : Sorted gatewayFilterFactories: [[GatewayFilterAdapter{delegate=org.springframework.cloud.gateway.filter.RemoveCachedBodyFilter@226de93c}, order = -2147483648], [GatewayFilterAdapter{delegate=org.springframework.cloud.gateway.filter.AdaptCachedBodyGlobalFilter@1f71194d}, order = -2147482648], [GatewayFilterAdapter{delegate=org.springframework.cloud.gateway.filter.NettyWriteResponseFilter@c1e14f}, order = -1], [GatewayFilterAdapter{delegate=org.springframework.cloud.gateway.filter.ForwardPathFilter@7b222230}, order = 0], [com.ApiGateway.ApiGateway.filter.JwtAuthenticationFilter@470ab918, order = 0], [GatewayFilterAdapter{delegate=org.springframework.cloud.gateway.filter.RouteToRequestUrlFilter@72028a45}, order = 10000], [GatewayFilterAdapter{delegate=org.springframework.cloud.gateway.config.GatewayNoLoadBalancerClientAutoConfiguration$NoLoadBalancerClientFilter@50fdf44f}, order = 10150], [GatewayFilterAdapter{delegate=org.springframework.cloud.gateway.filter.WebsocketRoutingFilter@364b1061}, order = 2147483646], [GatewayFilterAdapter{delegate=org.springframework.cloud.gateway.filter.NettyRoutingFilter@f613067}, order = 2147483647], [GatewayFilterAdapter{delegate=org.springframework.cloud.gateway.filter.ForwardRoutingFilter@74667e6a}, order = 2147483647]]
[JwtUtil] Extracted Claims: {userId=13, email=storekeeper@example.com, role=Store Keeper, iat=1756880397, exp=1756966797}
[JwtUtil] Extracted Claims: {userId=13, email=storekeeper@example.com, role=Store Keeper, iat=1756880397, exp=1756966797}
[JwtUtil] Extracted Username: null
[JwtUtil] Extracted Claims: {userId=13, email=storekeeper@example.com, role=Store Keeper, iat=1756880397, exp=1756966797}
[JwtUtil] Extracted UserId: 13
[JwtUtil] Extracted Claims: {userId=13, email=storekeeper@example.com, role=Store Keeper, iat=1756880397, exp=1756966797}
[JwtUtil] Extracted Role: Store Keeper
[JwtUtil] Extracted Claims: {userId=13, email=storekeeper@example.com, role=Store Keeper, iat=1756880397, exp=1756966797}
[JwtUtil] Extracted Email: storekeeper@example.com
2025-09-03T11:50:34.953+05:30 DEBUG 33463 --- [ApiGateway] [     parallel-8] o.s.c.g.h.RoutePredicateHandlerMapping   : Route matched: user-service-auth
2025-09-03T11:50:34.954+05:30 DEBUG 33463 --- [ApiGateway] [     parallel-8] o.s.c.g.h.RoutePredicateHandlerMapping   : Mapping [Exchange: POST http://localhost:8090/api/auth/login] to Route{id='user-service-auth', uri=http://localhost:8080, order=0, predicate=Paths: [/api/auth/**], match trailing slash: true, gatewayFilters=[[[AddRequestHeader X-Gateway = 'API-Gateway'], order = 0]], metadata={}}
2025-09-03T11:50:34.954+05:30 DEBUG 33463 --- [ApiGateway] [     parallel-8] o.s.c.g.h.RoutePredicateHandlerMapping   : [1da7c6f1-17] Mapped to org.springframework.cloud.gateway.handler.FilteringWebHandler@19da993b
2025-09-03T11:50:34.954+05:30 DEBUG 33463 --- [ApiGateway] [     parallel-8] o.s.c.g.handler.FilteringWebHandler      : Sorted gatewayFilterFactories: [[GatewayFilterAdapter{delegate=org.springframework.cloud.gateway.filter.RemoveCachedBodyFilter@226de93c}, order = -2147483648], [GatewayFilterAdapter{delegate=org.springframework.cloud.gateway.filter.AdaptCachedBodyGlobalFilter@1f71194d}, order = -2147482648], [GatewayFilterAdapter{delegate=org.springframework.cloud.gateway.filter.NettyWriteResponseFilter@c1e14f}, order = -1], [GatewayFilterAdapter{delegate=org.springframework.cloud.gateway.filter.ForwardPathFilter@7b222230}, order = 0], [[AddRequestHeader X-Gateway = 'API-Gateway'], order = 0], [GatewayFilterAdapter{delegate=org.springframework.cloud.gateway.filter.RouteToRequestUrlFilter@72028a45}, order = 10000], [GatewayFilterAdapter{delegate=org.springframework.cloud.gateway.config.GatewayNoLoadBalancerClientAutoConfiguration$NoLoadBalancerClientFilter@50fdf44f}, order = 10150], [GatewayFilterAdapter{delegate=org.springframework.cloud.gateway.filter.WebsocketRoutingFilter@364b1061}, order = 2147483646], [GatewayFilterAdapter{delegate=org.springframework.cloud.gateway.filter.NettyRoutingFilter@f613067}, order = 2147483647], [GatewayFilterAdapter{delegate=org.springframework.cloud.gateway.filter.ForwardRoutingFilter@74667e6a}, order = 2147483647]]
2025-09-03T11:52:40.868+05:30 DEBUG 33463 --- [ApiGateway] [     parallel-1] o.s.c.g.h.RoutePredicateHandlerMapping   : Route matched: user-service-secure
2025-09-03T11:52:40.868+05:30 DEBUG 33463 --- [ApiGateway] [     parallel-1] o.s.c.g.h.RoutePredicateHandlerMapping   : Mapping [Exchange: GET http://localhost:8090/api/secure/user/current] to Route{id='user-service-secure', uri=http://localhost:8080, order=0, predicate=Paths: [/api/secure/**], match trailing slash: true, gatewayFilters=[[com.ApiGateway.ApiGateway.filter.JwtAuthenticationFilter@470ab918, order = 0]], metadata={}}
2025-09-03T11:52:40.868+05:30 DEBUG 33463 --- [ApiGateway] [     parallel-1] o.s.c.g.h.RoutePredicateHandlerMapping   : [1da7c6f1-18] Mapped to org.springframework.cloud.gateway.handler.FilteringWebHandler@19da993b
2025-09-03T11:52:40.871+05:30 DEBUG 33463 --- [ApiGateway] [     parallel-1] o.s.c.g.handler.FilteringWebHandler      : Sorted gatewayFilterFactories: [[GatewayFilterAdapter{delegate=org.springframework.cloud.gateway.filter.RemoveCachedBodyFilter@226de93c}, order = -2147483648], [GatewayFilterAdapter{delegate=org.springframework.cloud.gateway.filter.AdaptCachedBodyGlobalFilter@1f71194d}, order = -2147482648], [GatewayFilterAdapter{delegate=org.springframework.cloud.gateway.filter.NettyWriteResponseFilter@c1e14f}, order = -1], [GatewayFilterAdapter{delegate=org.springframework.cloud.gateway.filter.ForwardPathFilter@7b222230}, order = 0], [com.ApiGateway.ApiGateway.filter.JwtAuthenticationFilter@470ab918, order = 0], [GatewayFilterAdapter{delegate=org.springframework.cloud.gateway.filter.RouteToRequestUrlFilter@72028a45}, order = 10000], [GatewayFilterAdapter{delegate=org.springframework.cloud.gateway.config.GatewayNoLoadBalancerClientAutoConfiguration$NoLoadBalancerClientFilter@50fdf44f}, order = 10150], [GatewayFilterAdapter{delegate=org.springframework.cloud.gateway.filter.WebsocketRoutingFilter@364b1061}, order = 2147483646], [GatewayFilterAdapter{delegate=org.springframework.cloud.gateway.filter.NettyRoutingFilter@f613067}, order = 2147483647], [GatewayFilterAdapter{delegate=org.springframework.cloud.gateway.filter.ForwardRoutingFilter@74667e6a}, order = 2147483647]]
[JwtUtil] Extracted Claims: {userId=10, email=admin@inventory.com, role=ADMIN, iat=1756880435, exp=1756966835}
[JwtUtil] Extracted Claims: {userId=10, email=admin@inventory.com, role=ADMIN, iat=1756880435, exp=1756966835}
[JwtUtil] Extracted Username: null
[JwtUtil] Extracted Claims: {userId=10, email=admin@inventory.com, role=ADMIN, iat=1756880435, exp=1756966835}
[JwtUtil] Extracted UserId: 10
[JwtUtil] Extracted Claims: {userId=10, email=admin@inventory.com, role=ADMIN, iat=1756880435, exp=1756966835}
[JwtUtil] Extracted Role: ADMIN
[JwtUtil] Extracted Claims: {userId=10, email=admin@inventory.com, role=ADMIN, iat=1756880435, exp=1756966835}
[JwtUtil] Extracted Email: admin@inventory.com
2025-09-03T11:52:40.898+05:30 DEBUG 33463 --- [ApiGateway] [     parallel-2] o.s.c.g.h.RoutePredicateHandlerMapping   : Route matched: user-service-secure
2025-09-03T11:52:40.898+05:30 DEBUG 33463 --- [ApiGateway] [     parallel-2] o.s.c.g.h.RoutePredicateHandlerMapping   : Mapping [Exchange: GET http://localhost:8090/api/secure/user/current] to Route{id='user-service-secure', uri=http://localhost:8080, order=0, predicate=Paths: [/api/secure/**], match trailing slash: true, gatewayFilters=[[com.ApiGateway.ApiGateway.filter.JwtAuthenticationFilter@470ab918, order = 0]], metadata={}}
2025-09-03T11:52:40.898+05:30 DEBUG 33463 --- [ApiGateway] [     parallel-2] o.s.c.g.h.RoutePredicateHandlerMapping   : [1da7c6f1-19] Mapped to org.springframework.cloud.gateway.handler.FilteringWebHandler@19da993b
2025-09-03T11:52:40.898+05:30 DEBUG 33463 --- [ApiGateway] [     parallel-2] o.s.c.g.handler.FilteringWebHandler      : Sorted gatewayFilterFactories: [[GatewayFilterAdapter{delegate=org.springframework.cloud.gateway.filter.RemoveCachedBodyFilter@226de93c}, order = -2147483648], [GatewayFilterAdapter{delegate=org.springframework.cloud.gateway.filter.AdaptCachedBodyGlobalFilter@1f71194d}, order = -2147482648], [GatewayFilterAdapter{delegate=org.springframework.cloud.gateway.filter.NettyWriteResponseFilter@c1e14f}, order = -1], [GatewayFilterAdapter{delegate=org.springframework.cloud.gateway.filter.ForwardPathFilter@7b222230}, order = 0], [com.ApiGateway.ApiGateway.filter.JwtAuthenticationFilter@470ab918, order = 0], [GatewayFilterAdapter{delegate=org.springframework.cloud.gateway.filter.RouteToRequestUrlFilter@72028a45}, order = 10000], [GatewayFilterAdapter{delegate=org.springframework.cloud.gateway.config.GatewayNoLoadBalancerClientAutoConfiguration$NoLoadBalancerClientFilter@50fdf44f}, order = 10150], [GatewayFilterAdapter{delegate=org.springframework.cloud.gateway.filter.WebsocketRoutingFilter@364b1061}, order = 2147483646], [GatewayFilterAdapter{delegate=org.springframework.cloud.gateway.filter.NettyRoutingFilter@f613067}, order = 2147483647], [GatewayFilterAdapter{delegate=org.springframework.cloud.gateway.filter.ForwardRoutingFilter@74667e6a}, order = 2147483647]]
[JwtUtil] Extracted Claims: {userId=10, email=admin@inventory.com, role=ADMIN, iat=1756880435, exp=1756966835}
[JwtUtil] Extracted Claims: {userId=10, email=admin@inventory.com, role=ADMIN, iat=1756880435, exp=1756966835}
[JwtUtil] Extracted Username: null
[JwtUtil] Extracted Claims: {userId=10, email=admin@inventory.com, role=ADMIN, iat=1756880435, exp=1756966835}
[JwtUtil] Extracted UserId: 10
[JwtUtil] Extracted Claims: {userId=10, email=admin@inventory.com, role=ADMIN, iat=1756880435, exp=1756966835}
[JwtUtil] Extracted Role: ADMIN
[JwtUtil] Extracted Claims: {userId=10, email=admin@inventory.com, role=ADMIN, iat=1756880435, exp=1756966835}
[JwtUtil] Extracted Email: admin@inventory.com
2025-09-03T11:54:30.298+05:30 DEBUG 33463 --- [ApiGateway] [     parallel-3] o.s.c.g.h.RoutePredicateHandlerMapping   : Route matched: user-service-secure
2025-09-03T11:54:30.298+05:30 DEBUG 33463 --- [ApiGateway] [     parallel-3] o.s.c.g.h.RoutePredicateHandlerMapping   : Mapping [Exchange: GET http://localhost:8090/api/secure/user/current] to Route{id='user-service-secure', uri=http://localhost:8080, order=0, predicate=Paths: [/api/secure/**], match trailing slash: true, gatewayFilters=[[com.ApiGateway.ApiGateway.filter.JwtAuthenticationFilter@470ab918, order = 0]], metadata={}}
2025-09-03T11:54:30.298+05:30 DEBUG 33463 --- [ApiGateway] [     parallel-3] o.s.c.g.h.RoutePredicateHandlerMapping   : [f06ab81e-20] Mapped to org.springframework.cloud.gateway.handler.FilteringWebHandler@19da993b
2025-09-03T11:54:30.298+05:30 DEBUG 33463 --- [ApiGateway] [     parallel-3] o.s.c.g.handler.FilteringWebHandler      : Sorted gatewayFilterFactories: [[GatewayFilterAdapter{delegate=org.springframework.cloud.gateway.filter.RemoveCachedBodyFilter@226de93c}, order = -2147483648], [GatewayFilterAdapter{delegate=org.springframework.cloud.gateway.filter.AdaptCachedBodyGlobalFilter@1f71194d}, order = -2147482648], [GatewayFilterAdapter{delegate=org.springframework.cloud.gateway.filter.NettyWriteResponseFilter@c1e14f}, order = -1], [GatewayFilterAdapter{delegate=org.springframework.cloud.gateway.filter.ForwardPathFilter@7b222230}, order = 0], [com.ApiGateway.ApiGateway.filter.JwtAuthenticationFilter@470ab918, order = 0], [GatewayFilterAdapter{delegate=org.springframework.cloud.gateway.filter.RouteToRequestUrlFilter@72028a45}, order = 10000], [GatewayFilterAdapter{delegate=org.springframework.cloud.gateway.config.GatewayNoLoadBalancerClientAutoConfiguration$NoLoadBalancerClientFilter@50fdf44f}, order = 10150], [GatewayFilterAdapter{delegate=org.springframework.cloud.gateway.filter.WebsocketRoutingFilter@364b1061}, order = 2147483646], [GatewayFilterAdapter{delegate=org.springframework.cloud.gateway.filter.NettyRoutingFilter@f613067}, order = 2147483647], [GatewayFilterAdapter{delegate=org.springframework.cloud.gateway.filter.ForwardRoutingFilter@74667e6a}, order = 2147483647]]
[JwtUtil] Extracted Claims: {userId=10, email=admin@inventory.com, role=ADMIN, iat=1756880435, exp=1756966835}
[JwtUtil] Extracted Claims: {userId=10, email=admin@inventory.com, role=ADMIN, iat=1756880435, exp=1756966835}
[JwtUtil] Extracted Username: null
[JwtUtil] Extracted Claims: {userId=10, email=admin@inventory.com, role=ADMIN, iat=1756880435, exp=1756966835}
[JwtUtil] Extracted UserId: 10
[JwtUtil] Extracted Claims: {userId=10, email=admin@inventory.com, role=ADMIN, iat=1756880435, exp=1756966835}
[JwtUtil] Extracted Role: ADMIN
[JwtUtil] Extracted Claims: {userId=10, email=admin@inventory.com, role=ADMIN, iat=1756880435, exp=1756966835}
[JwtUtil] Extracted Email: admin@inventory.com
2025-09-03T11:57:22.364+05:30 DEBUG 33463 --- [ApiGateway] [     parallel-4] o.s.c.g.h.RoutePredicateHandlerMapping   : Route matched: user-service-secure
2025-09-03T11:57:22.364+05:30 DEBUG 33463 --- [ApiGateway] [     parallel-4] o.s.c.g.h.RoutePredicateHandlerMapping   : Mapping [Exchange: GET http://localhost:8090/api/secure/user/current] to Route{id='user-service-secure', uri=http://localhost:8080, order=0, predicate=Paths: [/api/secure/**], match trailing slash: true, gatewayFilters=[[com.ApiGateway.ApiGateway.filter.JwtAuthenticationFilter@470ab918, order = 0]], metadata={}}
2025-09-03T11:57:22.364+05:30 DEBUG 33463 --- [ApiGateway] [     parallel-4] o.s.c.g.h.RoutePredicateHandlerMapping   : [a7b28d1a-21] Mapped to org.springframework.cloud.gateway.handler.FilteringWebHandler@19da993b
2025-09-03T11:57:22.364+05:30 DEBUG 33463 --- [ApiGateway] [     parallel-4] o.s.c.g.handler.FilteringWebHandler      : Sorted gatewayFilterFactories: [[GatewayFilterAdapter{delegate=org.springframework.cloud.gateway.filter.RemoveCachedBodyFilter@226de93c}, order = -2147483648], [GatewayFilterAdapter{delegate=org.springframework.cloud.gateway.filter.AdaptCachedBodyGlobalFilter@1f71194d}, order = -2147482648], [GatewayFilterAdapter{delegate=org.springframework.cloud.gateway.filter.NettyWriteResponseFilter@c1e14f}, order = -1], [GatewayFilterAdapter{delegate=org.springframework.cloud.gateway.filter.ForwardPathFilter@7b222230}, order = 0], [com.ApiGateway.ApiGateway.filter.JwtAuthenticationFilter@470ab918, order = 0], [GatewayFilterAdapter{delegate=org.springframework.cloud.gateway.filter.RouteToRequestUrlFilter@72028a45}, order = 10000], [GatewayFilterAdapter{delegate=org.springframework.cloud.gateway.config.GatewayNoLoadBalancerClientAutoConfiguration$NoLoadBalancerClientFilter@50fdf44f}, order = 10150], [GatewayFilterAdapter{delegate=org.springframework.cloud.gateway.filter.WebsocketRoutingFilter@364b1061}, order = 2147483646], [GatewayFilterAdapter{delegate=org.springframework.cloud.gateway.filter.NettyRoutingFilter@f613067}, order = 2147483647], [GatewayFilterAdapter{delegate=org.springframework.cloud.gateway.filter.ForwardRoutingFilter@74667e6a}, order = 2147483647]]
[JwtUtil] Extracted Claims: {userId=10, email=admin@inventory.com, role=ADMIN, iat=1756880435, exp=1756966835}
[JwtUtil] Extracted Claims: {userId=10, email=admin@inventory.com, role=ADMIN, iat=1756880435, exp=1756966835}
[JwtUtil] Extracted Username: null
[JwtUtil] Extracted Claims: {userId=10, email=admin@inventory.com, role=ADMIN, iat=1756880435, exp=1756966835}
[JwtUtil] Extracted UserId: 10
[JwtUtil] Extracted Claims: {userId=10, email=admin@inventory.com, role=ADMIN, iat=1756880435, exp=1756966835}
[JwtUtil] Extracted Role: ADMIN
[JwtUtil] Extracted Claims: {userId=10, email=admin@inventory.com, role=ADMIN, iat=1756880435, exp=1756966835}
[JwtUtil] Extracted Email: admin@inventory.com
2025-09-03T11:57:22.382+05:30 ERROR 33463 --- [ApiGateway] [ctor-http-nio-6] a.w.r.e.AbstractErrorWebExceptionHandler : [a7b28d1a-21]  500 Server Error for HTTP GET "/api/secure/user/current"

io.netty.channel.AbstractChannel$AnnotatedConnectException: Connection refused: localhost/[0:0:0:0:0:0:0:1]:8080
	Suppressed: reactor.core.publisher.FluxOnAssembly$OnAssemblyException: 
Error has been observed at the following site(s):
	*__checkpoint  org.springframework.cloud.gateway.filter.WeightCalculatorWebFilter [DefaultWebFilterChain]
	*__checkpoint  org.springframework.security.web.server.authorization.AuthorizationWebFilter [DefaultWebFilterChain]
	*__checkpoint  org.springframework.security.web.server.authorization.ExceptionTranslationWebFilter [DefaultWebFilterChain]
	*__checkpoint  org.springframework.security.web.server.authentication.logout.LogoutWebFilter [DefaultWebFilterChain]
	*__checkpoint  org.springframework.security.web.server.savedrequest.ServerRequestCacheWebFilter [DefaultWebFilterChain]
	*__checkpoint  org.springframework.security.web.server.context.SecurityContextServerWebExchangeWebFilter [DefaultWebFilterChain]
	*__checkpoint  org.springframework.security.web.server.context.ReactorContextWebFilter [DefaultWebFilterChain]
	*__checkpoint  org.springframework.web.cors.reactive.CorsWebFilter [DefaultWebFilterChain]
	*__checkpoint  org.springframework.security.web.server.header.HttpHeaderWriterWebFilter [DefaultWebFilterChain]
	*__checkpoint  org.springframework.security.config.web.server.ServerHttpSecurity$ServerWebExchangeReactorContextWebFilter [DefaultWebFilterChain]
	*__checkpoint  org.springframework.security.web.server.WebFilterChainProxy [DefaultWebFilterChain]
	*__checkpoint  HTTP GET "/api/secure/user/current" [ExceptionHandlingWebHandler]
Original Stack Trace:
Caused by: java.net.ConnectException: Connection refused
	at java.base/sun.nio.ch.Net.pollConnect(Native Method) ~[na:na]
	at java.base/sun.nio.ch.Net.pollConnectNow(Net.java:628) ~[na:na]
	at java.base/sun.nio.ch.SocketChannelImpl.finishConnect(SocketChannelImpl.java:1046) ~[na:na]
	at io.netty.channel.socket.nio.NioSocketChannel.doFinishConnect(NioSocketChannel.java:336) ~[netty-transport-4.1.123.Final.jar:4.1.123.Final]
	at io.netty.channel.nio.AbstractNioChannel$AbstractNioUnsafe.finishConnect(AbstractNioChannel.java:339) ~[netty-transport-4.1.123.Final.jar:4.1.123.Final]
	at io.netty.channel.nio.NioEventLoop.processSelectedKey(NioEventLoop.java:784) ~[netty-transport-4.1.123.Final.jar:4.1.123.Final]
	at io.netty.channel.nio.NioEventLoop.processSelectedKeysOptimized(NioEventLoop.java:732) ~[netty-transport-4.1.123.Final.jar:4.1.123.Final]
	at io.netty.channel.nio.NioEventLoop.processSelectedKeys(NioEventLoop.java:658) ~[netty-transport-4.1.123.Final.jar:4.1.123.Final]
	at io.netty.channel.nio.NioEventLoop.run(NioEventLoop.java:562) ~[netty-transport-4.1.123.Final.jar:4.1.123.Final]
	at io.netty.util.concurrent.SingleThreadEventExecutor$4.run(SingleThreadEventExecutor.java:998) ~[netty-common-4.1.123.Final.jar:4.1.123.Final]
	at io.netty.util.internal.ThreadExecutorMap$2.run(ThreadExecutorMap.java:74) ~[netty-common-4.1.123.Final.jar:4.1.123.Final]
	at io.netty.util.concurrent.FastThreadLocalRunnable.run(FastThreadLocalRunnable.java:30) ~[netty-common-4.1.123.Final.jar:4.1.123.Final]
	at java.base/java.lang.Thread.run(Thread.java:1447) ~[na:na]

2025-09-03T11:58:15.997+05:30 DEBUG 33463 --- [ApiGateway] [     parallel-5] o.s.c.g.h.RoutePredicateHandlerMapping   : Route matched: user-service-auth
2025-09-03T11:58:15.998+05:30 DEBUG 33463 --- [ApiGateway] [     parallel-5] o.s.c.g.h.RoutePredicateHandlerMapping   : Mapping [Exchange: POST http://localhost:8090/api/auth/login] to Route{id='user-service-auth', uri=http://localhost:8080, order=0, predicate=Paths: [/api/auth/**], match trailing slash: true, gatewayFilters=[[[AddRequestHeader X-Gateway = 'API-Gateway'], order = 0]], metadata={}}
2025-09-03T11:58:15.998+05:30 DEBUG 33463 --- [ApiGateway] [     parallel-5] o.s.c.g.h.RoutePredicateHandlerMapping   : [d400f640-22] Mapped to org.springframework.cloud.gateway.handler.FilteringWebHandler@19da993b
2025-09-03T11:58:15.999+05:30 DEBUG 33463 --- [ApiGateway] [     parallel-5] o.s.c.g.handler.FilteringWebHandler      : Sorted gatewayFilterFactories: [[GatewayFilterAdapter{delegate=org.springframework.cloud.gateway.filter.RemoveCachedBodyFilter@226de93c}, order = -2147483648], [GatewayFilterAdapter{delegate=org.springframework.cloud.gateway.filter.AdaptCachedBodyGlobalFilter@1f71194d}, order = -2147482648], [GatewayFilterAdapter{delegate=org.springframework.cloud.gateway.filter.NettyWriteResponseFilter@c1e14f}, order = -1], [GatewayFilterAdapter{delegate=org.springframework.cloud.gateway.filter.ForwardPathFilter@7b222230}, order = 0], [[AddRequestHeader X-Gateway = 'API-Gateway'], order = 0], [GatewayFilterAdapter{delegate=org.springframework.cloud.gateway.filter.RouteToRequestUrlFilter@72028a45}, order = 10000], [GatewayFilterAdapter{delegate=org.springframework.cloud.gateway.config.GatewayNoLoadBalancerClientAutoConfiguration$NoLoadBalancerClientFilter@50fdf44f}, order = 10150], [GatewayFilterAdapter{delegate=org.springframework.cloud.gateway.filter.WebsocketRoutingFilter@364b1061}, order = 2147483646], [GatewayFilterAdapter{delegate=org.springframework.cloud.gateway.filter.NettyRoutingFilter@f613067}, order = 2147483647], [GatewayFilterAdapter{delegate=org.springframework.cloud.gateway.filter.ForwardRoutingFilter@74667e6a}, order = 2147483647]]
2025-09-03T11:58:16.003+05:30 ERROR 33463 --- [ApiGateway] [ctor-http-nio-8] a.w.r.e.AbstractErrorWebExceptionHandler : [d400f640-22]  500 Server Error for HTTP POST "/api/auth/login"

io.netty.channel.AbstractChannel$AnnotatedConnectException: Connection refused: localhost/[0:0:0:0:0:0:0:1]:8080
	Suppressed: reactor.core.publisher.FluxOnAssembly$OnAssemblyException: 
Error has been observed at the following site(s):
	*__checkpoint  org.springframework.cloud.gateway.filter.WeightCalculatorWebFilter [DefaultWebFilterChain]
	*__checkpoint  org.springframework.security.web.server.authorization.AuthorizationWebFilter [DefaultWebFilterChain]
	*__checkpoint  org.springframework.security.web.server.authorization.ExceptionTranslationWebFilter [DefaultWebFilterChain]
	*__checkpoint  org.springframework.security.web.server.authentication.logout.LogoutWebFilter [DefaultWebFilterChain]
	*__checkpoint  org.springframework.security.web.server.savedrequest.ServerRequestCacheWebFilter [DefaultWebFilterChain]
	*__checkpoint  org.springframework.security.web.server.context.SecurityContextServerWebExchangeWebFilter [DefaultWebFilterChain]
	*__checkpoint  org.springframework.security.web.server.context.ReactorContextWebFilter [DefaultWebFilterChain]
	*__checkpoint  org.springframework.web.cors.reactive.CorsWebFilter [DefaultWebFilterChain]
	*__checkpoint  org.springframework.security.web.server.header.HttpHeaderWriterWebFilter [DefaultWebFilterChain]
	*__checkpoint  org.springframework.security.config.web.server.ServerHttpSecurity$ServerWebExchangeReactorContextWebFilter [DefaultWebFilterChain]
	*__checkpoint  org.springframework.security.web.server.WebFilterChainProxy [DefaultWebFilterChain]
	*__checkpoint  HTTP POST "/api/auth/login" [ExceptionHandlingWebHandler]
Original Stack Trace:
Caused by: java.net.ConnectException: Connection refused
	at java.base/sun.nio.ch.Net.pollConnect(Native Method) ~[na:na]
	at java.base/sun.nio.ch.Net.pollConnectNow(Net.java:628) ~[na:na]
	at java.base/sun.nio.ch.SocketChannelImpl.finishConnect(SocketChannelImpl.java:1046) ~[na:na]
	at io.netty.channel.socket.nio.NioSocketChannel.doFinishConnect(NioSocketChannel.java:336) ~[netty-transport-4.1.123.Final.jar:4.1.123.Final]
	at io.netty.channel.nio.AbstractNioChannel$AbstractNioUnsafe.finishConnect(AbstractNioChannel.java:339) ~[netty-transport-4.1.123.Final.jar:4.1.123.Final]
	at io.netty.channel.nio.NioEventLoop.processSelectedKey(NioEventLoop.java:784) ~[netty-transport-4.1.123.Final.jar:4.1.123.Final]
	at io.netty.channel.nio.NioEventLoop.processSelectedKeysOptimized(NioEventLoop.java:732) ~[netty-transport-4.1.123.Final.jar:4.1.123.Final]
	at io.netty.channel.nio.NioEventLoop.processSelectedKeys(NioEventLoop.java:658) ~[netty-transport-4.1.123.Final.jar:4.1.123.Final]
	at io.netty.channel.nio.NioEventLoop.run(NioEventLoop.java:562) ~[netty-transport-4.1.123.Final.jar:4.1.123.Final]
	at io.netty.util.concurrent.SingleThreadEventExecutor$4.run(SingleThreadEventExecutor.java:998) ~[netty-common-4.1.123.Final.jar:4.1.123.Final]
	at io.netty.util.internal.ThreadExecutorMap$2.run(ThreadExecutorMap.java:74) ~[netty-common-4.1.123.Final.jar:4.1.123.Final]
	at io.netty.util.concurrent.FastThreadLocalRunnable.run(FastThreadLocalRunnable.java:30) ~[netty-common-4.1.123.Final.jar:4.1.123.Final]
	at java.base/java.lang.Thread.run(Thread.java:1447) ~[na:na]

2025-09-03T12:00:29.204+05:30  INFO 33463 --- [ApiGateway] [ionShutdownHook] o.s.b.w.embedded.netty.GracefulShutdown  : Commencing graceful shutdown. Waiting for active requests to complete
2025-09-03T12:00:29.209+05:30  INFO 33463 --- [ApiGateway] [ netty-shutdown] o.s.b.w.embedded.netty.GracefulShutdown  : Graceful shutdown complete
[INFO] ------------------------------------------------------------------------
[INFO] BUILD FAILURE
[INFO] ------------------------------------------------------------------------
[INFO] Total time:  25:02 min
[INFO] Finished at: 2025-09-03T12:00:31+05:30
[INFO] ------------------------------------------------------------------------
[ERROR] Failed to execute goal org.springframework.boot:spring-boot-maven-plugin:3.4.8:run (default-cli) on project ApiGateway: Process terminated with exit code: 143 -> [Help 1]
[ERROR] 
[ERROR] To see the full stack trace of the errors, re-run Maven with the -e switch.
[ERROR] Re-run Maven using the -X switch to enable full debug logging.
[ERROR] 
[ERROR] For more information about the errors and possible solutions, please read the following articles:
[ERROR] [Help 1] http://cwiki.apache.org/confluence/display/MAVEN/MojoExecutionException
