#
# There is insufficient memory for the Java Runtime Environment to continue.
# Native memory allocation (malloc) failed to allocate 416656 bytes. Error detail: Chunk::new
# Possible reasons:
#   The system is out of physical RAM or swap space
#   This process is running with CompressedOops enabled, and the Java Heap may be blocking the growth of the native heap
# Possible solutions:
#   Reduce memory load on the system
#   Increase physical memory or swap space
#   Check if swap backing store is full
#   Decrease Java heap size (-Xmx/-Xms)
#   Decrease number of Java threads
#   Decrease Java thread stack sizes (-Xss)
#   Set larger code cache with -XX:ReservedCodeCacheSize=
#   JVM is running with Unscaled Compressed Oops mode in which the Java heap is
#     placed in the first 4GB address space. The Java Heap base address is the
#     maximum limit for the native heap growth. Please use -XX:HeapBaseMinAddress
#     to set the Java Heap base and to place the Java Heap above 4GB virtual address.
# This output file may be truncated or incomplete.
#
#  Out of Memory Error (arena.cpp:168), pid=10244, tid=16160
#
# JRE version: OpenJDK Runtime Environment Temurin-21.0.8+9 (21.0.8+9) (build 21.0.8+9-LTS)
# Java VM: OpenJDK 64-Bit Server VM Temurin-21.0.8+9 (21.0.8+9-LTS, mixed mode, sharing, tiered, compressed oops, compressed class ptrs, parallel gc, windows-amd64)
# No core dump will be written. Minidumps are not enabled by default on client versions of Windows
#

---------------  S U M M A R Y ------------

Command Line: --add-modules=ALL-SYSTEM --add-opens=java.base/java.util=ALL-UNNAMED --add-opens=java.base/java.lang=ALL-UNNAMED --add-opens=java.base/sun.nio.fs=ALL-UNNAMED -Declipse.application=org.eclipse.jdt.ls.core.id1 -Dosgi.bundles.defaultStartLevel=4 -Declipse.product=org.eclipse.jdt.ls.core.product -Djava.import.generatesMetadataFilesAtProjectRoot=false -DDetectVMInstallationsJob.disabled=true -Dfile.encoding=utf8 -XX:+UseParallelGC -XX:GCTimeRatio=4 -XX:AdaptiveSizePolicyWeight=90 -Dsun.zip.disableMemoryMapping=true -Xmx2G -Xms100m -Xlog:disable -javaagent:c:\Users\PC\.vscode\extensions\redhat.java-1.46.0-win32-x64\lombok\lombok-1.18.39-4050.jar -XX:+HeapDumpOnOutOfMemoryError -XX:HeapDumpPath=c:\Users\PC\AppData\Roaming\Code\User\workspaceStorage\a7774935400adb46316252e87de73008\redhat.java -Daether.dependencyCollector.impl=bf c:\Users\PC\.vscode\extensions\redhat.java-1.46.0-win32-x64\server\plugins\org.eclipse.equinox.launcher_1.7.0.v20250519-0528.jar -configuration c:\Users\PC\AppData\Roaming\Code\User\globalStorage\redhat.java\1.46.0\config_win -data c:\Users\PC\AppData\Roaming\Code\User\workspaceStorage\a7774935400adb46316252e87de73008\redhat.java\jdt_ws --pipe=\\.\pipe\lsp-2425e879556655963dac1a9596df35c5-sock

Host: Intel(R) Core(TM) i7-6500U CPU @ 2.50GHz, 4 cores, 7G,  Windows 10 , 64 bit Build 19041 (10.0.19041.5915)
Time: Thu Oct  9 07:36:20 2025 Sri Lanka Standard Time elapsed time: 19.953107 seconds (0d 0h 0m 19s)

---------------  T H R E A D  ---------------

Current thread (0x000002049b7d8be0):  JavaThread "C2 CompilerThread0" daemon [_thread_in_native, id=16160, stack(0x00000066d0500000,0x00000066d0600000) (1024K)]


Current CompileTask:
C2:19953 5910       4       com.google.gson.stream.JsonReader::nextString (168 bytes)

Stack: [0x00000066d0500000,0x00000066d0600000]
Native frames: (J=compiled Java code, j=interpreted, Vv=VM code, C=native code)
V  [jvm.dll+0x6d2449]
V  [jvm.dll+0x8ae341]
V  [jvm.dll+0x8b08be]
V  [jvm.dll+0x8b0fa3]
V  [jvm.dll+0x280c96]
V  [jvm.dll+0xc581d]
V  [jvm.dll+0xc5d53]
V  [jvm.dll+0x2f539d]
V  [jvm.dll+0x5fa00a]
V  [jvm.dll+0x252092]
V  [jvm.dll+0x25244f]
V  [jvm.dll+0x24ad14]
V  [jvm.dll+0x2483a4]
V  [jvm.dll+0x1c89ee]
V  [jvm.dll+0x257d4d]
V  [jvm.dll+0x2562ea]
V  [jvm.dll+0x3f2d16]
V  [jvm.dll+0x857e6b]
V  [jvm.dll+0x6d0b0d]
C  [ucrtbase.dll+0x21bb2]
C  [KERNEL32.DLL+0x17374]
C  [ntdll.dll+0x4cc91]


---------------  P R O C E S S  ---------------

Threads class SMR info:
_java_thread_list=0x00000204faaebb00, length=34, elements={
0x000002049b8e27f0, 0x000002049b7ccf60, 0x000002049b7d06c0, 0x000002049b7d2420,
0x000002049b7d3690, 0x000002049b7d7360, 0x000002049b7d7db0, 0x000002049b7d8be0,
0x000002049b84ba10, 0x000002049b94dcf0, 0x00000204f826c020, 0x00000204f8816950,
0x00000204f8991310, 0x00000204f8b72dc0, 0x00000204f8b75800, 0x000002049b836fd0,
0x00000204f86225a0, 0x00000204f8a63030, 0x00000204f81593d0, 0x00000204f80a6060,
0x00000204f80a5340, 0x00000204f80a2be0, 0x00000204f93837c0, 0x00000204f80a3f90,
0x00000204f80a59d0, 0x00000204f80a3270, 0x00000204f80a3900, 0x00000204f80a4620,
0x00000204f80a4cb0, 0x00000204f969eec0, 0x00000204f96a2340, 0x00000204f96a29d0,
0x00000204f969d480, 0x00000204f969fbe0
}

Java Threads: ( => current thread )
  0x000002049b8e27f0 JavaThread "main"                              [_thread_blocked, id=22224, stack(0x00000066cfb00000,0x00000066cfc00000) (1024K)]
  0x000002049b7ccf60 JavaThread "Reference Handler"          daemon [_thread_blocked, id=15200, stack(0x00000066cff00000,0x00000066d0000000) (1024K)]
  0x000002049b7d06c0 JavaThread "Finalizer"                  daemon [_thread_blocked, id=17752, stack(0x00000066d0000000,0x00000066d0100000) (1024K)]
  0x000002049b7d2420 JavaThread "Signal Dispatcher"          daemon [_thread_blocked, id=14532, stack(0x00000066d0100000,0x00000066d0200000) (1024K)]
  0x000002049b7d3690 JavaThread "Attach Listener"            daemon [_thread_blocked, id=23340, stack(0x00000066d0200000,0x00000066d0300000) (1024K)]
  0x000002049b7d7360 JavaThread "Service Thread"             daemon [_thread_blocked, id=23932, stack(0x00000066d0300000,0x00000066d0400000) (1024K)]
  0x000002049b7d7db0 JavaThread "Monitor Deflation Thread"   daemon [_thread_blocked, id=23780, stack(0x00000066d0400000,0x00000066d0500000) (1024K)]
=>0x000002049b7d8be0 JavaThread "C2 CompilerThread0"         daemon [_thread_in_native, id=16160, stack(0x00000066d0500000,0x00000066d0600000) (1024K)]
  0x000002049b84ba10 JavaThread "C1 CompilerThread0"         daemon [_thread_in_vm, id=7920, stack(0x00000066d0600000,0x00000066d0700000) (1024K)]
  0x000002049b94dcf0 JavaThread "Common-Cleaner"             daemon [_thread_blocked, id=23048, stack(0x00000066d0700000,0x00000066d0800000) (1024K)]
  0x00000204f826c020 JavaThread "Notification Thread"        daemon [_thread_blocked, id=19940, stack(0x00000066d0800000,0x00000066d0900000) (1024K)]
  0x00000204f8816950 JavaThread "Active Thread: Equinox Container: d7dccdae-28a6-4930-88c4-b41b751f6d1e"        [_thread_blocked, id=18048, stack(0x00000066d0900000,0x00000066d0a00000) (1024K)]
  0x00000204f8991310 JavaThread "Refresh Thread: Equinox Container: d7dccdae-28a6-4930-88c4-b41b751f6d1e" daemon [_thread_blocked, id=23120, stack(0x00000066d0d00000,0x00000066d0e00000) (1024K)]
  0x00000204f8b72dc0 JavaThread "Framework Event Dispatcher: Equinox Container: d7dccdae-28a6-4930-88c4-b41b751f6d1e" daemon [_thread_blocked, id=22944, stack(0x00000066d0e00000,0x00000066d0f00000) (1024K)]
  0x00000204f8b75800 JavaThread "Start Level: Equinox Container: d7dccdae-28a6-4930-88c4-b41b751f6d1e" daemon [_thread_blocked, id=15388, stack(0x00000066d0f00000,0x00000066d1000000) (1024K)]
  0x000002049b836fd0 JavaThread "Bundle File Closer"         daemon [_thread_blocked, id=14952, stack(0x00000066d1000000,0x00000066d1100000) (1024K)]
  0x00000204f86225a0 JavaThread "SCR Component Actor"        daemon [_thread_blocked, id=14100, stack(0x00000066d1100000,0x00000066d1200000) (1024K)]
  0x00000204f8a63030 JavaThread "Worker-JM"                         [_thread_blocked, id=23668, stack(0x00000066d1200000,0x00000066d1300000) (1024K)]
  0x00000204f81593d0 JavaThread "JNA Cleaner"                daemon [_thread_blocked, id=19372, stack(0x00000066d1300000,0x00000066d1400000) (1024K)]
  0x00000204f80a6060 JavaThread "Worker-0: Repository registry initialization"        [_thread_in_Java, id=11600, stack(0x00000066d1400000,0x00000066d1500000) (1024K)]
  0x00000204f80a5340 JavaThread "Worker-1: Initialize After Load"        [_thread_in_native, id=17612, stack(0x00000066d1500000,0x00000066d1600000) (1024K)]
  0x00000204f80a2be0 JavaThread "Worker-2"                          [_thread_blocked, id=3196, stack(0x00000066d1600000,0x00000066d1700000) (1024K)]
  0x00000204f93837c0 JavaThread "C2 CompilerThread1"         daemon [_thread_blocked, id=14444, stack(0x00000066d1700000,0x00000066d1800000) (1024K)]
  0x00000204f80a3f90 JavaThread "Java indexing"              daemon [_thread_blocked, id=11544, stack(0x00000066d1800000,0x00000066d1900000) (1024K)]
  0x00000204f80a59d0 JavaThread "Worker-3"                          [_thread_blocked, id=20628, stack(0x00000066d1b00000,0x00000066d1c00000) (1024K)]
  0x00000204f80a3270 JavaThread "Worker-4"                          [_thread_blocked, id=23664, stack(0x00000066d1c00000,0x00000066d1d00000) (1024K)]
  0x00000204f80a3900 JavaThread "Thread-1"                   daemon [_thread_in_native, id=7340, stack(0x00000066d1d00000,0x00000066d1e00000) (1024K)]
  0x00000204f80a4620 JavaThread "Thread-2"                   daemon [_thread_in_native, id=19732, stack(0x00000066d1e00000,0x00000066d1f00000) (1024K)]
  0x00000204f80a4cb0 JavaThread "Thread-3"                   daemon [_thread_in_native, id=11572, stack(0x00000066d1f00000,0x00000066d2000000) (1024K)]
  0x00000204f969eec0 JavaThread "Thread-4"                   daemon [_thread_in_native, id=13300, stack(0x00000066d2000000,0x00000066d2100000) (1024K)]
  0x00000204f96a2340 JavaThread "Thread-5"                   daemon [_thread_in_native, id=22112, stack(0x00000066d2100000,0x00000066d2200000) (1024K)]
  0x00000204f96a29d0 JavaThread "pool-2-thread-1"                   [_thread_blocked, id=14568, stack(0x00000066d2200000,0x00000066d2300000) (1024K)]
  0x00000204f969d480 JavaThread "WorkspaceEventsHandler"            [_thread_blocked, id=19460, stack(0x00000066d2300000,0x00000066d2400000) (1024K)]
  0x00000204f969fbe0 JavaThread "pool-1-thread-1"                   [_thread_blocked, id=24080, stack(0x00000066d2400000,0x00000066d2500000) (1024K)]
Total: 34

Other Threads:
  0x000002049b9a1310 VMThread "VM Thread"                           [id=16460, stack(0x00000066cfe00000,0x00000066cff00000) (1024K)]
  0x000002049b94d580 WatcherThread "VM Periodic Task Thread"        [id=6412, stack(0x00000066cfd00000,0x00000066cfe00000) (1024K)]
  0x000002049b900a50 WorkerThread "GC Thread#0"                     [id=22812, stack(0x00000066cfc00000,0x00000066cfd00000) (1024K)]
  0x00000204f8a91e90 WorkerThread "GC Thread#1"                     [id=20116, stack(0x00000066d0a00000,0x00000066d0b00000) (1024K)]
  0x00000204f8a92230 WorkerThread "GC Thread#2"                     [id=9696, stack(0x00000066d0b00000,0x00000066d0c00000) (1024K)]
  0x00000204f8a925d0 WorkerThread "GC Thread#3"                     [id=22676, stack(0x00000066d0c00000,0x00000066d0d00000) (1024K)]
Total: 6

Threads with active compile tasks:
C2 CompilerThread0  20007 5910       4       com.google.gson.stream.JsonReader::nextString (168 bytes)
Total: 1

VM state: not at safepoint (normal execution)

VM Mutex/Monitor currently owned by a thread: None

Heap address: 0x0000000080000000, size: 2048 MB, Compressed Oops mode: 32-bit

CDS archive(s) mapped at: [0x00000204b3000000-0x00000204b3ba0000-0x00000204b3ba0000), size 12189696, SharedBaseAddress: 0x00000204b3000000, ArchiveRelocationMode: 1.
Compressed class space mapped at: 0x00000204b4000000-0x00000204f4000000, reserved size: 1073741824
Narrow klass base: 0x00000204b3000000, Narrow klass shift: 0, Narrow klass range: 0x100000000

GC Precious Log:
 CardTable entry size: 512
 CPUs: 4 total, 4 available
 Memory: 8123M
 Large Page Support: Disabled
 NUMA Support: Disabled
 Compressed Oops: Enabled (32-bit)
 Alignments: Space 512K, Generation 512K, Heap 2M
 Heap Min Capacity: 100M
 Heap Initial Capacity: 100M
 Heap Max Capacity: 2G
 Pre-touch: Disabled
 Parallel Workers: 4

Heap:
 PSYoungGen      total 24064K, used 18937K [0x00000000d5580000, 0x00000000d7080000, 0x0000000100000000)
  eden space 22016K, 78% used [0x00000000d5580000,0x00000000d665e4c0,0x00000000d6b00000)
  from space 2048K, 81% used [0x00000000d6e80000,0x00000000d7020000,0x00000000d7080000)
  to   space 2560K, 0% used [0x00000000d6b80000,0x00000000d6b80000,0x00000000d6e00000)
 ParOldGen       total 68608K, used 21671K [0x0000000080000000, 0x0000000084300000, 0x00000000d5580000)
  object space 68608K, 31% used [0x0000000080000000,0x0000000081529f88,0x0000000084300000)
 Metaspace       used 44093K, committed 45440K, reserved 1114112K
  class space    used 4828K, committed 5440K, reserved 1048576K

Card table byte_map: [0x000002049b290000,0x000002049b6a0000] _byte_map_base: 0x000002049ae90000

Marking Bits: (ParMarkBitMap*) 0x00007fff99a1a340
 Begin Bits: [0x00000204add90000, 0x00000204afd90000)
 End Bits:   [0x00000204afd90000, 0x00000204b1d90000)

Polling page: 0x0000020499680000

Metaspace:

Usage:
  Non-class:     38.34 MB used.
      Class:      4.72 MB used.
       Both:     43.06 MB used.

Virtual space:
  Non-class space:       64.00 MB reserved,      39.06 MB ( 61%) committed,  1 nodes.
      Class space:        1.00 GB reserved,       5.31 MB ( <1%) committed,  1 nodes.
             Both:        1.06 GB reserved,      44.38 MB (  4%) committed. 

Chunk freelists:
   Non-Class:  8.91 MB
       Class:  10.75 MB
        Both:  19.65 MB

MaxMetaspaceSize: unlimited
CompressedClassSpaceSize: 1.00 GB
Initial GC threshold: 21.00 MB
Current GC threshold: 58.38 MB
CDS: on
 - commit_granule_bytes: 65536.
 - commit_granule_words: 8192.
 - virtual_space_node_default_size: 8388608.
 - enlarge_chunks_in_place: 1.
 - use_allocation_guard: 0.


Internal statistics:

num_allocs_failed_limit: 6.
num_arena_births: 944.
num_arena_deaths: 14.
num_vsnodes_births: 2.
num_vsnodes_deaths: 0.
num_space_committed: 710.
num_space_uncommitted: 0.
num_chunks_returned_to_freelist: 20.
num_chunks_taken_from_freelist: 3010.
num_chunk_merges: 9.
num_chunk_splits: 1828.
num_chunks_enlarged: 968.
num_inconsistent_stats: 0.

CodeHeap 'non-profiled nmethods': size=120000Kb used=2587Kb max_used=2587Kb free=117412Kb
 bounds [0x00000204a65b0000, 0x00000204a6840000, 0x00000204adae0000]
CodeHeap 'profiled nmethods': size=120000Kb used=11151Kb max_used=11151Kb free=108848Kb
 bounds [0x000002049eae0000, 0x000002049f5d0000, 0x00000204a6010000]
CodeHeap 'non-nmethods': size=5760Kb used=1359Kb max_used=1453Kb free=4400Kb
 bounds [0x00000204a6010000, 0x00000204a6280000, 0x00000204a65b0000]
CodeCache: size=245760Kb, used=15097Kb, max_used=15191Kb, free=230660Kb
 total_blobs=6023, nmethods=5364, adapters=565, full_count=0
Compilation: enabled, stopped_count=0, restarted_count=0

Compilation events (20 events):
Event: 19.927 Thread 0x000002049b84ba10 5916       3       com.google.inject.internal.Scoping::isNoScope (16 bytes)
Event: 19.927 Thread 0x000002049b84ba10 nmethod 5916 0x000002049f5bd190 code [0x000002049f5bd340, 0x000002049f5bd560]
Event: 19.927 Thread 0x000002049b84ba10 5917       3       com.google.inject.internal.Scoping$1::getScopeInstance (4 bytes)
Event: 19.928 Thread 0x000002049b84ba10 nmethod 5917 0x000002049f5bd610 code [0x000002049f5bd7a0, 0x000002049f5bd8b8]
Event: 19.928 Thread 0x000002049b84ba10 5918       3       com.google.inject.internal.InternalInjectorCreator::isEagerSingleton (62 bytes)
Event: 19.928 Thread 0x000002049b84ba10 nmethod 5918 0x000002049f5bd990 code [0x000002049f5bdbc0, 0x000002049f5be4b8]
Event: 19.929 Thread 0x000002049b84ba10 5919       3       com.google.inject.internal.Scoping::isEagerSingleton (38 bytes)
Event: 19.929 Thread 0x000002049b84ba10 nmethod 5919 0x000002049f5be710 code [0x000002049f5be8c0, 0x000002049f5beb30]
Event: 19.935 Thread 0x00000204f93837c0 5920       4       java.util.Collections$UnmodifiableCollection::isEmpty (10 bytes)
Event: 19.936 Thread 0x00000204f93837c0 nmethod 5920 0x00000204a6834790 code [0x00000204a6834920, 0x00000204a68349d0]
Event: 19.937 Thread 0x000002049b84ba10 5921       3       java.util.Formatter$FixedString::<init> (20 bytes)
Event: 19.937 Thread 0x000002049b84ba10 nmethod 5921 0x000002049f5bec10 code [0x000002049f5bedc0, 0x000002049f5bef48]
Event: 19.937 Thread 0x000002049b84ba10 5922       3       java.util.Formatter$FixedString::print (23 bytes)
Event: 19.937 Thread 0x000002049b84ba10 nmethod 5922 0x000002049f5bf010 code [0x000002049f5bf1c0, 0x000002049f5bf3a8]
Event: 19.937 Thread 0x000002049b84ba10 5923       3       java.lang.StringBuilder::append (8 bytes)
Event: 19.938 Thread 0x000002049b84ba10 nmethod 5923 0x000002049f5bf490 code [0x000002049f5bf640, 0x000002049f5bf7f0]
Event: 19.941 Thread 0x00000204f93837c0 5924       4       java.lang.invoke.LambdaFormEditor$TransformKey::inRange (36 bytes)
Event: 19.942 Thread 0x00000204f93837c0 nmethod 5924 0x00000204a6834a90 code [0x00000204a6834c20, 0x00000204a6834ca8]
Event: 19.942 Thread 0x00000204f93837c0 5925       4       java.lang.invoke.LambdaFormEditor::getInCache (165 bytes)
Event: 19.950 Thread 0x00000204f93837c0 nmethod 5925 0x00000204a6834d90 code [0x00000204a6834f40, 0x00000204a68353f0]

GC Heap History (20 events):
Event: 14.524 GC heap before
{Heap before GC invocations=9 (full 1):
 PSYoungGen      total 29184K, used 24576K [0x00000000d5580000, 0x00000000d7680000, 0x0000000100000000)
  eden space 24576K, 100% used [0x00000000d5580000,0x00000000d6d80000,0x00000000d6d80000)
  from space 4608K, 0% used [0x00000000d6e80000,0x00000000d6e80000,0x00000000d7300000)
  to   space 3584K, 0% used [0x00000000d7300000,0x00000000d7300000,0x00000000d7680000)
 ParOldGen       total 68608K, used 12773K [0x0000000080000000, 0x0000000084300000, 0x00000000d5580000)
  object space 68608K, 18% used [0x0000000080000000,0x0000000080c79490,0x0000000084300000)
 Metaspace       used 22444K, committed 23424K, reserved 1114112K
  class space    used 2363K, committed 2752K, reserved 1048576K
}
Event: 14.527 GC heap after
{Heap after GC invocations=9 (full 1):
 PSYoungGen      total 27136K, used 2848K [0x00000000d5580000, 0x00000000d7600000, 0x0000000100000000)
  eden space 24064K, 0% used [0x00000000d5580000,0x00000000d5580000,0x00000000d6d00000)
  from space 3072K, 92% used [0x00000000d7300000,0x00000000d75c8210,0x00000000d7600000)
  to   space 3584K, 0% used [0x00000000d6f00000,0x00000000d6f00000,0x00000000d7280000)
 ParOldGen       total 68608K, used 12781K [0x0000000080000000, 0x0000000084300000, 0x00000000d5580000)
  object space 68608K, 18% used [0x0000000080000000,0x0000000080c7b490,0x0000000084300000)
 Metaspace       used 22444K, committed 23424K, reserved 1114112K
  class space    used 2363K, committed 2752K, reserved 1048576K
}
Event: 15.491 GC heap before
{Heap before GC invocations=10 (full 1):
 PSYoungGen      total 27136K, used 26912K [0x00000000d5580000, 0x00000000d7600000, 0x0000000100000000)
  eden space 24064K, 100% used [0x00000000d5580000,0x00000000d6d00000,0x00000000d6d00000)
  from space 3072K, 92% used [0x00000000d7300000,0x00000000d75c8210,0x00000000d7600000)
  to   space 3584K, 0% used [0x00000000d6f00000,0x00000000d6f00000,0x00000000d7280000)
 ParOldGen       total 68608K, used 12781K [0x0000000080000000, 0x0000000084300000, 0x00000000d5580000)
  object space 68608K, 18% used [0x0000000080000000,0x0000000080c7b490,0x0000000084300000)
 Metaspace       used 26346K, committed 27328K, reserved 1114112K
  class space    used 2697K, committed 3136K, reserved 1048576K
}
Event: 15.495 GC heap after
{Heap after GC invocations=10 (full 1):
 PSYoungGen      total 25088K, used 1473K [0x00000000d5580000, 0x00000000d7380000, 0x0000000100000000)
  eden space 23552K, 0% used [0x00000000d5580000,0x00000000d5580000,0x00000000d6c80000)
  from space 1536K, 95% used [0x00000000d6f00000,0x00000000d7070608,0x00000000d7080000)
  to   space 2560K, 0% used [0x00000000d7100000,0x00000000d7100000,0x00000000d7380000)
 ParOldGen       total 68608K, used 12789K [0x0000000080000000, 0x0000000084300000, 0x00000000d5580000)
  object space 68608K, 18% used [0x0000000080000000,0x0000000080c7d490,0x0000000084300000)
 Metaspace       used 26346K, committed 27328K, reserved 1114112K
  class space    used 2697K, committed 3136K, reserved 1048576K
}
Event: 15.894 GC heap before
{Heap before GC invocations=11 (full 1):
 PSYoungGen      total 25088K, used 25025K [0x00000000d5580000, 0x00000000d7380000, 0x0000000100000000)
  eden space 23552K, 100% used [0x00000000d5580000,0x00000000d6c80000,0x00000000d6c80000)
  from space 1536K, 95% used [0x00000000d6f00000,0x00000000d7070608,0x00000000d7080000)
  to   space 2560K, 0% used [0x00000000d7100000,0x00000000d7100000,0x00000000d7380000)
 ParOldGen       total 68608K, used 12789K [0x0000000080000000, 0x0000000084300000, 0x00000000d5580000)
  object space 68608K, 18% used [0x0000000080000000,0x0000000080c7d490,0x0000000084300000)
 Metaspace       used 29168K, committed 30144K, reserved 1114112K
  class space    used 3004K, committed 3456K, reserved 1048576K
}
Event: 15.900 GC heap after
{Heap after GC invocations=11 (full 1):
 PSYoungGen      total 25600K, used 2558K [0x00000000d5580000, 0x00000000d7400000, 0x0000000100000000)
  eden space 23040K, 0% used [0x00000000d5580000,0x00000000d5580000,0x00000000d6c00000)
  from space 2560K, 99% used [0x00000000d7100000,0x00000000d737fb68,0x00000000d7380000)
  to   space 4096K, 0% used [0x00000000d6c00000,0x00000000d6c00000,0x00000000d7000000)
 ParOldGen       total 68608K, used 13680K [0x0000000080000000, 0x0000000084300000, 0x00000000d5580000)
  object space 68608K, 19% used [0x0000000080000000,0x0000000080d5c2b8,0x0000000084300000)
 Metaspace       used 29168K, committed 30144K, reserved 1114112K
  class space    used 3004K, committed 3456K, reserved 1048576K
}
Event: 16.204 GC heap before
{Heap before GC invocations=12 (full 1):
 PSYoungGen      total 25600K, used 25598K [0x00000000d5580000, 0x00000000d7400000, 0x0000000100000000)
  eden space 23040K, 100% used [0x00000000d5580000,0x00000000d6c00000,0x00000000d6c00000)
  from space 2560K, 99% used [0x00000000d7100000,0x00000000d737fb68,0x00000000d7380000)
  to   space 4096K, 0% used [0x00000000d6c00000,0x00000000d6c00000,0x00000000d7000000)
 ParOldGen       total 68608K, used 13680K [0x0000000080000000, 0x0000000084300000, 0x00000000d5580000)
  object space 68608K, 19% used [0x0000000080000000,0x0000000080d5c2b8,0x0000000084300000)
 Metaspace       used 29990K, committed 31040K, reserved 1114112K
  class space    used 3099K, committed 3584K, reserved 1048576K
}
Event: 16.208 GC heap after
{Heap after GC invocations=12 (full 1):
 PSYoungGen      total 23552K, used 639K [0x00000000d5580000, 0x00000000d7180000, 0x0000000100000000)
  eden space 22528K, 0% used [0x00000000d5580000,0x00000000d5580000,0x00000000d6b80000)
  from space 1024K, 62% used [0x00000000d6c00000,0x00000000d6c9ff00,0x00000000d6d00000)
  to   space 2048K, 0% used [0x00000000d6f80000,0x00000000d6f80000,0x00000000d7180000)
 ParOldGen       total 68608K, used 16159K [0x0000000080000000, 0x0000000084300000, 0x00000000d5580000)
  object space 68608K, 23% used [0x0000000080000000,0x0000000080fc7d70,0x0000000084300000)
 Metaspace       used 29990K, committed 31040K, reserved 1114112K
  class space    used 3099K, committed 3584K, reserved 1048576K
}
Event: 16.908 GC heap before
{Heap before GC invocations=13 (full 1):
 PSYoungGen      total 23552K, used 23167K [0x00000000d5580000, 0x00000000d7180000, 0x0000000100000000)
  eden space 22528K, 100% used [0x00000000d5580000,0x00000000d6b80000,0x00000000d6b80000)
  from space 1024K, 62% used [0x00000000d6c00000,0x00000000d6c9ff00,0x00000000d6d00000)
  to   space 2048K, 0% used [0x00000000d6f80000,0x00000000d6f80000,0x00000000d7180000)
 ParOldGen       total 68608K, used 16159K [0x0000000080000000, 0x0000000084300000, 0x00000000d5580000)
  object space 68608K, 23% used [0x0000000080000000,0x0000000080fc7d70,0x0000000084300000)
 Metaspace       used 32080K, committed 33152K, reserved 1114112K
  class space    used 3330K, committed 3776K, reserved 1048576K
}
Event: 16.911 GC heap after
{Heap after GC invocations=13 (full 1):
 PSYoungGen      total 23552K, used 1208K [0x00000000d5580000, 0x00000000d7100000, 0x0000000100000000)
  eden space 22016K, 0% used [0x00000000d5580000,0x00000000d5580000,0x00000000d6b00000)
  from space 1536K, 78% used [0x00000000d6f80000,0x00000000d70ae168,0x00000000d7100000)
  to   space 1536K, 0% used [0x00000000d6e00000,0x00000000d6e00000,0x00000000d6f80000)
 ParOldGen       total 68608K, used 16559K [0x0000000080000000, 0x0000000084300000, 0x00000000d5580000)
  object space 68608K, 24% used [0x0000000080000000,0x000000008102bdb0,0x0000000084300000)
 Metaspace       used 32080K, committed 33152K, reserved 1114112K
  class space    used 3330K, committed 3776K, reserved 1048576K
}
Event: 17.312 GC heap before
{Heap before GC invocations=14 (full 1):
 PSYoungGen      total 23552K, used 19736K [0x00000000d5580000, 0x00000000d7100000, 0x0000000100000000)
  eden space 22016K, 84% used [0x00000000d5580000,0x00000000d6797f98,0x00000000d6b00000)
  from space 1536K, 78% used [0x00000000d6f80000,0x00000000d70ae168,0x00000000d7100000)
  to   space 1536K, 0% used [0x00000000d6e00000,0x00000000d6e00000,0x00000000d6f80000)
 ParOldGen       total 68608K, used 16559K [0x0000000080000000, 0x0000000084300000, 0x00000000d5580000)
  object space 68608K, 24% used [0x0000000080000000,0x000000008102bdb0,0x0000000084300000)
 Metaspace       used 34731K, committed 35840K, reserved 1114112K
  class space    used 3629K, committed 4096K, reserved 1048576K
}
Event: 17.317 GC heap after
{Heap after GC invocations=14 (full 1):
 PSYoungGen      total 23040K, used 940K [0x00000000d5580000, 0x00000000d7000000, 0x0000000100000000)
  eden space 22016K, 0% used [0x00000000d5580000,0x00000000d5580000,0x00000000d6b00000)
  from space 1024K, 91% used [0x00000000d6e00000,0x00000000d6eeb0a8,0x00000000d6f00000)
  to   space 1024K, 0% used [0x00000000d6f00000,0x00000000d6f00000,0x00000000d7000000)
 ParOldGen       total 68608K, used 17647K [0x0000000080000000, 0x0000000084300000, 0x00000000d5580000)
  object space 68608K, 25% used [0x0000000080000000,0x000000008113bf18,0x0000000084300000)
 Metaspace       used 34731K, committed 35840K, reserved 1114112K
  class space    used 3629K, committed 4096K, reserved 1048576K
}
Event: 17.317 GC heap before
{Heap before GC invocations=15 (full 2):
 PSYoungGen      total 23040K, used 940K [0x00000000d5580000, 0x00000000d7000000, 0x0000000100000000)
  eden space 22016K, 0% used [0x00000000d5580000,0x00000000d5580000,0x00000000d6b00000)
  from space 1024K, 91% used [0x00000000d6e00000,0x00000000d6eeb0a8,0x00000000d6f00000)
  to   space 1024K, 0% used [0x00000000d6f00000,0x00000000d6f00000,0x00000000d7000000)
 ParOldGen       total 68608K, used 17647K [0x0000000080000000, 0x0000000084300000, 0x00000000d5580000)
  object space 68608K, 25% used [0x0000000080000000,0x000000008113bf18,0x0000000084300000)
 Metaspace       used 34731K, committed 35840K, reserved 1114112K
  class space    used 3629K, committed 4096K, reserved 1048576K
}
Event: 17.386 GC heap after
{Heap after GC invocations=15 (full 2):
 PSYoungGen      total 23040K, used 0K [0x00000000d5580000, 0x00000000d7000000, 0x0000000100000000)
  eden space 22016K, 0% used [0x00000000d5580000,0x00000000d5580000,0x00000000d6b00000)
  from space 1024K, 0% used [0x00000000d6e00000,0x00000000d6e00000,0x00000000d6f00000)
  to   space 1024K, 0% used [0x00000000d6f00000,0x00000000d6f00000,0x00000000d7000000)
 ParOldGen       total 68608K, used 18136K [0x0000000080000000, 0x0000000084300000, 0x00000000d5580000)
  object space 68608K, 26% used [0x0000000080000000,0x00000000811b6168,0x0000000084300000)
 Metaspace       used 34731K, committed 35840K, reserved 1114112K
  class space    used 3629K, committed 4096K, reserved 1048576K
}
Event: 17.820 GC heap before
{Heap before GC invocations=16 (full 2):
 PSYoungGen      total 23040K, used 22016K [0x00000000d5580000, 0x00000000d7000000, 0x0000000100000000)
  eden space 22016K, 100% used [0x00000000d5580000,0x00000000d6b00000,0x00000000d6b00000)
  from space 1024K, 0% used [0x00000000d6e00000,0x00000000d6e00000,0x00000000d6f00000)
  to   space 1024K, 0% used [0x00000000d6f00000,0x00000000d6f00000,0x00000000d7000000)
 ParOldGen       total 68608K, used 18136K [0x0000000080000000, 0x0000000084300000, 0x00000000d5580000)
  object space 68608K, 26% used [0x0000000080000000,0x00000000811b6168,0x0000000084300000)
 Metaspace       used 37151K, committed 38272K, reserved 1114112K
  class space    used 3945K, committed 4416K, reserved 1048576K
}
Event: 17.822 GC heap after
{Heap after GC invocations=16 (full 2):
 PSYoungGen      total 23040K, used 1020K [0x00000000d5580000, 0x00000000d7000000, 0x0000000100000000)
  eden space 22016K, 0% used [0x00000000d5580000,0x00000000d5580000,0x00000000d6b00000)
  from space 1024K, 99% used [0x00000000d6f00000,0x00000000d6fff360,0x00000000d7000000)
  to   space 2048K, 0% used [0x00000000d6c00000,0x00000000d6c00000,0x00000000d6e00000)
 ParOldGen       total 68608K, used 18733K [0x0000000080000000, 0x0000000084300000, 0x00000000d5580000)
  object space 68608K, 27% used [0x0000000080000000,0x000000008124b6d0,0x0000000084300000)
 Metaspace       used 37151K, committed 38272K, reserved 1114112K
  class space    used 3945K, committed 4416K, reserved 1048576K
}
Event: 18.281 GC heap before
{Heap before GC invocations=17 (full 2):
 PSYoungGen      total 23040K, used 23036K [0x00000000d5580000, 0x00000000d7000000, 0x0000000100000000)
  eden space 22016K, 100% used [0x00000000d5580000,0x00000000d6b00000,0x00000000d6b00000)
  from space 1024K, 99% used [0x00000000d6f00000,0x00000000d6fff360,0x00000000d7000000)
  to   space 2048K, 0% used [0x00000000d6c00000,0x00000000d6c00000,0x00000000d6e00000)
 ParOldGen       total 68608K, used 18733K [0x0000000080000000, 0x0000000084300000, 0x00000000d5580000)
  object space 68608K, 27% used [0x0000000080000000,0x000000008124b6d0,0x0000000084300000)
 Metaspace       used 39772K, committed 40960K, reserved 1114112K
  class space    used 4270K, committed 4736K, reserved 1048576K
}
Event: 18.286 GC heap after
{Heap after GC invocations=17 (full 2):
 PSYoungGen      total 24064K, used 2048K [0x00000000d5580000, 0x00000000d7200000, 0x0000000100000000)
  eden space 22016K, 0% used [0x00000000d5580000,0x00000000d5580000,0x00000000d6b00000)
  from space 2048K, 100% used [0x00000000d6c00000,0x00000000d6e00000,0x00000000d6e00000)
  to   space 3584K, 0% used [0x00000000d6e80000,0x00000000d6e80000,0x00000000d7200000)
 ParOldGen       total 68608K, used 19724K [0x0000000080000000, 0x0000000084300000, 0x00000000d5580000)
  object space 68608K, 28% used [0x0000000080000000,0x00000000813431c0,0x0000000084300000)
 Metaspace       used 39772K, committed 40960K, reserved 1114112K
  class space    used 4270K, committed 4736K, reserved 1048576K
}
Event: 19.080 GC heap before
{Heap before GC invocations=18 (full 2):
 PSYoungGen      total 24064K, used 23992K [0x00000000d5580000, 0x00000000d7200000, 0x0000000100000000)
  eden space 22016K, 99% used [0x00000000d5580000,0x00000000d6aee2f0,0x00000000d6b00000)
  from space 2048K, 100% used [0x00000000d6c00000,0x00000000d6e00000,0x00000000d6e00000)
  to   space 3584K, 0% used [0x00000000d6e80000,0x00000000d6e80000,0x00000000d7200000)
 ParOldGen       total 68608K, used 19724K [0x0000000080000000, 0x0000000084300000, 0x00000000d5580000)
  object space 68608K, 28% used [0x0000000080000000,0x00000000813431c0,0x0000000084300000)
 Metaspace       used 42073K, committed 43328K, reserved 1114112K
  class space    used 4567K, committed 5120K, reserved 1048576K
}
Event: 19.091 GC heap after
{Heap after GC invocations=18 (full 2):
 PSYoungGen      total 24064K, used 1664K [0x00000000d5580000, 0x00000000d7080000, 0x0000000100000000)
  eden space 22016K, 0% used [0x00000000d5580000,0x00000000d5580000,0x00000000d6b00000)
  from space 2048K, 81% used [0x00000000d6e80000,0x00000000d7020000,0x00000000d7080000)
  to   space 2560K, 0% used [0x00000000d6b80000,0x00000000d6b80000,0x00000000d6e00000)
 ParOldGen       total 68608K, used 21671K [0x0000000080000000, 0x0000000084300000, 0x00000000d5580000)
  object space 68608K, 31% used [0x0000000080000000,0x0000000081529f88,0x0000000084300000)
 Metaspace       used 42073K, committed 43328K, reserved 1114112K
  class space    used 4567K, committed 5120K, reserved 1048576K
}

Dll operation events (10 events):
Event: 0.038 Loaded shared library c:\Users\PC\.vscode\extensions\redhat.java-1.46.0-win32-x64\jre\21.0.8-win32-x86_64\bin\java.dll
Event: 0.374 Loaded shared library c:\Users\PC\.vscode\extensions\redhat.java-1.46.0-win32-x64\jre\21.0.8-win32-x86_64\bin\zip.dll
Event: 0.525 Loaded shared library C:\Users\PC\.vscode\extensions\redhat.java-1.46.0-win32-x64\jre\21.0.8-win32-x86_64\bin\instrument.dll
Event: 0.564 Loaded shared library C:\Users\PC\.vscode\extensions\redhat.java-1.46.0-win32-x64\jre\21.0.8-win32-x86_64\bin\net.dll
Event: 0.567 Loaded shared library C:\Users\PC\.vscode\extensions\redhat.java-1.46.0-win32-x64\jre\21.0.8-win32-x86_64\bin\nio.dll
Event: 0.572 Loaded shared library C:\Users\PC\.vscode\extensions\redhat.java-1.46.0-win32-x64\jre\21.0.8-win32-x86_64\bin\zip.dll
Event: 0.705 Loaded shared library C:\Users\PC\.vscode\extensions\redhat.java-1.46.0-win32-x64\jre\21.0.8-win32-x86_64\bin\jimage.dll
Event: 0.939 Loaded shared library c:\Users\PC\.vscode\extensions\redhat.java-1.46.0-win32-x64\jre\21.0.8-win32-x86_64\bin\verify.dll
Event: 5.135 Loaded shared library C:\Users\PC\AppData\Roaming\Code\User\globalStorage\redhat.java\1.46.0\config_win\org.eclipse.equinox.launcher\org.eclipse.equinox.launcher.win32.win32.x86_64_1.2.1400.v20250801-0854\eclipse_11916.dll
Event: 12.030 Loaded shared library C:\Users\PC\AppData\Local\Temp\jna-2547\jna12352038567519862362.dll

Deoptimization events (20 events):
Event: 19.689 Thread 0x00000204f80a6060 Uncommon trap: trap_request=0xffffffd6 fr.pc=0x00000204a681a1ec relative=0x00000000000000cc
Event: 19.689 Thread 0x00000204f80a6060 Uncommon trap: reason=array_check action=maybe_recompile pc=0x00000204a681a1ec method=java.util.stream.Nodes$FixedNodeBuilder.accept(Ljava/lang/Object;)V @ 28 c2
Event: 19.689 Thread 0x00000204f80a6060 DEOPT PACKING pc=0x00000204a681a1ec sp=0x00000066d14fd0f0
Event: 19.689 Thread 0x00000204f80a6060 DEOPT UNPACKING pc=0x00000204a6063aa2 sp=0x00000066d14fd070 mode 2
Event: 19.790 Thread 0x00000204f969fbe0 Uncommon trap: trap_request=0xffffff45 fr.pc=0x00000204a67a0e68 relative=0x0000000000000ca8
Event: 19.790 Thread 0x00000204f969fbe0 Uncommon trap: reason=unstable_if action=reinterpret pc=0x00000204a67a0e68 method=sun.nio.cs.StreamDecoder.implRead([CII)I @ 36 c2
Event: 19.790 Thread 0x00000204f969fbe0 DEOPT PACKING pc=0x00000204a67a0e68 sp=0x00000066d24fdc00
Event: 19.790 Thread 0x00000204f969fbe0 DEOPT UNPACKING pc=0x00000204a6063aa2 sp=0x00000066d24fdbc0 mode 2
Event: 19.834 Thread 0x00000204f80a6060 Uncommon trap: trap_request=0xffffffde fr.pc=0x00000204a6808f60 relative=0x0000000000000e80
Event: 19.834 Thread 0x00000204f80a6060 Uncommon trap: reason=class_check action=maybe_recompile pc=0x00000204a6808f60 method=java.util.HashMap.putVal(ILjava/lang/Object;Ljava/lang/Object;ZZ)Ljava/lang/Object; @ 203 c2
Event: 19.834 Thread 0x00000204f80a6060 DEOPT PACKING pc=0x00000204a6808f60 sp=0x00000066d14fe6b0
Event: 19.834 Thread 0x00000204f80a6060 DEOPT UNPACKING pc=0x00000204a6063aa2 sp=0x00000066d14fe548 mode 2
Event: 19.834 Thread 0x00000204f80a6060 Uncommon trap: trap_request=0xffffffde fr.pc=0x00000204a6808f60 relative=0x0000000000000e80
Event: 19.834 Thread 0x00000204f80a6060 Uncommon trap: reason=class_check action=maybe_recompile pc=0x00000204a6808f60 method=java.util.HashMap.putVal(ILjava/lang/Object;Ljava/lang/Object;ZZ)Ljava/lang/Object; @ 203 c2
Event: 19.834 Thread 0x00000204f80a6060 DEOPT PACKING pc=0x00000204a6808f60 sp=0x00000066d14fe6b0
Event: 19.834 Thread 0x00000204f80a6060 DEOPT UNPACKING pc=0x00000204a6063aa2 sp=0x00000066d14fe548 mode 2
Event: 19.834 Thread 0x00000204f80a6060 Uncommon trap: trap_request=0xffffffde fr.pc=0x00000204a65e5530 relative=0x00000000000006f0
Event: 19.834 Thread 0x00000204f80a6060 Uncommon trap: reason=class_check action=maybe_recompile pc=0x00000204a65e5530 method=java.util.HashMap.putVal(ILjava/lang/Object;Ljava/lang/Object;ZZ)Ljava/lang/Object; @ 203 c2
Event: 19.834 Thread 0x00000204f80a6060 DEOPT PACKING pc=0x00000204a65e5530 sp=0x00000066d14fe600
Event: 19.834 Thread 0x00000204f80a6060 DEOPT UNPACKING pc=0x00000204a6063aa2 sp=0x00000066d14fe570 mode 2

Classes loaded (20 events):
Event: 18.706 Loading class sun/nio/ch/Iocp$ResultHandler done
Event: 18.707 Loading class sun/nio/ch/WindowsAsynchronousFileChannelImpl$ReadTask done
Event: 18.794 Loading class java/io/PrintWriter$1
Event: 18.794 Loading class jdk/internal/access/JavaIOPrintWriterAccess
Event: 18.794 Loading class jdk/internal/access/JavaIOPrintWriterAccess done
Event: 18.794 Loading class java/io/PrintWriter$1 done
Event: 18.795 Loading class java/time/format/DateTimeParseContext
Event: 18.796 Loading class java/time/format/DateTimeParseContext done
Event: 18.796 Loading class java/time/format/Parsed
Event: 18.796 Loading class java/time/format/Parsed done
Event: 19.157 Loading class sun/nio/cs/ThreadLocalCoders
Event: 19.158 Loading class sun/nio/cs/ThreadLocalCoders done
Event: 19.158 Loading class sun/nio/cs/ThreadLocalCoders$1
Event: 19.158 Loading class sun/nio/cs/ThreadLocalCoders$Cache
Event: 19.158 Loading class sun/nio/cs/ThreadLocalCoders$Cache done
Event: 19.158 Loading class sun/nio/cs/ThreadLocalCoders$1 done
Event: 19.159 Loading class sun/nio/cs/ThreadLocalCoders$2
Event: 19.159 Loading class sun/nio/cs/ThreadLocalCoders$2 done
Event: 19.652 Loading class java/io/UTFDataFormatException
Event: 19.653 Loading class java/io/UTFDataFormatException done

Classes unloaded (7 events):
Event: 13.709 Thread 0x000002049b9a1310 Unloading class 0x00000204b41a5400 'java/lang/invoke/LambdaForm$MH+0x00000204b41a5400'
Event: 13.709 Thread 0x000002049b9a1310 Unloading class 0x00000204b41a5000 'java/lang/invoke/LambdaForm$MH+0x00000204b41a5000'
Event: 13.709 Thread 0x000002049b9a1310 Unloading class 0x00000204b41a4c00 'java/lang/invoke/LambdaForm$MH+0x00000204b41a4c00'
Event: 13.709 Thread 0x000002049b9a1310 Unloading class 0x00000204b41a4800 'java/lang/invoke/LambdaForm$MH+0x00000204b41a4800'
Event: 13.709 Thread 0x000002049b9a1310 Unloading class 0x00000204b41a4400 'java/lang/invoke/LambdaForm$BMH+0x00000204b41a4400'
Event: 13.709 Thread 0x000002049b9a1310 Unloading class 0x00000204b41a4000 'java/lang/invoke/LambdaForm$DMH+0x00000204b41a4000'
Event: 13.709 Thread 0x000002049b9a1310 Unloading class 0x00000204b41a2c00 'java/lang/invoke/LambdaForm$DMH+0x00000204b41a2c00'

Classes redefined (0 events):
No events

Internal exceptions (20 events):
Event: 18.249 Thread 0x00000204f80a5340 Exception <a 'sun/nio/fs/WindowsException'{0x00000000d696f010}> (0x00000000d696f010) 
thrown [s\src\hotspot\share\prims\jni.cpp, line 520]
Event: 18.250 Thread 0x00000204f80a5340 Exception <a 'sun/nio/fs/WindowsException'{0x00000000d6971d98}> (0x00000000d6971d98) 
thrown [s\src\hotspot\share\prims\jni.cpp, line 520]
Event: 18.250 Thread 0x00000204f80a5340 Exception <a 'sun/nio/fs/WindowsException'{0x00000000d69723c8}> (0x00000000d69723c8) 
thrown [s\src\hotspot\share\prims\jni.cpp, line 520]
Event: 18.264 Thread 0x00000204f80a5340 Exception <a 'java/io/FileNotFoundException'{0x00000000d6a136f0}> (0x00000000d6a136f0) 
thrown [s\src\hotspot\share\prims\jni.cpp, line 520]
Event: 18.423 Thread 0x00000204f80a5340 Exception <a 'sun/nio/fs/WindowsException'{0x00000000d5d7c720}> (0x00000000d5d7c720) 
thrown [s\src\hotspot\share\prims\jni.cpp, line 520]
Event: 18.423 Thread 0x00000204f80a5340 Exception <a 'sun/nio/fs/WindowsException'{0x00000000d5d7cd50}> (0x00000000d5d7cd50) 
thrown [s\src\hotspot\share\prims\jni.cpp, line 520]
Event: 18.425 Thread 0x00000204f80a6060 Exception <a 'java/lang/NoSuchMethodError'{0x00000000d5d48470}: 'void java.lang.invoke.DirectMethodHandle$Holder.invokeStaticInit(java.lang.Object, java.lang.Object, java.lang.Object)'> (0x00000000d5d48470) 
thrown [s\src\hotspot\share\interpreter\linkResolver.cpp, line 773]
Event: 18.438 Thread 0x00000204f80a6060 Exception <a 'java/lang/ExceptionInInitializerError'{0x00000000d5dddc10}> (0x00000000d5dddc10) 
thrown [s\src\hotspot\share\oops\instanceKlass.cpp, line 1220]
Event: 18.514 Thread 0x00000204f80a6060 Implicit null exception at 0x00000204a66eec80 to 0x00000204a66eef04
Event: 18.514 Thread 0x00000204f80a6060 Implicit null exception at 0x00000204a666ee20 to 0x00000204a666fda4
Event: 18.517 Thread 0x00000204f80a6060 Exception <a 'java/lang/NoSuchMethodError'{0x00000000d6095f40}: 'java.lang.Object java.lang.invoke.Invokers$Holder.invokeExact_MT(java.lang.Object, int, java.lang.Object)'> (0x00000000d6095f40) 
thrown [s\src\hotspot\share\interpreter\linkResolver.cpp, line 773]
Event: 18.562 Thread 0x000002049b8e27f0 Exception <a 'java/lang/NoSuchMethodError'{0x00000000d6214730}: 'void java.lang.invoke.DirectMethodHandle$Holder.invokeSpecial(java.lang.Object, java.lang.Object, java.lang.Object, java.lang.Object, java.lang.Object, java.lang.Object)'> (0x00000000d6214730) 
thrown [s\src\hotspot\share\interpreter\linkResolver.cpp, line 773]
Event: 18.563 Thread 0x000002049b8e27f0 Exception <a 'java/lang/IncompatibleClassChangeError'{0x00000000d621c798}: Found class java.lang.Object, but interface was expected> (0x00000000d621c798) 
thrown [s\src\hotspot\share\interpreter\linkResolver.cpp, line 840]
Event: 18.563 Thread 0x000002049b8e27f0 Exception <a 'java/lang/IncompatibleClassChangeError'{0x00000000d621e5f0}: Found class java.lang.Object, but interface was expected> (0x00000000d621e5f0) 
thrown [s\src\hotspot\share\interpreter\linkResolver.cpp, line 840]
Event: 19.487 Thread 0x00000204f80a5340 Exception <a 'sun/nio/fs/WindowsException'{0x00000000d5bb0278}> (0x00000000d5bb0278) 
thrown [s\src\hotspot\share\prims\jni.cpp, line 520]
Event: 19.619 Thread 0x00000204f80a5340 Exception <a 'java/io/FileNotFoundException'{0x00000000d5ff05a8}> (0x00000000d5ff05a8) 
thrown [s\src\hotspot\share\prims\jni.cpp, line 520]
Event: 19.620 Thread 0x00000204f80a5340 Exception <a 'java/io/FileNotFoundException'{0x00000000d5ff1830}> (0x00000000d5ff1830) 
thrown [s\src\hotspot\share\prims\jni.cpp, line 520]
Event: 19.622 Thread 0x00000204f80a5340 Exception <a 'java/lang/NoSuchMethodError'{0x00000000d601fda8}: 'java.lang.Object java.lang.invoke.DirectMethodHandle$Holder.newInvokeSpecial(java.lang.Object, java.lang.Object, java.lang.Object, int)'> (0x00000000d601fda8) 
thrown [s\src\hotspot\share\interpreter\linkResolver.cpp, line 773]
Event: 19.623 Thread 0x00000204f80a5340 Exception <a 'java/lang/NoSuchMethodError'{0x00000000d6023a60}: 'java.lang.Object java.lang.invoke.DirectMethodHandle$Holder.invokeSpecial(java.lang.Object, java.lang.Object, java.lang.Object, java.lang.Object, int)'> (0x00000000d6023a60) 
thrown [s\src\hotspot\share\interpreter\linkResolver.cpp, line 773]
Event: 19.624 Thread 0x00000204f80a5340 Exception <a 'java/lang/NoSuchMethodError'{0x00000000d6030ab0}: 'java.lang.Object java.lang.invoke.Invokers$Holder.linkToTargetMethod(java.lang.Object, java.lang.Object, int, java.lang.Object)'> (0x00000000d6030ab0) 
thrown [s\src\hotspot\share\interpreter\linkResolver.cpp, line 773]

ZGC Phase Switch (0 events):
No events

VM Operations (20 events):
Event: 17.150 Executing VM operation: HandshakeAllThreads (Deoptimize)
Event: 17.150 Executing VM operation: HandshakeAllThreads (Deoptimize) done
Event: 17.190 Executing VM operation: HandshakeAllThreads (Deoptimize)
Event: 17.190 Executing VM operation: HandshakeAllThreads (Deoptimize) done
Event: 17.297 Executing VM operation: HandshakeAllThreads (Deoptimize)
Event: 17.298 Executing VM operation: HandshakeAllThreads (Deoptimize) done
Event: 17.311 Executing VM operation: CollectForMetadataAllocation (Metadata GC Threshold)
Event: 17.386 Executing VM operation: CollectForMetadataAllocation (Metadata GC Threshold) done
Event: 17.504 Executing VM operation: HandshakeAllThreads (Deoptimize)
Event: 17.504 Executing VM operation: HandshakeAllThreads (Deoptimize) done
Event: 17.798 Executing VM operation: ParallelGCFailedAllocation (Allocation Failure)
Event: 17.822 Executing VM operation: ParallelGCFailedAllocation (Allocation Failure) done
Event: 18.261 Executing VM operation: HandshakeAllThreads (Deoptimize)
Event: 18.271 Executing VM operation: HandshakeAllThreads (Deoptimize) done
Event: 18.280 Executing VM operation: ParallelGCFailedAllocation (Allocation Failure)
Event: 18.286 Executing VM operation: ParallelGCFailedAllocation (Allocation Failure) done
Event: 18.741 Executing VM operation: HandshakeAllThreads (Deoptimize)
Event: 18.741 Executing VM operation: HandshakeAllThreads (Deoptimize) done
Event: 19.079 Executing VM operation: ParallelGCFailedAllocation (Allocation Failure)
Event: 19.091 Executing VM operation: ParallelGCFailedAllocation (Allocation Failure) done

Memory protections (0 events):
No events

Nmethod flushes (20 events):
Event: 17.349 Thread 0x000002049b9a1310 flushing  nmethod 0x000002049f0f2d10
Event: 17.349 Thread 0x000002049b9a1310 flushing  nmethod 0x000002049f0f3510
Event: 17.349 Thread 0x000002049b9a1310 flushing  nmethod 0x000002049f0f6190
Event: 17.349 Thread 0x000002049b9a1310 flushing  nmethod 0x000002049f0f7010
Event: 17.349 Thread 0x000002049b9a1310 flushing  nmethod 0x000002049f0f7d10
Event: 17.349 Thread 0x000002049b9a1310 flushing  nmethod 0x000002049f101990
Event: 17.349 Thread 0x000002049b9a1310 flushing  nmethod 0x000002049f102390
Event: 17.349 Thread 0x000002049b9a1310 flushing  nmethod 0x000002049f102e10
Event: 17.349 Thread 0x000002049b9a1310 flushing  nmethod 0x000002049f10bf10
Event: 17.349 Thread 0x000002049b9a1310 flushing  nmethod 0x000002049f143610
Event: 17.349 Thread 0x000002049b9a1310 flushing  nmethod 0x000002049f143a10
Event: 17.349 Thread 0x000002049b9a1310 flushing  nmethod 0x000002049f19a690
Event: 17.349 Thread 0x000002049b9a1310 flushing  nmethod 0x000002049f19c490
Event: 17.349 Thread 0x000002049b9a1310 flushing  nmethod 0x000002049f1c3490
Event: 17.349 Thread 0x000002049b9a1310 flushing  nmethod 0x000002049f1d4910
Event: 17.349 Thread 0x000002049b9a1310 flushing  nmethod 0x000002049f1f8d90
Event: 17.349 Thread 0x000002049b9a1310 flushing  nmethod 0x000002049f21a490
Event: 17.349 Thread 0x000002049b9a1310 flushing  nmethod 0x000002049f21a910
Event: 17.349 Thread 0x000002049b9a1310 flushing  nmethod 0x000002049f237a10
Event: 17.349 Thread 0x000002049b9a1310 flushing  nmethod 0x000002049f23a290

Events (20 events):
Event: 9.400 Thread 0x00000204f84c0810 Thread exited: 0x00000204f84c0810
Event: 10.455 Thread 0x00000204f8b75800 Thread added: 0x00000204f8a63030
Event: 12.082 Thread 0x00000204f8b75800 Thread added: 0x00000204f81593d0
Event: 12.146 Thread 0x00000204f8b75800 Thread added: 0x00000204f80a6060
Event: 12.197 Thread 0x00000204f8b75800 Thread added: 0x00000204f80a5340
Event: 12.395 Thread 0x000002049b84ba10 Thread added: 0x00000204fa397fb0
Event: 12.935 Thread 0x00000204fa397fb0 Thread exited: 0x00000204fa397fb0
Event: 15.313 Thread 0x00000204f80a5340 Thread added: 0x00000204f80a2be0
Event: 15.561 Thread 0x000002049b84ba10 Thread added: 0x00000204f93837c0
Event: 16.663 Thread 0x00000204f8b75800 Thread added: 0x00000204f80a3f90
Event: 17.589 Thread 0x00000204f80a2be0 Thread added: 0x00000204f80a59d0
Event: 17.797 Thread 0x00000204f80a59d0 Thread added: 0x00000204f80a3270
Event: 18.001 Thread 0x000002049b8e27f0 Thread added: 0x00000204f80a3900
Event: 18.001 Thread 0x000002049b8e27f0 Thread added: 0x00000204f80a4620
Event: 18.001 Thread 0x000002049b8e27f0 Thread added: 0x00000204f80a4cb0
Event: 18.001 Thread 0x000002049b8e27f0 Thread added: 0x00000204f969eec0
Event: 18.002 Thread 0x000002049b8e27f0 Thread added: 0x00000204f96a2340
Event: 18.096 Thread 0x000002049b8e27f0 Thread added: 0x00000204f96a29d0
Event: 18.638 Thread 0x000002049b8e27f0 Thread added: 0x00000204f969d480
Event: 18.638 Thread 0x000002049b8e27f0 Thread added: 0x00000204f969fbe0


Dynamic libraries:
0x00007ff7a7680000 - 0x00007ff7a768e000 	c:\Users\PC\.vscode\extensions\redhat.java-1.46.0-win32-x64\jre\21.0.8-win32-x86_64\bin\java.exe
0x00007ff819f30000 - 0x00007ff81a128000 	C:\WINDOWS\SYSTEM32\ntdll.dll
0x00007ff818730000 - 0x00007ff8187f2000 	C:\WINDOWS\System32\KERNEL32.DLL
0x00007ff817950000 - 0x00007ff817c46000 	C:\WINDOWS\System32\KERNELBASE.dll
0x00007ff817650000 - 0x00007ff817750000 	C:\WINDOWS\System32\ucrtbase.dll
0x00007fffff060000 - 0x00007fffff078000 	c:\Users\PC\.vscode\extensions\redhat.java-1.46.0-win32-x64\jre\21.0.8-win32-x86_64\bin\jli.dll
0x00007ff8181a0000 - 0x00007ff81833d000 	C:\WINDOWS\System32\USER32.dll
0x00007ff817c50000 - 0x00007ff817c72000 	C:\WINDOWS\System32\win32u.dll
0x00007ff819540000 - 0x00007ff81956b000 	C:\WINDOWS\System32\GDI32.dll
0x00007ff817cd0000 - 0x00007ff817de9000 	C:\WINDOWS\System32\gdi32full.dll
0x00007ff817750000 - 0x00007ff8177ed000 	C:\WINDOWS\System32\msvcp_win.dll
0x00007ffffcac0000 - 0x00007ffffcade000 	c:\Users\PC\.vscode\extensions\redhat.java-1.46.0-win32-x64\jre\21.0.8-win32-x86_64\bin\VCRUNTIME140.dll
0x00007ff804990000 - 0x00007ff804c2b000 	C:\WINDOWS\WinSxS\amd64_microsoft.windows.common-controls_6595b64144ccf1df_6.0.19041.6280_none_60bc30a171f2f3f3\COMCTL32.dll
0x00007ff8184c0000 - 0x00007ff81855e000 	C:\WINDOWS\System32\msvcrt.dll
0x00007ff819ab0000 - 0x00007ff819adf000 	C:\WINDOWS\System32\IMM32.DLL
0x00007ff8121a0000 - 0x00007ff8121ac000 	c:\Users\PC\.vscode\extensions\redhat.java-1.46.0-win32-x64\jre\21.0.8-win32-x86_64\bin\vcruntime140_1.dll
0x00007fffdf3a0000 - 0x00007fffdf42d000 	c:\Users\PC\.vscode\extensions\redhat.java-1.46.0-win32-x64\jre\21.0.8-win32-x86_64\bin\msvcp140.dll
0x00007fff98d60000 - 0x00007fff99af7000 	c:\Users\PC\.vscode\extensions\redhat.java-1.46.0-win32-x64\jre\21.0.8-win32-x86_64\bin\server\jvm.dll
0x00007ff8180e0000 - 0x00007ff818191000 	C:\WINDOWS\System32\ADVAPI32.dll
0x00007ff8183c0000 - 0x00007ff81845f000 	C:\WINDOWS\System32\sechost.dll
0x00007ff818c40000 - 0x00007ff818d60000 	C:\WINDOWS\System32\RPCRT4.dll
0x00007ff817e80000 - 0x00007ff817ea7000 	C:\WINDOWS\System32\bcrypt.dll
0x00007ff818350000 - 0x00007ff8183bb000 	C:\WINDOWS\System32\WS2_32.dll
0x00007ff8174b0000 - 0x00007ff8174fb000 	C:\WINDOWS\SYSTEM32\POWRPROF.dll
0x00007ff800c40000 - 0x00007ff800c67000 	C:\WINDOWS\SYSTEM32\WINMM.dll
0x00007ff8100a0000 - 0x00007ff8100aa000 	C:\WINDOWS\SYSTEM32\VERSION.dll
0x00007ff817410000 - 0x00007ff817422000 	C:\WINDOWS\SYSTEM32\UMPDC.dll
0x00007ff815330000 - 0x00007ff815342000 	C:\WINDOWS\SYSTEM32\kernel.appcore.dll
0x00007ff810980000 - 0x00007ff81098a000 	c:\Users\PC\.vscode\extensions\redhat.java-1.46.0-win32-x64\jre\21.0.8-win32-x86_64\bin\jimage.dll
0x00007fffffc20000 - 0x00007fffffe21000 	C:\WINDOWS\SYSTEM32\DBGHELP.DLL
0x00007ffffd270000 - 0x00007ffffd2a4000 	C:\WINDOWS\SYSTEM32\dbgcore.DLL
0x00007ff817df0000 - 0x00007ff817e72000 	C:\WINDOWS\System32\bcryptPrimitives.dll
0x00007ff80d6c0000 - 0x00007ff80d6cf000 	c:\Users\PC\.vscode\extensions\redhat.java-1.46.0-win32-x64\jre\21.0.8-win32-x86_64\bin\instrument.dll
0x00007ffffca50000 - 0x00007ffffca6f000 	c:\Users\PC\.vscode\extensions\redhat.java-1.46.0-win32-x64\jre\21.0.8-win32-x86_64\bin\java.dll
0x00007ff818dd0000 - 0x00007ff819540000 	C:\WINDOWS\System32\SHELL32.dll
0x00007ff815610000 - 0x00007ff815db5000 	C:\WINDOWS\SYSTEM32\windows.storage.dll
0x00007ff819b90000 - 0x00007ff819ee3000 	C:\WINDOWS\System32\combase.dll
0x00007ff816e50000 - 0x00007ff816e7b000 	C:\WINDOWS\SYSTEM32\Wldp.dll
0x00007ff817f60000 - 0x00007ff81802d000 	C:\WINDOWS\System32\OLEAUT32.dll
0x00007ff819ae0000 - 0x00007ff819b8d000 	C:\WINDOWS\System32\SHCORE.dll
0x00007ff819a50000 - 0x00007ff819aab000 	C:\WINDOWS\System32\shlwapi.dll
0x00007ff817500000 - 0x00007ff817524000 	C:\WINDOWS\SYSTEM32\profapi.dll
0x00007ffffc580000 - 0x00007ffffc598000 	c:\Users\PC\.vscode\extensions\redhat.java-1.46.0-win32-x64\jre\21.0.8-win32-x86_64\bin\zip.dll
0x00007ff80d550000 - 0x00007ff80d560000 	C:\Users\PC\.vscode\extensions\redhat.java-1.46.0-win32-x64\jre\21.0.8-win32-x86_64\bin\net.dll
0x00007ff80ef30000 - 0x00007ff80f03a000 	C:\WINDOWS\SYSTEM32\WINHTTP.dll
0x00007ff816c30000 - 0x00007ff816c9a000 	C:\WINDOWS\system32\mswsock.dll
0x00007fffed010000 - 0x00007fffed026000 	C:\Users\PC\.vscode\extensions\redhat.java-1.46.0-win32-x64\jre\21.0.8-win32-x86_64\bin\nio.dll
0x00007ff80d3d0000 - 0x00007ff80d3e0000 	c:\Users\PC\.vscode\extensions\redhat.java-1.46.0-win32-x64\jre\21.0.8-win32-x86_64\bin\verify.dll
0x00007fffe7970000 - 0x00007fffe79b4000 	C:\Users\PC\AppData\Roaming\Code\User\globalStorage\redhat.java\1.46.0\config_win\org.eclipse.equinox.launcher\org.eclipse.equinox.launcher.win32.win32.x86_64_1.2.1400.v20250801-0854\eclipse_11916.dll
0x00007ff8188e0000 - 0x00007ff818a0b000 	C:\WINDOWS\System32\ole32.dll
0x00007ff816f00000 - 0x00007ff816f18000 	C:\WINDOWS\SYSTEM32\CRYPTSP.dll
0x00007ff816570000 - 0x00007ff8165a8000 	C:\WINDOWS\system32\rsaenh.dll
0x00007ff817430000 - 0x00007ff81745e000 	C:\WINDOWS\SYSTEM32\USERENV.dll
0x00007ff816dc0000 - 0x00007ff816dcc000 	C:\WINDOWS\SYSTEM32\CRYPTBASE.dll
0x00007ff816930000 - 0x00007ff81696b000 	C:\WINDOWS\SYSTEM32\IPHLPAPI.DLL
0x00007ff819a40000 - 0x00007ff819a48000 	C:\WINDOWS\System32\NSI.dll
0x00007fffe6570000 - 0x00007fffe65b9000 	C:\Users\PC\AppData\Local\Temp\jna-2547\jna12352038567519862362.dll
0x00007ff818340000 - 0x00007ff818348000 	C:\WINDOWS\System32\PSAPI.DLL
0x00007ff80ea10000 - 0x00007ff80ea27000 	C:\WINDOWS\SYSTEM32\dhcpcsvc6.DLL
0x00007ff80e9f0000 - 0x00007ff80ea0d000 	C:\WINDOWS\SYSTEM32\dhcpcsvc.DLL

JVMTI agents:
c:\Users\PC\.vscode\extensions\redhat.java-1.46.0-win32-x64\lombok\lombok-1.18.39-4050.jar path:c:\Users\PC\.vscode\extensions\redhat.java-1.46.0-win32-x64\jre\21.0.8-win32-x86_64\bin\instrument.dll, loaded, initialized, instrumentlib options:none

dbghelp: loaded successfully - version: 4.0.5 - missing functions: none
symbol engine: initialized successfully - sym options: 0x614 - pdb path: .;c:\Users\PC\.vscode\extensions\redhat.java-1.46.0-win32-x64\jre\21.0.8-win32-x86_64\bin;C:\WINDOWS\SYSTEM32;C:\WINDOWS\WinSxS\amd64_microsoft.windows.common-controls_6595b64144ccf1df_6.0.19041.6280_none_60bc30a171f2f3f3;c:\Users\PC\.vscode\extensions\redhat.java-1.46.0-win32-x64\jre\21.0.8-win32-x86_64\bin\server;C:\Users\PC\AppData\Roaming\Code\User\globalStorage\redhat.java\1.46.0\config_win\org.eclipse.equinox.launcher\org.eclipse.equinox.launcher.win32.win32.x86_64_1.2.1400.v20250801-0854;C:\Users\PC\AppData\Local\Temp\jna-2547

VM Arguments:
jvm_args: --add-modules=ALL-SYSTEM --add-opens=java.base/java.util=ALL-UNNAMED --add-opens=java.base/java.lang=ALL-UNNAMED --add-opens=java.base/sun.nio.fs=ALL-UNNAMED -Declipse.application=org.eclipse.jdt.ls.core.id1 -Dosgi.bundles.defaultStartLevel=4 -Declipse.product=org.eclipse.jdt.ls.core.product -Djava.import.generatesMetadataFilesAtProjectRoot=false -DDetectVMInstallationsJob.disabled=true -Dfile.encoding=utf8 -XX:+UseParallelGC -XX:GCTimeRatio=4 -XX:AdaptiveSizePolicyWeight=90 -Dsun.zip.disableMemoryMapping=true -Xmx2G -Xms100m -Xlog:disable -javaagent:c:\Users\PC\.vscode\extensions\redhat.java-1.46.0-win32-x64\lombok\lombok-1.18.39-4050.jar -XX:+HeapDumpOnOutOfMemoryError -XX:HeapDumpPath=c:\Users\PC\AppData\Roaming\Code\User\workspaceStorage\a7774935400adb46316252e87de73008\redhat.java -Daether.dependencyCollector.impl=bf 
java_command: c:\Users\PC\.vscode\extensions\redhat.java-1.46.0-win32-x64\server\plugins\org.eclipse.equinox.launcher_1.7.0.v20250519-0528.jar -configuration c:\Users\PC\AppData\Roaming\Code\User\globalStorage\redhat.java\1.46.0\config_win -data c:\Users\PC\AppData\Roaming\Code\User\workspaceStorage\a7774935400adb46316252e87de73008\redhat.java\jdt_ws --pipe=\\.\pipe\lsp-2425e879556655963dac1a9596df35c5-sock
java_class_path (initial): c:\Users\PC\.vscode\extensions\redhat.java-1.46.0-win32-x64\server\plugins\org.eclipse.equinox.launcher_1.7.0.v20250519-0528.jar
Launcher Type: SUN_STANDARD

[Global flags]
    uintx AdaptiveSizePolicyWeight                 = 90                                        {product} {command line}
     intx CICompilerCount                          = 3                                         {product} {ergonomic}
    uintx GCTimeRatio                              = 4                                         {product} {command line}
     bool HeapDumpOnOutOfMemoryError               = true                                   {manageable} {command line}
    ccstr HeapDumpPath                             = c:\Users\PC\AppData\Roaming\Code\User\workspaceStorage\a7774935400adb46316252e87de73008\redhat.java         {manageable} {command line}
   size_t InitialHeapSize                          = 104857600                                 {product} {command line}
   size_t MaxHeapSize                              = 2147483648                                {product} {command line}
   size_t MaxNewSize                               = 715653120                                 {product} {ergonomic}
   size_t MinHeapDeltaBytes                        = 524288                                    {product} {ergonomic}
   size_t MinHeapSize                              = 104857600                                 {product} {command line}
   size_t NewSize                                  = 34603008                                  {product} {ergonomic}
    uintx NonNMethodCodeHeapSize                   = 5832780                                {pd product} {ergonomic}
    uintx NonProfiledCodeHeapSize                  = 122912730                              {pd product} {ergonomic}
   size_t OldSize                                  = 70254592                                  {product} {ergonomic}
    uintx ProfiledCodeHeapSize                     = 122912730                              {pd product} {ergonomic}
    uintx ReservedCodeCacheSize                    = 251658240                              {pd product} {ergonomic}
     bool SegmentedCodeCache                       = true                                      {product} {ergonomic}
   size_t SoftMaxHeapSize                          = 2147483648                             {manageable} {ergonomic}
     bool UseCompressedOops                        = true                           {product lp64_product} {ergonomic}
     bool UseLargePagesIndividualAllocation        = false                                  {pd product} {ergonomic}
     bool UseParallelGC                            = true                                      {product} {command line}

Logging:
Log output configuration:
 #0: stdout all=off uptime,level,tags foldmultilines=false
 #1: stderr all=off uptime,level,tags foldmultilines=false

Environment Variables:
JAVA_HOME=C:\Program Files\Java\jdk-21
PATH=C:\WINDOWS\system32;C:\WINDOWS;C:\WINDOWS\System32\Wbem;C:\WINDOWS\System32\WindowsPowerShell\v1.0\;C:\WINDOWS\System32\OpenSSH\;C:\Program Files\nodejs\;C:\Program Files\Microsoft SQL Server\150\Tools\Binn\;C:\Program Files\Microsoft SQL Server\Client SDK\ODBC\170\Tools\Binn\;C:\Program Files (x86)\Microsoft SQL Server\160\Tools\Binn\;C:\Program Files\Microsoft SQL Server\160\Tools\Binn\;C:\Program Files\Microsoft SQL Server\160\DTS\Binn\;C:\Program Files (x86)\Microsoft SQL Server\160\DTS\Binn\;C:\Users\PC\AppData\Local\Microsoft\WindowsApps\python.exe;C:\Users\PC\AppData\Local\Programs\Python\Python313\pythonw.exe;C:\Users\PC\AppData\Local\Programs\Python\Python313\pythonw.exe\Scripts\;C:\Program Files\Git\cmd;C:\Program Files\heroku\bin;C:\Snort\bin;C:\Program Files\Java;;C:\Program Files\Docker\Docker\resources\bin;C:\Program Files\dotnet\;C:\Users\PC\AppData\Local\Programs\Python\Launcher\;C:\Program Files\MySQL\MySQL Shell 8.0\bin\;C:\Users\PC\AppData\Local\Microsoft\WindowsApps;C:\Program Files\JetBrains\IntelliJ IDEA Community Edition 2023.3.2\bin;;C:\Users\PC\AppData\Local\Programs\Microsoft VS Code\bin;C:\Users\PC\AppData\Roaming\npm;C:\Users\PC\AppData\Local\GitHubDesktop\bin;C:\Users\PC\.dotnet\tools;C:\Program Files\heroku\bin;C:\src\flutter\bin;C:\Android\Sdk\cmdline-tools\latest\bin;C:\Android\Sdk\platform-tools;C:\Program Files\Java\jdk-21\bin;C:\Users\PC\AppData\Local\Programs\cursor\resources\app\bin;C:\Program Files\JetBrains\IntelliJ IDEA 2025.1.3\bin;;C:\Users\PC\AppData\Local\Google\Cloud SDK\google-cloud-sdk\bin
USERNAME=PC
OS=Windows_NT
PROCESSOR_IDENTIFIER=Intel64 Family 6 Model 78 Stepping 3, GenuineIntel
TMP=C:\Users\PC\AppData\Local\Temp
TEMP=C:\Users\PC\AppData\Local\Temp




Periodic native trim disabled

---------------  S Y S T E M  ---------------

OS:
 Windows 10 , 64 bit Build 19041 (10.0.19041.5915)
OS uptime: 3 days 19:28 hours
Hyper-V role detected

CPU: total 4 (initial active 4) (2 cores per cpu, 2 threads per core) family 6 model 78 stepping 3 microcode 0xcc, cx8, cmov, fxsr, ht, mmx, 3dnowpref, sse, sse2, sse3, ssse3, sse4.1, sse4.2, popcnt, lzcnt, tsc, tscinvbit, avx, avx2, aes, erms, clmul, bmi1, bmi2, adx, fma, vzeroupper, clflush, clflushopt, hv, rdtscp, f16c
Processor Information for the first 4 processors :
  Max Mhz: 2601, Current Mhz: 2600, Mhz Limit: 2574

Memory: 4k page, system-wide physical 8123M (354M free)
TotalPageFile size 23744M (AvailPageFile size 46M)
current process WorkingSet (physical memory assigned to process): 206M, peak: 213M
current process commit charge ("private bytes"): 315M, peak: 322M

vm_info: OpenJDK 64-Bit Server VM (21.0.8+9-LTS) for windows-amd64 JRE (21.0.8+9-LTS), built on 2025-07-15T00:00:00Z by "admin" with MS VC++ 17.7 (VS2022)

END.
