#
# There is insufficient memory for the Java Runtime Environment to continue.
# Native memory allocation (malloc) failed to allocate 1048576 bytes. Error detail: AllocateHeap
# Possible reasons:
#   The system is out of physical RAM or swap space
#   This process is running with CompressedOops enabled, and the Java Heap may be blocking the growth of the native heap
# Possible solutions:
#   Reduce memory load on the system
#   Increase physical memory or swap space
#   Check if swap backing store is full
#   Decrease Java heap size (-Xmx/-Xms)
#   Decrease number of Java threads
#   Decrease Java thread stack sizes (-Xss)
#   Set larger code cache with -XX:ReservedCodeCacheSize=
#   JVM is running with Unscaled Compressed Oops mode in which the Java heap is
#     placed in the first 4GB address space. The Java Heap base address is the
#     maximum limit for the native heap growth. Please use -XX:HeapBaseMinAddress
#     to set the Java Heap base and to place the Java Heap above 4GB virtual address.
# This output file may be truncated or incomplete.
#
#  Out of Memory Error (allocation.cpp:44), pid=7928, tid=10752
#
# JRE version: OpenJDK Runtime Environment Temurin-21.0.8+9 (21.0.8+9) (build 21.0.8+9-LTS)
# Java VM: OpenJDK 64-Bit Server VM Temurin-21.0.8+9 (21.0.8+9-LTS, mixed mode, sharing, tiered, compressed oops, compressed class ptrs, parallel gc, windows-amd64)
# No core dump will be written. Minidumps are not enabled by default on client versions of Windows
#

---------------  S U M M A R Y ------------

Command Line: --add-modules=ALL-SYSTEM --add-opens=java.base/java.util=ALL-UNNAMED --add-opens=java.base/java.lang=ALL-UNNAMED --add-opens=java.base/sun.nio.fs=ALL-UNNAMED -Declipse.application=org.eclipse.jdt.ls.core.id1 -Dosgi.bundles.defaultStartLevel=4 -Declipse.product=org.eclipse.jdt.ls.core.product -Djava.import.generatesMetadataFilesAtProjectRoot=false -DDetectVMInstallationsJob.disabled=true -Dfile.encoding=utf8 -XX:+UseParallelGC -XX:GCTimeRatio=4 -XX:AdaptiveSizePolicyWeight=90 -Dsun.zip.disableMemoryMapping=true -Xmx2G -Xms100m -Xlog:disable -javaagent:c:\Users\PC\.vscode\extensions\redhat.java-1.46.0-win32-x64\lombok\lombok-1.18.39-4050.jar -XX:+HeapDumpOnOutOfMemoryError -XX:HeapDumpPath=c:\Users\PC\AppData\Roaming\Code\User\workspaceStorage\6134f1503c8c8566539b0b770c17c32f\redhat.java -Daether.dependencyCollector.impl=bf c:\Users\PC\.vscode\extensions\redhat.java-1.46.0-win32-x64\server\plugins\org.eclipse.equinox.launcher_1.7.0.v20250519-0528.jar -configuration c:\Users\PC\AppData\Roaming\Code\User\globalStorage\redhat.java\1.46.0\config_win -data c:\Users\PC\AppData\Roaming\Code\User\workspaceStorage\6134f1503c8c8566539b0b770c17c32f\redhat.java\jdt_ws --pipe=\\.\pipe\lsp-12fd59f10a715df3f7e9a9f514c6af09-sock

Host: Intel(R) Core(TM) i7-6500U CPU @ 2.50GHz, 4 cores, 7G,  Windows 10 , 64 bit Build 19041 (10.0.19041.5915)
Time: Thu Oct  9 07:32:19 2025 Sri Lanka Standard Time elapsed time: 410.214506 seconds (0d 0h 6m 50s)

---------------  T H R E A D  ---------------

Current thread (0x0000024b60132720):  JavaThread "Attach Listener" daemon [_thread_in_vm, id=10752, stack(0x000000b237e00000,0x000000b237f00000) (1024K)]

Stack: [0x000000b237e00000,0x000000b237f00000]
Native frames: (J=compiled Java code, j=interpreted, Vv=VM code, C=native code)
V  [jvm.dll+0x6d2449]
V  [jvm.dll+0x8ae341]
V  [jvm.dll+0x8b08be]
V  [jvm.dll+0x8b0fa3]
V  [jvm.dll+0x280c96]
V  [jvm.dll+0xc0347]
V  [jvm.dll+0x6d2cf9]
V  [jvm.dll+0x131116]
V  [jvm.dll+0x3f2d16]
V  [jvm.dll+0x857e6b]
V  [jvm.dll+0x6d0b0d]
C  [ucrtbase.dll+0x21bb2]
C  [KERNEL32.DLL+0x17374]
C  [ntdll.dll+0x4cc91]


---------------  P R O C E S S  ---------------

Threads class SMR info:
_java_thread_list=0x0000024b67891210, length=37, elements={
0x0000024b086c2680, 0x0000024b6012b3d0, 0x0000024b6012ec40, 0x0000024b60131810,
0x0000024b60132720, 0x0000024b60135540, 0x0000024b60136fa0, 0x0000024b60137d20,
0x0000024b601a9a50, 0x0000024b601e57f0, 0x0000024b652920f0, 0x0000024b656b30d0,
0x0000024b656aad70, 0x0000024b651cb6d0, 0x0000024b650f4580, 0x0000024b655f1c80,
0x0000024b65cd2050, 0x0000024b6521f470, 0x0000024b653e4ae0, 0x0000024b666f4ea0,
0x0000024b666f6250, 0x0000024b666f5bc0, 0x0000024b666f7c90, 0x0000024b67559730,
0x0000024b67559dc0, 0x0000024b6755b170, 0x0000024b675590a0, 0x0000024b6755a450,
0x0000024b6755b800, 0x0000024b6755be90, 0x0000024b68820ac0, 0x0000024b67e78370,
0x0000024b67e78a00, 0x0000024b67e77ce0, 0x0000024b67e76fc0, 0x0000024b67e75580,
0x0000024b67e72e20
}

Java Threads: ( => current thread )
  0x0000024b086c2680 JavaThread "main"                              [_thread_blocked, id=21292, stack(0x000000b237700000,0x000000b237800000) (1024K)]
  0x0000024b6012b3d0 JavaThread "Reference Handler"          daemon [_thread_blocked, id=6184, stack(0x000000b237b00000,0x000000b237c00000) (1024K)]
  0x0000024b6012ec40 JavaThread "Finalizer"                  daemon [_thread_blocked, id=3600, stack(0x000000b237c00000,0x000000b237d00000) (1024K)]
  0x0000024b60131810 JavaThread "Signal Dispatcher"          daemon [_thread_blocked, id=24036, stack(0x000000b237d00000,0x000000b237e00000) (1024K)]
=>0x0000024b60132720 JavaThread "Attach Listener"            daemon [_thread_in_vm, id=10752, stack(0x000000b237e00000,0x000000b237f00000) (1024K)]
  0x0000024b60135540 JavaThread "Service Thread"             daemon [_thread_blocked, id=14348, stack(0x000000b237f00000,0x000000b238000000) (1024K)]
  0x0000024b60136fa0 JavaThread "Monitor Deflation Thread"   daemon [_thread_blocked, id=1484, stack(0x000000b238000000,0x000000b238100000) (1024K)]
  0x0000024b60137d20 JavaThread "C2 CompilerThread0"         daemon [_thread_blocked, id=20792, stack(0x000000b238100000,0x000000b238200000) (1024K)]
  0x0000024b601a9a50 JavaThread "C1 CompilerThread0"         daemon [_thread_blocked, id=13104, stack(0x000000b238200000,0x000000b238300000) (1024K)]
  0x0000024b601e57f0 JavaThread "Common-Cleaner"             daemon [_thread_blocked, id=16060, stack(0x000000b238300000,0x000000b238400000) (1024K)]
  0x0000024b652920f0 JavaThread "Notification Thread"        daemon [_thread_blocked, id=23672, stack(0x000000b238400000,0x000000b238500000) (1024K)]
  0x0000024b656b30d0 JavaThread "Active Thread: Equinox Container: 23bde4df-a7aa-4720-9ba2-4b8ea750b335"        [_thread_blocked, id=1236, stack(0x000000b238800000,0x000000b238900000) (1024K)]
  0x0000024b656aad70 JavaThread "Refresh Thread: Equinox Container: 23bde4df-a7aa-4720-9ba2-4b8ea750b335" daemon [_thread_blocked, id=23004, stack(0x000000b238900000,0x000000b238a00000) (1024K)]
  0x0000024b651cb6d0 JavaThread "Framework Event Dispatcher: Equinox Container: 23bde4df-a7aa-4720-9ba2-4b8ea750b335" daemon [_thread_blocked, id=17528, stack(0x000000b238a00000,0x000000b238b00000) (1024K)]
  0x0000024b650f4580 JavaThread "Start Level: Equinox Container: 23bde4df-a7aa-4720-9ba2-4b8ea750b335" daemon [_thread_blocked, id=16824, stack(0x000000b238b00000,0x000000b238c00000) (1024K)]
  0x0000024b655f1c80 JavaThread "Bundle File Closer"         daemon [_thread_blocked, id=19936, stack(0x000000b238c00000,0x000000b238d00000) (1024K)]
  0x0000024b65cd2050 JavaThread "SCR Component Actor"        daemon [_thread_blocked, id=4444, stack(0x000000b238d00000,0x000000b238e00000) (1024K)]
  0x0000024b6521f470 JavaThread "Worker-JM"                         [_thread_blocked, id=6964, stack(0x000000b238e00000,0x000000b238f00000) (1024K)]
  0x0000024b653e4ae0 JavaThread "JNA Cleaner"                daemon [_thread_blocked, id=19048, stack(0x000000b238f00000,0x000000b239000000) (1024K)]
  0x0000024b666f4ea0 JavaThread "Worker-2"                          [_thread_blocked, id=22764, stack(0x000000b239200000,0x000000b239300000) (1024K)]
  0x0000024b666f6250 JavaThread "Java indexing"              daemon [_thread_blocked, id=3964, stack(0x000000b239400000,0x000000b239500000) (1024K)]
  0x0000024b666f5bc0 JavaThread "Worker-3"                          [_thread_blocked, id=20608, stack(0x000000b239600000,0x000000b239700000) (1024K)]
  0x0000024b666f7c90 JavaThread "Thread-1"                   daemon [_thread_in_native, id=6228, stack(0x000000b239900000,0x000000b239a00000) (1024K)]
  0x0000024b67559730 JavaThread "Thread-2"                   daemon [_thread_in_native, id=11368, stack(0x000000b239a00000,0x000000b239b00000) (1024K)]
  0x0000024b67559dc0 JavaThread "Thread-3"                   daemon [_thread_in_native, id=22360, stack(0x000000b239b00000,0x000000b239c00000) (1024K)]
  0x0000024b6755b170 JavaThread "Thread-4"                   daemon [_thread_in_native, id=17020, stack(0x000000b239c00000,0x000000b239d00000) (1024K)]
  0x0000024b675590a0 JavaThread "Thread-5"                   daemon [_thread_in_native, id=16292, stack(0x000000b239d00000,0x000000b239e00000) (1024K)]
  0x0000024b6755a450 JavaThread "pool-2-thread-1"                   [_thread_blocked, id=21460, stack(0x000000b239e00000,0x000000b239f00000) (1024K)]
  0x0000024b6755b800 JavaThread "WorkspaceEventsHandler"            [_thread_blocked, id=2792, stack(0x000000b239f00000,0x000000b23a000000) (1024K)]
  0x0000024b6755be90 JavaThread "pool-1-thread-1"                   [_thread_blocked, id=9012, stack(0x000000b23a000000,0x000000b23a100000) (1024K)]
  0x0000024b68820ac0 JavaThread "Cleaner-0"                  daemon [_thread_blocked, id=10176, stack(0x000000b23a700000,0x000000b23a800000) (1024K)]
  0x0000024b67e78370 JavaThread "Java Debug Server"          daemon [_thread_in_native, id=14924, stack(0x000000b237600000,0x000000b237700000) (1024K)]
  0x0000024b67e78a00 JavaThread "pool-10-thread-1"                  [_thread_in_native, id=18264, stack(0x000000b239000000,0x000000b239100000) (1024K)]
  0x0000024b67e77ce0 JavaThread "RxSchedulerPurge-1"         daemon [_thread_blocked, id=14852, stack(0x000000b239100000,0x000000b239200000) (1024K)]
  0x0000024b67e76fc0 JavaThread "RxCachedWorkerPoolEvictor-1" daemon [_thread_blocked, id=22104, stack(0x000000b239300000,0x000000b239400000) (1024K)]
  0x0000024b67e75580 JavaThread "RxNewThreadScheduler-1"     daemon [_thread_blocked, id=10936, stack(0x000000b239500000,0x000000b239600000) (1024K)]
  0x0000024b67e72e20 JavaThread "process reaper (pid 20736)" daemon [_thread_in_native, id=24540, stack(0x000000b2371b0000,0x000000b2371d0000) (128K)]
Total: 37

Other Threads:
  0x0000024b0877f6a0 VMThread "VM Thread"                           [id=19116, stack(0x000000b237a00000,0x000000b237b00000) (1024K)]
  0x0000024b600dcb50 WatcherThread "VM Periodic Task Thread"        [id=18528, stack(0x000000b237900000,0x000000b237a00000) (1024K)]
  0x0000024b086dfcd0 WorkerThread "GC Thread#0"                     [id=12420, stack(0x000000b237800000,0x000000b237900000) (1024K)]
  0x0000024b652faaa0 WorkerThread "GC Thread#1"                     [id=7112, stack(0x000000b238500000,0x000000b238600000) (1024K)]
  0x0000024b65386010 WorkerThread "GC Thread#2"                     [id=5020, stack(0x000000b238600000,0x000000b238700000) (1024K)]
  0x0000024b653863b0 WorkerThread "GC Thread#3"                     [id=3904, stack(0x000000b238700000,0x000000b238800000) (1024K)]
Total: 6

Threads with active compile tasks:
Total: 0

VM state: not at safepoint (normal execution)

VM Mutex/Monitor currently owned by a thread: None

Heap address: 0x0000000080000000, size: 2048 MB, Compressed Oops mode: 32-bit

CDS archive(s) mapped at: [0x0000024b1f000000-0x0000024b1fba0000-0x0000024b1fba0000), size 12189696, SharedBaseAddress: 0x0000024b1f000000, ArchiveRelocationMode: 1.
Compressed class space mapped at: 0x0000024b20000000-0x0000024b60000000, reserved size: 1073741824
Narrow klass base: 0x0000024b1f000000, Narrow klass shift: 0, Narrow klass range: 0x100000000

GC Precious Log:
 CardTable entry size: 512
 CPUs: 4 total, 4 available
 Memory: 8123M
 Large Page Support: Disabled
 NUMA Support: Disabled
 Compressed Oops: Enabled (32-bit)
 Alignments: Space 512K, Generation 512K, Heap 2M
 Heap Min Capacity: 100M
 Heap Initial Capacity: 100M
 Heap Max Capacity: 2G
 Pre-touch: Disabled
 Parallel Workers: 4

Heap:
 PSYoungGen      total 5632K, used 3744K [0x00000000d5580000, 0x00000000d6000000, 0x0000000100000000)
  eden space 5120K, 67% used [0x00000000d5580000,0x00000000d58e00d0,0x00000000d5a80000)
  from space 512K, 56% used [0x00000000d5f00000,0x00000000d5f48000,0x00000000d5f80000)
  to   space 512K, 0% used [0x00000000d5f80000,0x00000000d5f80000,0x00000000d6000000)
 ParOldGen       total 260096K, used 260094K [0x0000000080000000, 0x000000008fe00000, 0x00000000d5580000)
  object space 260096K, 99% used [0x0000000080000000,0x000000008fdffaf0,0x000000008fe00000)
 Metaspace       used 83791K, committed 85568K, reserved 1179648K
  class space    used 8923K, committed 9664K, reserved 1048576K

Card table byte_map: [0x0000024b080a0000,0x0000024b084b0000] _byte_map_base: 0x0000024b07ca0000

Marking Bits: (ParMarkBitMap*) 0x00007fff99a1a340
 Begin Bits: [0x0000024b1ab70000, 0x0000024b1cb70000)
 End Bits:   [0x0000024b1cb70000, 0x0000024b1eb70000)

Polling page: 0x0000024b07e90000

Metaspace:

Usage:
  Non-class:     73.11 MB used.
      Class:      8.71 MB used.
       Both:     81.83 MB used.

Virtual space:
  Non-class space:      128.00 MB reserved,      74.12 MB ( 58%) committed,  2 nodes.
      Class space:        1.00 GB reserved,       9.44 MB ( <1%) committed,  1 nodes.
             Both:        1.12 GB reserved,      83.56 MB (  7%) committed. 

Chunk freelists:
   Non-Class:  5.48 MB
       Class:  6.41 MB
        Both:  11.90 MB

MaxMetaspaceSize: unlimited
CompressedClassSpaceSize: 1.00 GB
Initial GC threshold: 21.00 MB
Current GC threshold: 97.81 MB
CDS: on
 - commit_granule_bytes: 65536.
 - commit_granule_words: 8192.
 - virtual_space_node_default_size: 8388608.
 - enlarge_chunks_in_place: 1.
 - use_allocation_guard: 0.


Internal statistics:

num_allocs_failed_limit: 13.
num_arena_births: 1466.
num_arena_deaths: 14.
num_vsnodes_births: 3.
num_vsnodes_deaths: 0.
num_space_committed: 1337.
num_space_uncommitted: 0.
num_chunks_returned_to_freelist: 27.
num_chunks_taken_from_freelist: 5350.
num_chunk_merges: 10.
num_chunk_splits: 3286.
num_chunks_enlarged: 1832.
num_inconsistent_stats: 0.

CodeHeap 'non-profiled nmethods': size=120000Kb used=13298Kb max_used=13298Kb free=106701Kb
 bounds [0x0000024b13390000, 0x0000024b14090000, 0x0000024b1a8c0000]
CodeHeap 'profiled nmethods': size=120000Kb used=36927Kb max_used=36927Kb free=83072Kb
 bounds [0x0000024b0b8c0000, 0x0000024b0dcd0000, 0x0000024b12df0000]
CodeHeap 'non-nmethods': size=5760Kb used=1511Kb max_used=1610Kb free=4248Kb
 bounds [0x0000024b12df0000, 0x0000024b13060000, 0x0000024b13390000]
CodeCache: size=245760Kb, used=51736Kb, max_used=51835Kb, free=194021Kb
 total_blobs=15684, nmethods=14842, adapters=743, full_count=0
Compilation: enabled, stopped_count=0, restarted_count=0

Compilation events (20 events):
Event: 330.891 Thread 0x0000024b601a9a50 15639       3       java.lang.ClassLoader::getResources (55 bytes)
Event: 330.892 Thread 0x0000024b601a9a50 nmethod 15639 0x0000024b0dccaf10 code [0x0000024b0dccb160, 0x0000024b0dccbcd8]
Event: 330.892 Thread 0x0000024b601a9a50 15640       3       java.lang.CompoundEnumeration::<init> (10 bytes)
Event: 330.892 Thread 0x0000024b601a9a50 nmethod 15640 0x0000024b0dccc010 code [0x0000024b0dccc1c0, 0x0000024b0dccc348]
Event: 330.892 Thread 0x0000024b601a9a50 15641       1       jdk.xml.internal.XMLSecurityManager$Limit::systemProperty (5 bytes)
Event: 330.892 Thread 0x0000024b601a9a50 nmethod 15641 0x0000024b14088e10 code [0x0000024b14088fa0, 0x0000024b14089068]
Event: 330.970 Thread 0x0000024b60137d20 15643       4       java.io.DataOutputStream::writeUTF (389 bytes)
Event: 330.971 Thread 0x0000024b601a9a50 15645       3       org.eclipse.core.internal.localstore.SafeChunkyOutputStream::write (22 bytes)
Event: 330.971 Thread 0x0000024b601a9a50 nmethod 15645 0x0000024b0dccc410 code [0x0000024b0dccc5e0, 0x0000024b0dccc860]
Event: 330.971 Thread 0x0000024b601a9a50 15646       3       java.io.DataOutputStream::writeInt (28 bytes)
Event: 330.972 Thread 0x0000024b601a9a50 nmethod 15646 0x0000024b0dccc990 code [0x0000024b0dcccbc0, 0x0000024b0dccd328]
Event: 330.981 Thread 0x0000024b601a9a50 15648       3       org.eclipse.core.internal.localstore.SafeChunkyOutputStream::write (17 bytes)
Event: 330.981 Thread 0x0000024b601a9a50 nmethod 15648 0x0000024b0dccd690 code [0x0000024b0dccd860, 0x0000024b0dccdb28]
Event: 330.984 Thread 0x0000024b601a9a50 15649       3       org.eclipse.osgi.internal.container.KeyBasedLockStore::getLock (105 bytes)
Event: 330.985 Thread 0x0000024b601a9a50 nmethod 15649 0x0000024b0dccdc90 code [0x0000024b0dccdf60, 0x0000024b0dccf160]
Event: 331.009 Thread 0x0000024b60137d20 nmethod 15643 0x0000024b14089890 code [0x0000024b14089b60, 0x0000024b1408afa0]
Event: 331.010 Thread 0x0000024b60137d20 15644       4       java.io.DataOutputStream::writeByte (14 bytes)
Event: 331.021 Thread 0x0000024b60137d20 nmethod 15644 0x0000024b1408be10 code [0x0000024b1408c020, 0x0000024b1408c5a8]
Event: 365.419 Thread 0x0000024b601a9a50 15650       3       java.util.concurrent.locks.AbstractQueuedSynchronizer$ConditionObject::unlinkCancelledWaiters (91 bytes)
Event: 365.420 Thread 0x0000024b601a9a50 nmethod 15650 0x0000024b0dccf690 code [0x0000024b0dccf840, 0x0000024b0dccfbd0]

GC Heap History (20 events):
Event: 222.535 GC heap before
{Heap before GC invocations=189 (full 3):
 PSYoungGen      total 7168K, used 4961K [0x00000000d5580000, 0x00000000d6000000, 0x0000000100000000)
  eden space 5120K, 93% used [0x00000000d5580000,0x00000000d5a28510,0x00000000d5a80000)
  from space 2048K, 9% used [0x00000000d5c00000,0x00000000d5c30000,0x00000000d5e00000)
  to   space 512K, 0% used [0x00000000d5f80000,0x00000000d5f80000,0x00000000d6000000)
 ParOldGen       total 254976K, used 254683K [0x0000000080000000, 0x000000008f900000, 0x00000000d5580000)
  object space 254976K, 99% used [0x0000000080000000,0x000000008f8b6e50,0x000000008f900000)
 Metaspace       used 80450K, committed 82112K, reserved 1179648K
  class space    used 8454K, committed 9216K, reserved 1048576K
}
Event: 222.539 GC heap after
{Heap after GC invocations=189 (full 3):
 PSYoungGen      total 5632K, used 492K [0x00000000d5580000, 0x00000000d6080000, 0x0000000100000000)
  eden space 5120K, 0% used [0x00000000d5580000,0x00000000d5580000,0x00000000d5a80000)
  from space 512K, 96% used [0x00000000d5f80000,0x00000000d5ffb050,0x00000000d6000000)
  to   space 3072K, 0% used [0x00000000d5a80000,0x00000000d5a80000,0x00000000d5d80000)
 ParOldGen       total 257024K, used 256683K [0x0000000080000000, 0x000000008fb00000, 0x00000000d5580000)
  object space 257024K, 99% used [0x0000000080000000,0x000000008faaad20,0x000000008fb00000)
 Metaspace       used 80450K, committed 82112K, reserved 1179648K
  class space    used 8454K, committed 9216K, reserved 1048576K
}
Event: 222.608 GC heap before
{Heap before GC invocations=190 (full 3):
 PSYoungGen      total 5632K, used 5612K [0x00000000d5580000, 0x00000000d6080000, 0x0000000100000000)
  eden space 5120K, 100% used [0x00000000d5580000,0x00000000d5a80000,0x00000000d5a80000)
  from space 512K, 96% used [0x00000000d5f80000,0x00000000d5ffb050,0x00000000d6000000)
  to   space 3072K, 0% used [0x00000000d5a80000,0x00000000d5a80000,0x00000000d5d80000)
 ParOldGen       total 257024K, used 256683K [0x0000000080000000, 0x000000008fb00000, 0x00000000d5580000)
  object space 257024K, 99% used [0x0000000080000000,0x000000008faaad20,0x000000008fb00000)
 Metaspace       used 80451K, committed 82112K, reserved 1179648K
  class space    used 8454K, committed 9216K, reserved 1048576K
}
Event: 222.611 GC heap after
{Heap after GC invocations=190 (full 3):
 PSYoungGen      total 8192K, used 3066K [0x00000000d5580000, 0x00000000d6580000, 0x0000000100000000)
  eden space 5120K, 0% used [0x00000000d5580000,0x00000000d5580000,0x00000000d5a80000)
  from space 3072K, 99% used [0x00000000d5a80000,0x00000000d5d7e820,0x00000000d5d80000)
  to   space 5632K, 0% used [0x00000000d6000000,0x00000000d6000000,0x00000000d6580000)
 ParOldGen       total 258560K, used 258425K [0x0000000080000000, 0x000000008fc80000, 0x00000000d5580000)
  object space 258560K, 99% used [0x0000000080000000,0x000000008fc5e420,0x000000008fc80000)
 Metaspace       used 80451K, committed 82112K, reserved 1179648K
  class space    used 8454K, committed 9216K, reserved 1048576K
}
Event: 222.740 GC heap before
{Heap before GC invocations=191 (full 3):
 PSYoungGen      total 8192K, used 8186K [0x00000000d5580000, 0x00000000d6580000, 0x0000000100000000)
  eden space 5120K, 100% used [0x00000000d5580000,0x00000000d5a80000,0x00000000d5a80000)
  from space 3072K, 99% used [0x00000000d5a80000,0x00000000d5d7e820,0x00000000d5d80000)
  to   space 5632K, 0% used [0x00000000d6000000,0x00000000d6000000,0x00000000d6580000)
 ParOldGen       total 258560K, used 258425K [0x0000000080000000, 0x000000008fc80000, 0x00000000d5580000)
  object space 258560K, 99% used [0x0000000080000000,0x000000008fc5e420,0x000000008fc80000)
 Metaspace       used 80537K, committed 82176K, reserved 1179648K
  class space    used 8478K, committed 9216K, reserved 1048576K
}
Event: 222.746 GC heap after
{Heap after GC invocations=191 (full 3):
 PSYoungGen      total 6656K, used 1120K [0x00000000d5580000, 0x00000000d6180000, 0x0000000100000000)
  eden space 5120K, 0% used [0x00000000d5580000,0x00000000d5580000,0x00000000d5a80000)
  from space 1536K, 72% used [0x00000000d6000000,0x00000000d6118010,0x00000000d6180000)
  to   space 2560K, 0% used [0x00000000d5c80000,0x00000000d5c80000,0x00000000d5f00000)
 ParOldGen       total 258560K, used 258513K [0x0000000080000000, 0x000000008fc80000, 0x00000000d5580000)
  object space 258560K, 99% used [0x0000000080000000,0x000000008fc74420,0x000000008fc80000)
 Metaspace       used 80537K, committed 82176K, reserved 1179648K
  class space    used 8478K, committed 9216K, reserved 1048576K
}
Event: 222.817 GC heap before
{Heap before GC invocations=192 (full 3):
 PSYoungGen      total 6656K, used 6240K [0x00000000d5580000, 0x00000000d6180000, 0x0000000100000000)
  eden space 5120K, 100% used [0x00000000d5580000,0x00000000d5a80000,0x00000000d5a80000)
  from space 1536K, 72% used [0x00000000d6000000,0x00000000d6118010,0x00000000d6180000)
  to   space 2560K, 0% used [0x00000000d5c80000,0x00000000d5c80000,0x00000000d5f00000)
 ParOldGen       total 258560K, used 258513K [0x0000000080000000, 0x000000008fc80000, 0x00000000d5580000)
  object space 258560K, 99% used [0x0000000080000000,0x000000008fc74420,0x000000008fc80000)
 Metaspace       used 80537K, committed 82176K, reserved 1179648K
  class space    used 8478K, committed 9216K, reserved 1048576K
}
Event: 222.823 GC heap after
{Heap after GC invocations=192 (full 3):
 PSYoungGen      total 7680K, used 32K [0x00000000d5580000, 0x00000000d6080000, 0x0000000100000000)
  eden space 5120K, 0% used [0x00000000d5580000,0x00000000d5580000,0x00000000d5a80000)
  from space 2560K, 1% used [0x00000000d5c80000,0x00000000d5c88000,0x00000000d5f00000)
  to   space 1024K, 0% used [0x00000000d5f80000,0x00000000d5f80000,0x00000000d6080000)
 ParOldGen       total 259584K, used 259535K [0x0000000080000000, 0x000000008fd80000, 0x00000000d5580000)
  object space 259584K, 99% used [0x0000000080000000,0x000000008fd73ed8,0x000000008fd80000)
 Metaspace       used 80537K, committed 82176K, reserved 1179648K
  class space    used 8478K, committed 9216K, reserved 1048576K
}
Event: 223.015 GC heap before
{Heap before GC invocations=193 (full 3):
 PSYoungGen      total 7680K, used 5152K [0x00000000d5580000, 0x00000000d6080000, 0x0000000100000000)
  eden space 5120K, 100% used [0x00000000d5580000,0x00000000d5a80000,0x00000000d5a80000)
  from space 2560K, 1% used [0x00000000d5c80000,0x00000000d5c88000,0x00000000d5f00000)
  to   space 1024K, 0% used [0x00000000d5f80000,0x00000000d5f80000,0x00000000d6080000)
 ParOldGen       total 259584K, used 259535K [0x0000000080000000, 0x000000008fd80000, 0x00000000d5580000)
  object space 259584K, 99% used [0x0000000080000000,0x000000008fd73ed8,0x000000008fd80000)
 Metaspace       used 80538K, committed 82176K, reserved 1179648K
  class space    used 8478K, committed 9216K, reserved 1048576K
}
Event: 223.017 GC heap after
{Heap after GC invocations=193 (full 3):
 PSYoungGen      total 5632K, used 128K [0x00000000d5580000, 0x00000000d6000000, 0x0000000100000000)
  eden space 5120K, 0% used [0x00000000d5580000,0x00000000d5580000,0x00000000d5a80000)
  from space 512K, 25% used [0x00000000d5f80000,0x00000000d5fa0000,0x00000000d6000000)
  to   space 512K, 0% used [0x00000000d5f00000,0x00000000d5f00000,0x00000000d5f80000)
 ParOldGen       total 259584K, used 259559K [0x0000000080000000, 0x000000008fd80000, 0x00000000d5580000)
  object space 259584K, 99% used [0x0000000080000000,0x000000008fd79ed8,0x000000008fd80000)
 Metaspace       used 80538K, committed 82176K, reserved 1179648K
  class space    used 8478K, committed 9216K, reserved 1048576K
}
Event: 223.278 GC heap before
{Heap before GC invocations=194 (full 3):
 PSYoungGen      total 5632K, used 5248K [0x00000000d5580000, 0x00000000d6000000, 0x0000000100000000)
  eden space 5120K, 100% used [0x00000000d5580000,0x00000000d5a80000,0x00000000d5a80000)
  from space 512K, 25% used [0x00000000d5f80000,0x00000000d5fa0000,0x00000000d6000000)
  to   space 512K, 0% used [0x00000000d5f00000,0x00000000d5f00000,0x00000000d5f80000)
 ParOldGen       total 259584K, used 259559K [0x0000000080000000, 0x000000008fd80000, 0x00000000d5580000)
  object space 259584K, 99% used [0x0000000080000000,0x000000008fd79ed8,0x000000008fd80000)
 Metaspace       used 81068K, committed 82752K, reserved 1179648K
  class space    used 8533K, committed 9280K, reserved 1048576K
}
Event: 223.280 GC heap after
{Heap after GC invocations=194 (full 3):
 PSYoungGen      total 5632K, used 337K [0x00000000d5580000, 0x00000000d6000000, 0x0000000100000000)
  eden space 5120K, 0% used [0x00000000d5580000,0x00000000d5580000,0x00000000d5a80000)
  from space 512K, 65% used [0x00000000d5f00000,0x00000000d5f545d0,0x00000000d5f80000)
  to   space 512K, 0% used [0x00000000d5f80000,0x00000000d5f80000,0x00000000d6000000)
 ParOldGen       total 260096K, used 259607K [0x0000000080000000, 0x000000008fe00000, 0x00000000d5580000)
  object space 260096K, 99% used [0x0000000080000000,0x000000008fd85ed8,0x000000008fe00000)
 Metaspace       used 81068K, committed 82752K, reserved 1179648K
  class space    used 8533K, committed 9280K, reserved 1048576K
}
Event: 223.342 GC heap before
{Heap before GC invocations=195 (full 3):
 PSYoungGen      total 5632K, used 5333K [0x00000000d5580000, 0x00000000d6000000, 0x0000000100000000)
  eden space 5120K, 97% used [0x00000000d5580000,0x00000000d5a60ec8,0x00000000d5a80000)
  from space 512K, 65% used [0x00000000d5f00000,0x00000000d5f545d0,0x00000000d5f80000)
  to   space 512K, 0% used [0x00000000d5f80000,0x00000000d5f80000,0x00000000d6000000)
 ParOldGen       total 260096K, used 259607K [0x0000000080000000, 0x000000008fe00000, 0x00000000d5580000)
  object space 260096K, 99% used [0x0000000080000000,0x000000008fd85ed8,0x000000008fe00000)
 Metaspace       used 81602K, committed 83328K, reserved 1179648K
  class space    used 8603K, committed 9344K, reserved 1048576K
}
Event: 223.344 GC heap after
{Heap after GC invocations=195 (full 3):
 PSYoungGen      total 5632K, used 351K [0x00000000d5580000, 0x00000000d6000000, 0x0000000100000000)
  eden space 5120K, 0% used [0x00000000d5580000,0x00000000d5580000,0x00000000d5a80000)
  from space 512K, 68% used [0x00000000d5f80000,0x00000000d5fd7c28,0x00000000d6000000)
  to   space 512K, 0% used [0x00000000d5f00000,0x00000000d5f00000,0x00000000d5f80000)
 ParOldGen       total 260096K, used 259862K [0x0000000080000000, 0x000000008fe00000, 0x00000000d5580000)
  object space 260096K, 99% used [0x0000000080000000,0x000000008fdc5ac0,0x000000008fe00000)
 Metaspace       used 81602K, committed 83328K, reserved 1179648K
  class space    used 8603K, committed 9344K, reserved 1048576K
}
Event: 223.433 GC heap before
{Heap before GC invocations=196 (full 3):
 PSYoungGen      total 5632K, used 5471K [0x00000000d5580000, 0x00000000d6000000, 0x0000000100000000)
  eden space 5120K, 100% used [0x00000000d5580000,0x00000000d5a80000,0x00000000d5a80000)
  from space 512K, 68% used [0x00000000d5f80000,0x00000000d5fd7c28,0x00000000d6000000)
  to   space 512K, 0% used [0x00000000d5f00000,0x00000000d5f00000,0x00000000d5f80000)
 ParOldGen       total 260096K, used 259862K [0x0000000080000000, 0x000000008fe00000, 0x00000000d5580000)
  object space 260096K, 99% used [0x0000000080000000,0x000000008fdc5ac0,0x000000008fe00000)
 Metaspace       used 82289K, committed 83968K, reserved 1179648K
  class space    used 8692K, committed 9408K, reserved 1048576K
}
Event: 223.435 GC heap after
{Heap after GC invocations=196 (full 3):
 PSYoungGen      total 5632K, used 208K [0x00000000d5580000, 0x00000000d6000000, 0x0000000100000000)
  eden space 5120K, 0% used [0x00000000d5580000,0x00000000d5580000,0x00000000d5a80000)
  from space 512K, 40% used [0x00000000d5f00000,0x00000000d5f34010,0x00000000d5f80000)
  to   space 512K, 0% used [0x00000000d5f80000,0x00000000d5f80000,0x00000000d6000000)
 ParOldGen       total 260096K, used 259918K [0x0000000080000000, 0x000000008fe00000, 0x00000000d5580000)
  object space 260096K, 99% used [0x0000000080000000,0x000000008fdd3ac0,0x000000008fe00000)
 Metaspace       used 82289K, committed 83968K, reserved 1179648K
  class space    used 8692K, committed 9408K, reserved 1048576K
}
Event: 223.519 GC heap before
{Heap before GC invocations=197 (full 3):
 PSYoungGen      total 5632K, used 5328K [0x00000000d5580000, 0x00000000d6000000, 0x0000000100000000)
  eden space 5120K, 100% used [0x00000000d5580000,0x00000000d5a80000,0x00000000d5a80000)
  from space 512K, 40% used [0x00000000d5f00000,0x00000000d5f34010,0x00000000d5f80000)
  to   space 512K, 0% used [0x00000000d5f80000,0x00000000d5f80000,0x00000000d6000000)
 ParOldGen       total 260096K, used 259918K [0x0000000080000000, 0x000000008fe00000, 0x00000000d5580000)
  object space 260096K, 99% used [0x0000000080000000,0x000000008fdd3ac0,0x000000008fe00000)
 Metaspace       used 82775K, committed 84480K, reserved 1179648K
  class space    used 8794K, committed 9536K, reserved 1048576K
}
Event: 223.521 GC heap after
{Heap after GC invocations=197 (full 3):
 PSYoungGen      total 5632K, used 160K [0x00000000d5580000, 0x00000000d6000000, 0x0000000100000000)
  eden space 5120K, 0% used [0x00000000d5580000,0x00000000d5580000,0x00000000d5a80000)
  from space 512K, 31% used [0x00000000d5f80000,0x00000000d5fa8000,0x00000000d6000000)
  to   space 512K, 0% used [0x00000000d5f00000,0x00000000d5f00000,0x00000000d5f80000)
 ParOldGen       total 260096K, used 260030K [0x0000000080000000, 0x000000008fe00000, 0x00000000d5580000)
  object space 260096K, 99% used [0x0000000080000000,0x000000008fdefaf0,0x000000008fe00000)
 Metaspace       used 82775K, committed 84480K, reserved 1179648K
  class space    used 8794K, committed 9536K, reserved 1048576K
}
Event: 225.941 GC heap before
{Heap before GC invocations=198 (full 3):
 PSYoungGen      total 5632K, used 5280K [0x00000000d5580000, 0x00000000d6000000, 0x0000000100000000)
  eden space 5120K, 100% used [0x00000000d5580000,0x00000000d5a80000,0x00000000d5a80000)
  from space 512K, 31% used [0x00000000d5f80000,0x00000000d5fa8000,0x00000000d6000000)
  to   space 512K, 0% used [0x00000000d5f00000,0x00000000d5f00000,0x00000000d5f80000)
 ParOldGen       total 260096K, used 260030K [0x0000000080000000, 0x000000008fe00000, 0x00000000d5580000)
  object space 260096K, 99% used [0x0000000080000000,0x000000008fdefaf0,0x000000008fe00000)
 Metaspace       used 83368K, committed 85056K, reserved 1179648K
  class space    used 8875K, committed 9600K, reserved 1048576K
}
Event: 225.944 GC heap after
{Heap after GC invocations=198 (full 3):
 PSYoungGen      total 5632K, used 288K [0x00000000d5580000, 0x00000000d6000000, 0x0000000100000000)
  eden space 5120K, 0% used [0x00000000d5580000,0x00000000d5580000,0x00000000d5a80000)
  from space 512K, 56% used [0x00000000d5f00000,0x00000000d5f48000,0x00000000d5f80000)
  to   space 512K, 0% used [0x00000000d5f80000,0x00000000d5f80000,0x00000000d6000000)
 ParOldGen       total 260096K, used 260094K [0x0000000080000000, 0x000000008fe00000, 0x00000000d5580000)
  object space 260096K, 99% used [0x0000000080000000,0x000000008fdffaf0,0x000000008fe00000)
 Metaspace       used 83368K, committed 85056K, reserved 1179648K
  class space    used 8875K, committed 9600K, reserved 1048576K
}

Dll operation events (12 events):
Event: 0.037 Loaded shared library c:\Users\PC\.vscode\extensions\redhat.java-1.46.0-win32-x64\jre\21.0.8-win32-x86_64\bin\java.dll
Event: 1.037 Loaded shared library c:\Users\PC\.vscode\extensions\redhat.java-1.46.0-win32-x64\jre\21.0.8-win32-x86_64\bin\zip.dll
Event: 1.174 Loaded shared library C:\Users\PC\.vscode\extensions\redhat.java-1.46.0-win32-x64\jre\21.0.8-win32-x86_64\bin\instrument.dll
Event: 1.230 Loaded shared library C:\Users\PC\.vscode\extensions\redhat.java-1.46.0-win32-x64\jre\21.0.8-win32-x86_64\bin\net.dll
Event: 1.234 Loaded shared library C:\Users\PC\.vscode\extensions\redhat.java-1.46.0-win32-x64\jre\21.0.8-win32-x86_64\bin\nio.dll
Event: 1.244 Loaded shared library C:\Users\PC\.vscode\extensions\redhat.java-1.46.0-win32-x64\jre\21.0.8-win32-x86_64\bin\zip.dll
Event: 1.302 Loaded shared library C:\Users\PC\.vscode\extensions\redhat.java-1.46.0-win32-x64\jre\21.0.8-win32-x86_64\bin\jimage.dll
Event: 1.674 Loaded shared library c:\Users\PC\.vscode\extensions\redhat.java-1.46.0-win32-x64\jre\21.0.8-win32-x86_64\bin\verify.dll
Event: 7.778 Loaded shared library C:\Users\PC\AppData\Roaming\Code\User\globalStorage\redhat.java\1.46.0\config_win\org.eclipse.equinox.launcher\org.eclipse.equinox.launcher.win32.win32.x86_64_1.2.1400.v20250801-0854\eclipse_11916.dll
Event: 15.713 Loaded shared library C:\Users\PC\AppData\Local\Temp\jna-2547\jna5883971685741239520.dll
Event: 35.326 Loaded shared library C:\Users\PC\.vscode\extensions\redhat.java-1.46.0-win32-x64\jre\21.0.8-win32-x86_64\bin\sunmscapi.dll
Event: 39.703 Loaded shared library C:\Users\PC\.vscode\extensions\redhat.java-1.46.0-win32-x64\jre\21.0.8-win32-x86_64\bin\extnet.dll

Deoptimization events (20 events):
Event: 330.970 Thread 0x0000024b666f5bc0 Uncommon trap: trap_request=0xffffffc6 fr.pc=0x0000024b13a5c514 relative=0x0000000000001014
Event: 330.970 Thread 0x0000024b666f5bc0 Uncommon trap: reason=bimorphic_or_optimized_type_check action=maybe_recompile pc=0x0000024b13a5c514 method=java.io.DataOutputStream.write([BII)V @ 7 c2
Event: 330.970 Thread 0x0000024b666f5bc0 DEOPT PACKING pc=0x0000024b13a5c514 sp=0x000000b2396fe980
Event: 330.970 Thread 0x0000024b666f5bc0 DEOPT UNPACKING pc=0x0000024b12e43aa2 sp=0x000000b2396fe8c0 mode 2
Event: 330.970 Thread 0x0000024b666f5bc0 Uncommon trap: trap_request=0xffffffc6 fr.pc=0x0000024b13a4fe6c relative=0x00000000000011ec
Event: 330.970 Thread 0x0000024b666f5bc0 Uncommon trap: reason=bimorphic_or_optimized_type_check action=maybe_recompile pc=0x0000024b13a4fe6c method=java.io.DataOutputStream.write([BII)V @ 7 c2
Event: 330.970 Thread 0x0000024b666f5bc0 DEOPT PACKING pc=0x0000024b13a4fe6c sp=0x000000b2396fe6a0
Event: 330.971 Thread 0x0000024b666f5bc0 DEOPT UNPACKING pc=0x0000024b12e43aa2 sp=0x000000b2396fe5e0 mode 2
Event: 331.009 Thread 0x0000024b666f5bc0 Uncommon trap: trap_request=0xffffffc6 fr.pc=0x0000024b139c3468 relative=0x0000000000003728
Event: 331.009 Thread 0x0000024b666f5bc0 Uncommon trap: reason=bimorphic_or_optimized_type_check action=maybe_recompile pc=0x0000024b139c3468 method=java.util.Properties.load0(Ljava/util/Properties$LineReader;)V @ 241 c2
Event: 331.009 Thread 0x0000024b666f5bc0 DEOPT PACKING pc=0x0000024b139c3468 sp=0x000000b2396feb80
Event: 331.009 Thread 0x0000024b666f5bc0 DEOPT UNPACKING pc=0x0000024b12e43aa2 sp=0x000000b2396feb80 mode 2
Event: 358.143 Thread 0x0000024b68aae980 DEOPT PACKING pc=0x0000024b0d323acc sp=0x000000b23adff0a0
Event: 358.143 Thread 0x0000024b68aae980 DEOPT UNPACKING pc=0x0000024b12e44242 sp=0x000000b23adfe560 mode 0
Event: 364.661 Thread 0x0000024b68822500 DEOPT PACKING pc=0x0000024b0d323acc sp=0x000000b23a4fef50
Event: 364.661 Thread 0x0000024b68822500 DEOPT UNPACKING pc=0x0000024b12e44242 sp=0x000000b23a4fe410 mode 0
Event: 364.693 Thread 0x0000024b68aac8b0 DEOPT PACKING pc=0x0000024b0d323acc sp=0x000000b23b0fef00
Event: 364.694 Thread 0x0000024b68aac8b0 DEOPT UNPACKING pc=0x0000024b12e44242 sp=0x000000b23b0fe3c0 mode 0
Event: 364.815 Thread 0x0000024b68aaf010 DEOPT PACKING pc=0x0000024b0d323acc sp=0x000000b23b1fee00
Event: 364.815 Thread 0x0000024b68aaf010 DEOPT UNPACKING pc=0x0000024b12e44242 sp=0x000000b23b1fe2c0 mode 0

Classes loaded (20 events):
Event: 223.635 Loading class java/util/concurrent/CompletableFuture$UniRelay
Event: 223.636 Loading class java/util/concurrent/CompletableFuture$UniRelay done
Event: 224.414 Loading class java/util/concurrent/ScheduledThreadPoolExecutor$DelayedWorkQueue$Itr
Event: 224.419 Loading class java/util/concurrent/ScheduledThreadPoolExecutor$DelayedWorkQueue$Itr done
Event: 226.235 Loading class java/lang/ProcessHandleImpl$ExitCompletion
Event: 226.236 Loading class java/lang/ProcessHandleImpl$ExitCompletion done
Event: 226.236 Loading class java/lang/ProcessHandleImpl$1
Event: 226.236 Loading class java/lang/ProcessHandleImpl$1 done
Event: 226.239 Loading class java/util/concurrent/CompletableFuture$UniHandle
Event: 226.240 Loading class java/util/concurrent/CompletableFuture$UniHandle done
Event: 330.780 Loading class java/util/stream/Nodes$CollectorTask$OfRef
Event: 330.781 Loading class java/util/stream/Nodes$CollectorTask
Event: 330.782 Loading class java/util/stream/Nodes$CollectorTask done
Event: 330.782 Loading class java/util/stream/Nodes$CollectorTask$OfRef done
Event: 330.789 Loading class java/util/function/LongFunction
Event: 330.790 Loading class java/util/function/LongFunction done
Event: 330.791 Loading class java/util/stream/Nodes$ConcNode
Event: 330.792 Loading class java/util/stream/Nodes$AbstractConcNode
Event: 330.793 Loading class java/util/stream/Nodes$AbstractConcNode done
Event: 330.793 Loading class java/util/stream/Nodes$ConcNode done

Classes unloaded (7 events):
Event: 17.748 Thread 0x0000024b0877f6a0 Unloading class 0x0000024b201a5400 'java/lang/invoke/LambdaForm$MH+0x0000024b201a5400'
Event: 17.748 Thread 0x0000024b0877f6a0 Unloading class 0x0000024b201a5000 'java/lang/invoke/LambdaForm$MH+0x0000024b201a5000'
Event: 17.748 Thread 0x0000024b0877f6a0 Unloading class 0x0000024b201a4c00 'java/lang/invoke/LambdaForm$MH+0x0000024b201a4c00'
Event: 17.748 Thread 0x0000024b0877f6a0 Unloading class 0x0000024b201a4800 'java/lang/invoke/LambdaForm$MH+0x0000024b201a4800'
Event: 17.748 Thread 0x0000024b0877f6a0 Unloading class 0x0000024b201a4400 'java/lang/invoke/LambdaForm$BMH+0x0000024b201a4400'
Event: 17.748 Thread 0x0000024b0877f6a0 Unloading class 0x0000024b201a4000 'java/lang/invoke/LambdaForm$DMH+0x0000024b201a4000'
Event: 17.748 Thread 0x0000024b0877f6a0 Unloading class 0x0000024b201a2c00 'java/lang/invoke/LambdaForm$DMH+0x0000024b201a2c00'

Classes redefined (0 events):
No events

Internal exceptions (20 events):
Event: 222.695 Thread 0x0000024b6881fda0 Exception <a 'sun/nio/fs/WindowsException'{0x00000000d59511a0}> (0x00000000d59511a0) 
thrown [s\src\hotspot\share\prims\jni.cpp, line 520]
Event: 222.695 Thread 0x0000024b6881fda0 Exception <a 'sun/nio/fs/WindowsException'{0x00000000d5951a80}> (0x00000000d5951a80) 
thrown [s\src\hotspot\share\prims\jni.cpp, line 520]
Event: 222.696 Thread 0x0000024b6881fda0 Exception <a 'sun/nio/fs/WindowsException'{0x00000000d59531f8}> (0x00000000d59531f8) 
thrown [s\src\hotspot\share\prims\jni.cpp, line 520]
Event: 222.696 Thread 0x0000024b6881fda0 Exception <a 'sun/nio/fs/WindowsException'{0x00000000d5953828}> (0x00000000d5953828) 
thrown [s\src\hotspot\share\prims\jni.cpp, line 520]
Event: 222.714 Thread 0x0000024b6881fda0 Exception <a 'sun/nio/fs/WindowsException'{0x00000000d5971148}> (0x00000000d5971148) 
thrown [s\src\hotspot\share\prims\jni.cpp, line 520]
Event: 222.714 Thread 0x0000024b6881fda0 Exception <a 'sun/nio/fs/WindowsException'{0x00000000d5971a28}> (0x00000000d5971a28) 
thrown [s\src\hotspot\share\prims\jni.cpp, line 520]
Event: 223.275 Thread 0x0000024b67e78a00 Exception <a 'java/io/FileNotFoundException'{0x00000000d5a3ce60}> (0x00000000d5a3ce60) 
thrown [s\src\hotspot\share\prims\jni.cpp, line 520]
Event: 223.508 Thread 0x0000024b67e78a00 Exception <a 'java/lang/NoSuchMethodError'{0x00000000d59fa390}: 'java.lang.Object java.lang.invoke.DirectMethodHandle$Holder.invokeVirtual(java.lang.Object, java.lang.Object, java.lang.Object, java.lang.Object)'> (0x00000000d59fa390) 
thrown [s\src\hotspot\share\interpreter\linkResolver.cpp, line 773]
Event: 223.572 Thread 0x0000024b67e75580 Exception <a 'java/lang/NoSuchMethodError'{0x00000000d59063f8}: 'java.lang.Object java.lang.invoke.DirectMethodHandle$Holder.invokeStatic(java.lang.Object, long, java.lang.Object, java.lang.Object)'> (0x00000000d59063f8) 
thrown [s\src\hotspot\share\interpreter\linkResolver.cpp, line 773]
Event: 223.602 Thread 0x0000024b67e75580 Exception <a 'sun/nio/fs/WindowsException'{0x00000000d59a9740}> (0x00000000d59a9740) 
thrown [s\src\hotspot\share\prims\jni.cpp, line 520]
Event: 223.603 Thread 0x0000024b67e75580 Exception <a 'sun/nio/fs/WindowsException'{0x00000000d59aa778}> (0x00000000d59aa778) 
thrown [s\src\hotspot\share\prims\jni.cpp, line 520]
Event: 223.630 Thread 0x0000024b67e75580 Exception <a 'java/lang/NoSuchMethodError'{0x00000000d5a50eb0}: 'void java.lang.invoke.DirectMethodHandle$Holder.invokeStatic(java.lang.Object, java.lang.Object, java.lang.Object, java.lang.Object, java.lang.Object, java.lang.Object, java.lang.Object)'> (0x00000000d5a50eb0) 
thrown [s\src\hotspot\share\interpreter\linkResolver.cpp, line 773]
Event: 224.496 Thread 0x0000024b6755be90 Exception <a 'java/lang/IncompatibleClassChangeError'{0x00000000d5a7c400}: Found class java.lang.Object, but interface was expected> (0x00000000d5a7c400) 
thrown [s\src\hotspot\share\interpreter\linkResolver.cpp, line 840]
Event: 225.948 Thread 0x0000024b67e72100 Exception <a 'java/lang/NoSuchMethodError'{0x00000000d5595ab8}: 'long java.lang.invoke.DelegatingMethodHandle$Holder.reinvoke_L(java.lang.Object, java.lang.Object)'> (0x00000000d5595ab8) 
thrown [s\src\hotspot\share\interpreter\linkResolver.cpp, line 773]
Event: 225.949 Thread 0x0000024b67e72100 Exception <a 'java/lang/NoSuchMethodError'{0x00000000d559f998}: 'void java.lang.invoke.DelegatingMethodHandle$Holder.reinvoke_L(java.lang.Object, java.lang.Object, long)'> (0x00000000d559f998) 
thrown [s\src\hotspot\share\interpreter\linkResolver.cpp, line 773]
Event: 226.242 Thread 0x0000024b67e72100 Exception <a 'java/lang/NoSuchMethodError'{0x00000000d5682218}: 'long java.lang.invoke.Invokers$Holder.invokeExact_MT(java.lang.Object, java.lang.Object, java.lang.Object)'> (0x00000000d5682218) 
thrown [s\src\hotspot\share\interpreter\linkResolver.cpp, line 773]
Event: 330.744 Thread 0x0000024b666f5bc0 Exception <a 'sun/nio/fs/WindowsException'{0x00000000d5714738}> (0x00000000d5714738) 
thrown [s\src\hotspot\share\prims\jni.cpp, line 520]
Event: 330.744 Thread 0x0000024b666f5bc0 Exception <a 'sun/nio/fs/WindowsException'{0x00000000d5715260}> (0x00000000d5715260) 
thrown [s\src\hotspot\share\prims\jni.cpp, line 520]
Event: 330.753 Thread 0x0000024b666f5bc0 Implicit null exception at 0x0000024b13afba09 to 0x0000024b13afbda8
Event: 330.865 Thread 0x0000024b666f5bc0 Exception <a 'java/lang/NoSuchMethodError'{0x00000000d57ba9c0}: static [J.<clinit>()V> (0x00000000d57ba9c0) 
thrown [s\src\hotspot\share\prims\jni.cpp, line 1111]

ZGC Phase Switch (0 events):
No events

VM Operations (20 events):
Event: 241.187 Executing VM operation: RendezvousGCThreads
Event: 241.187 Executing VM operation: RendezvousGCThreads done
Event: 245.226 Executing VM operation: Cleanup
Event: 245.227 Executing VM operation: Cleanup done
Event: 255.289 Executing VM operation: Cleanup
Event: 255.289 Executing VM operation: Cleanup done
Event: 324.622 Executing VM operation: Cleanup
Event: 324.622 Executing VM operation: Cleanup done
Event: 330.788 Executing VM operation: HandshakeAllThreads (Deoptimize)
Event: 330.788 Executing VM operation: HandshakeAllThreads (Deoptimize) done
Event: 330.788 Executing VM operation: Cleanup
Event: 330.788 Executing VM operation: Cleanup done
Event: 330.988 Executing VM operation: HandshakeAllThreads (Deoptimize)
Event: 330.988 Executing VM operation: HandshakeAllThreads (Deoptimize) done
Event: 331.990 Executing VM operation: Cleanup
Event: 331.990 Executing VM operation: Cleanup done
Event: 361.526 Executing VM operation: HandshakeAllThreads (HandshakeForDeflation)
Event: 361.526 Executing VM operation: HandshakeAllThreads (HandshakeForDeflation) done
Event: 361.526 Executing VM operation: RendezvousGCThreads
Event: 361.526 Executing VM operation: RendezvousGCThreads done

Memory protections (0 events):
No events

Nmethod flushes (20 events):
Event: 36.559 Thread 0x0000024b0877f6a0 flushing  nmethod 0x0000024b0c1bb210
Event: 36.559 Thread 0x0000024b0877f6a0 flushing  nmethod 0x0000024b0c1cde90
Event: 36.559 Thread 0x0000024b0877f6a0 flushing  nmethod 0x0000024b0c1fcd10
Event: 36.559 Thread 0x0000024b0877f6a0 flushing  nmethod 0x0000024b0c208790
Event: 36.559 Thread 0x0000024b0877f6a0 flushing  nmethod 0x0000024b0c20a610
Event: 36.559 Thread 0x0000024b0877f6a0 flushing  nmethod 0x0000024b0c20af10
Event: 36.559 Thread 0x0000024b0877f6a0 flushing  nmethod 0x0000024b0c20c010
Event: 36.559 Thread 0x0000024b0877f6a0 flushing  nmethod 0x0000024b0c213f90
Event: 36.559 Thread 0x0000024b0877f6a0 flushing  nmethod 0x0000024b0c21c710
Event: 36.559 Thread 0x0000024b0877f6a0 flushing  nmethod 0x0000024b0c220c90
Event: 36.559 Thread 0x0000024b0877f6a0 flushing  nmethod 0x0000024b0c226610
Event: 36.559 Thread 0x0000024b0877f6a0 flushing  nmethod 0x0000024b0c23c110
Event: 36.559 Thread 0x0000024b0877f6a0 flushing  nmethod 0x0000024b0c24a810
Event: 36.559 Thread 0x0000024b0877f6a0 flushing  nmethod 0x0000024b0c24e010
Event: 36.559 Thread 0x0000024b0877f6a0 flushing  nmethod 0x0000024b0c26cd90
Event: 36.559 Thread 0x0000024b0877f6a0 flushing  nmethod 0x0000024b0c279f90
Event: 36.559 Thread 0x0000024b0877f6a0 flushing  nmethod 0x0000024b0c27a590
Event: 36.559 Thread 0x0000024b0877f6a0 flushing  nmethod 0x0000024b0c27b510
Event: 36.559 Thread 0x0000024b0877f6a0 flushing  nmethod 0x0000024b0c27be90
Event: 36.559 Thread 0x0000024b0877f6a0 flushing  nmethod 0x0000024b0c27e910

Events (20 events):
Event: 223.568 Thread 0x0000024b67e78a00 Thread added: 0x0000024b67e75580
Event: 223.628 Thread 0x0000024b67e75580 Thread added: 0x0000024b67e76930
Event: 225.939 Thread 0x0000024b67e78a00 Thread added: 0x0000024b67e72100
Event: 225.940 Thread 0x0000024b67e76930 Thread exited: 0x0000024b67e76930
Event: 225.968 Thread 0x0000024b689ad0b0 Thread exited: 0x0000024b689ad0b0
Event: 226.238 Thread 0x0000024b67e72100 Thread added: 0x0000024b67e72e20
Event: 226.245 Thread 0x0000024b67e72100 Thread exited: 0x0000024b67e72100
Event: 236.053 Thread 0x0000024b68821e70 Thread exited: 0x0000024b68821e70
Event: 283.274 Thread 0x0000024b6881fda0 Thread exited: 0x0000024b6881fda0
Event: 296.072 Thread 0x0000024b6881c920 Thread exited: 0x0000024b6881c920
Event: 330.765 Thread 0x0000024b666f5bc0 Thread added: 0x0000024b67e79090
Event: 330.796 Thread 0x0000024b67e79090 Thread exited: 0x0000024b67e79090
Event: 330.902 Thread 0x0000024b666f5bc0 Thread added: 0x0000024b67e741d0
Event: 330.932 Thread 0x0000024b67e741d0 Thread exited: 0x0000024b67e741d0
Event: 343.319 Thread 0x0000024b6881bc00 Thread exited: 0x0000024b6881bc00
Event: 358.149 Thread 0x0000024b68aae980 Thread exited: 0x0000024b68aae980
Event: 364.724 Thread 0x0000024b68822500 Thread exited: 0x0000024b68822500
Event: 364.724 Thread 0x0000024b68aac8b0 Thread exited: 0x0000024b68aac8b0
Event: 364.816 Thread 0x0000024b68aaf010 Thread exited: 0x0000024b68aaf010
Event: 403.324 Thread 0x0000024b6881dcd0 Thread exited: 0x0000024b6881dcd0


Dynamic libraries:
0x00007ff7a7680000 - 0x00007ff7a768e000 	c:\Users\PC\.vscode\extensions\redhat.java-1.46.0-win32-x64\jre\21.0.8-win32-x86_64\bin\java.exe
0x00007ff819f30000 - 0x00007ff81a128000 	C:\WINDOWS\SYSTEM32\ntdll.dll
0x00007ff818730000 - 0x00007ff8187f2000 	C:\WINDOWS\System32\KERNEL32.DLL
0x00007ff817950000 - 0x00007ff817c46000 	C:\WINDOWS\System32\KERNELBASE.dll
0x00007ff817650000 - 0x00007ff817750000 	C:\WINDOWS\System32\ucrtbase.dll
0x00007fffff060000 - 0x00007fffff078000 	c:\Users\PC\.vscode\extensions\redhat.java-1.46.0-win32-x64\jre\21.0.8-win32-x86_64\bin\jli.dll
0x00007ff8181a0000 - 0x00007ff81833d000 	C:\WINDOWS\System32\USER32.dll
0x00007ff817c50000 - 0x00007ff817c72000 	C:\WINDOWS\System32\win32u.dll
0x00007ff819540000 - 0x00007ff81956b000 	C:\WINDOWS\System32\GDI32.dll
0x00007ff817cd0000 - 0x00007ff817de9000 	C:\WINDOWS\System32\gdi32full.dll
0x00007ff817750000 - 0x00007ff8177ed000 	C:\WINDOWS\System32\msvcp_win.dll
0x00007ffffcac0000 - 0x00007ffffcade000 	c:\Users\PC\.vscode\extensions\redhat.java-1.46.0-win32-x64\jre\21.0.8-win32-x86_64\bin\VCRUNTIME140.dll
0x00007ff804990000 - 0x00007ff804c2b000 	C:\WINDOWS\WinSxS\amd64_microsoft.windows.common-controls_6595b64144ccf1df_6.0.19041.6280_none_60bc30a171f2f3f3\COMCTL32.dll
0x00007ff8184c0000 - 0x00007ff81855e000 	C:\WINDOWS\System32\msvcrt.dll
0x00007ff819ab0000 - 0x00007ff819adf000 	C:\WINDOWS\System32\IMM32.DLL
0x00007ff8121a0000 - 0x00007ff8121ac000 	c:\Users\PC\.vscode\extensions\redhat.java-1.46.0-win32-x64\jre\21.0.8-win32-x86_64\bin\vcruntime140_1.dll
0x00007fffdf3a0000 - 0x00007fffdf42d000 	c:\Users\PC\.vscode\extensions\redhat.java-1.46.0-win32-x64\jre\21.0.8-win32-x86_64\bin\msvcp140.dll
0x00007fff98d60000 - 0x00007fff99af7000 	c:\Users\PC\.vscode\extensions\redhat.java-1.46.0-win32-x64\jre\21.0.8-win32-x86_64\bin\server\jvm.dll
0x00007ff8180e0000 - 0x00007ff818191000 	C:\WINDOWS\System32\ADVAPI32.dll
0x00007ff8183c0000 - 0x00007ff81845f000 	C:\WINDOWS\System32\sechost.dll
0x00007ff818c40000 - 0x00007ff818d60000 	C:\WINDOWS\System32\RPCRT4.dll
0x00007ff817e80000 - 0x00007ff817ea7000 	C:\WINDOWS\System32\bcrypt.dll
0x00007ff818350000 - 0x00007ff8183bb000 	C:\WINDOWS\System32\WS2_32.dll
0x00007ff8174b0000 - 0x00007ff8174fb000 	C:\WINDOWS\SYSTEM32\POWRPROF.dll
0x00007ff800c40000 - 0x00007ff800c67000 	C:\WINDOWS\SYSTEM32\WINMM.dll
0x00007ff8100a0000 - 0x00007ff8100aa000 	C:\WINDOWS\SYSTEM32\VERSION.dll
0x00007ff817410000 - 0x00007ff817422000 	C:\WINDOWS\SYSTEM32\UMPDC.dll
0x00007ff815330000 - 0x00007ff815342000 	C:\WINDOWS\SYSTEM32\kernel.appcore.dll
0x00007ff810980000 - 0x00007ff81098a000 	c:\Users\PC\.vscode\extensions\redhat.java-1.46.0-win32-x64\jre\21.0.8-win32-x86_64\bin\jimage.dll
0x00007fffffc20000 - 0x00007fffffe21000 	C:\WINDOWS\SYSTEM32\DBGHELP.DLL
0x00007ffffd270000 - 0x00007ffffd2a4000 	C:\WINDOWS\SYSTEM32\dbgcore.DLL
0x00007ff817df0000 - 0x00007ff817e72000 	C:\WINDOWS\System32\bcryptPrimitives.dll
0x00007ff80d6c0000 - 0x00007ff80d6cf000 	c:\Users\PC\.vscode\extensions\redhat.java-1.46.0-win32-x64\jre\21.0.8-win32-x86_64\bin\instrument.dll
0x00007ffffca50000 - 0x00007ffffca6f000 	c:\Users\PC\.vscode\extensions\redhat.java-1.46.0-win32-x64\jre\21.0.8-win32-x86_64\bin\java.dll
0x00007ff818dd0000 - 0x00007ff819540000 	C:\WINDOWS\System32\SHELL32.dll
0x00007ff815610000 - 0x00007ff815db5000 	C:\WINDOWS\SYSTEM32\windows.storage.dll
0x00007ff819b90000 - 0x00007ff819ee3000 	C:\WINDOWS\System32\combase.dll
0x00007ff816e50000 - 0x00007ff816e7b000 	C:\WINDOWS\SYSTEM32\Wldp.dll
0x00007ff817f60000 - 0x00007ff81802d000 	C:\WINDOWS\System32\OLEAUT32.dll
0x00007ff819ae0000 - 0x00007ff819b8d000 	C:\WINDOWS\System32\SHCORE.dll
0x00007ff819a50000 - 0x00007ff819aab000 	C:\WINDOWS\System32\shlwapi.dll
0x00007ff817500000 - 0x00007ff817524000 	C:\WINDOWS\SYSTEM32\profapi.dll
0x00007ffffc580000 - 0x00007ffffc598000 	c:\Users\PC\.vscode\extensions\redhat.java-1.46.0-win32-x64\jre\21.0.8-win32-x86_64\bin\zip.dll
0x00007ff80d550000 - 0x00007ff80d560000 	C:\Users\PC\.vscode\extensions\redhat.java-1.46.0-win32-x64\jre\21.0.8-win32-x86_64\bin\net.dll
0x00007ff80ef30000 - 0x00007ff80f03a000 	C:\WINDOWS\SYSTEM32\WINHTTP.dll
0x00007ff816c30000 - 0x00007ff816c9a000 	C:\WINDOWS\system32\mswsock.dll
0x00007fffed010000 - 0x00007fffed026000 	C:\Users\PC\.vscode\extensions\redhat.java-1.46.0-win32-x64\jre\21.0.8-win32-x86_64\bin\nio.dll
0x00007ff80d3d0000 - 0x00007ff80d3e0000 	c:\Users\PC\.vscode\extensions\redhat.java-1.46.0-win32-x64\jre\21.0.8-win32-x86_64\bin\verify.dll
0x00007fffe7970000 - 0x00007fffe79b4000 	C:\Users\PC\AppData\Roaming\Code\User\globalStorage\redhat.java\1.46.0\config_win\org.eclipse.equinox.launcher\org.eclipse.equinox.launcher.win32.win32.x86_64_1.2.1400.v20250801-0854\eclipse_11916.dll
0x00007ff8188e0000 - 0x00007ff818a0b000 	C:\WINDOWS\System32\ole32.dll
0x00007ff816f00000 - 0x00007ff816f18000 	C:\WINDOWS\SYSTEM32\CRYPTSP.dll
0x00007ff816570000 - 0x00007ff8165a8000 	C:\WINDOWS\system32\rsaenh.dll
0x00007ff817430000 - 0x00007ff81745e000 	C:\WINDOWS\SYSTEM32\USERENV.dll
0x00007ff816dc0000 - 0x00007ff816dcc000 	C:\WINDOWS\SYSTEM32\CRYPTBASE.dll
0x00007ff816930000 - 0x00007ff81696b000 	C:\WINDOWS\SYSTEM32\IPHLPAPI.DLL
0x00007ff819a40000 - 0x00007ff819a48000 	C:\WINDOWS\System32\NSI.dll
0x00007fffe6570000 - 0x00007fffe65b9000 	C:\Users\PC\AppData\Local\Temp\jna-2547\jna5883971685741239520.dll
0x00007ff818340000 - 0x00007ff818348000 	C:\WINDOWS\System32\PSAPI.DLL
0x00007ff80ea10000 - 0x00007ff80ea27000 	C:\WINDOWS\SYSTEM32\dhcpcsvc6.DLL
0x00007ff80e9f0000 - 0x00007ff80ea0d000 	C:\WINDOWS\SYSTEM32\dhcpcsvc.DLL
0x00007ff804df0000 - 0x00007ff804dfe000 	C:\Users\PC\.vscode\extensions\redhat.java-1.46.0-win32-x64\jre\21.0.8-win32-x86_64\bin\sunmscapi.dll
0x00007ff8177f0000 - 0x00007ff81794d000 	C:\WINDOWS\System32\CRYPT32.dll
0x00007ff816ec0000 - 0x00007ff816ee7000 	C:\WINDOWS\SYSTEM32\ncrypt.dll
0x00007ff816e80000 - 0x00007ff816ebb000 	C:\WINDOWS\SYSTEM32\NTASN1.dll
0x00007ff816970000 - 0x00007ff816a3a000 	C:\WINDOWS\SYSTEM32\DNSAPI.dll
0x00007ff80fcf0000 - 0x00007ff80fcfa000 	C:\Windows\System32\rasadhlp.dll
0x00007ff80dc80000 - 0x00007ff80dd00000 	C:\WINDOWS\System32\fwpuclnt.dll
0x00007ff8120c0000 - 0x00007ff8120c9000 	C:\Users\PC\.vscode\extensions\redhat.java-1.46.0-win32-x64\jre\21.0.8-win32-x86_64\bin\extnet.dll

JVMTI agents:
c:\Users\PC\.vscode\extensions\redhat.java-1.46.0-win32-x64\lombok\lombok-1.18.39-4050.jar path:c:\Users\PC\.vscode\extensions\redhat.java-1.46.0-win32-x64\jre\21.0.8-win32-x86_64\bin\instrument.dll, loaded, initialized, instrumentlib options:none

dbghelp: loaded successfully - version: 4.0.5 - missing functions: none
symbol engine: initialized successfully - sym options: 0x614 - pdb path: .;c:\Users\PC\.vscode\extensions\redhat.java-1.46.0-win32-x64\jre\21.0.8-win32-x86_64\bin;C:\WINDOWS\SYSTEM32;C:\WINDOWS\WinSxS\amd64_microsoft.windows.common-controls_6595b64144ccf1df_6.0.19041.6280_none_60bc30a171f2f3f3;c:\Users\PC\.vscode\extensions\redhat.java-1.46.0-win32-x64\jre\21.0.8-win32-x86_64\bin\server;C:\Users\PC\AppData\Roaming\Code\User\globalStorage\redhat.java\1.46.0\config_win\org.eclipse.equinox.launcher\org.eclipse.equinox.launcher.win32.win32.x86_64_1.2.1400.v20250801-0854;C:\Users\PC\AppData\Local\Temp\jna-2547

VM Arguments:
jvm_args: --add-modules=ALL-SYSTEM --add-opens=java.base/java.util=ALL-UNNAMED --add-opens=java.base/java.lang=ALL-UNNAMED --add-opens=java.base/sun.nio.fs=ALL-UNNAMED -Declipse.application=org.eclipse.jdt.ls.core.id1 -Dosgi.bundles.defaultStartLevel=4 -Declipse.product=org.eclipse.jdt.ls.core.product -Djava.import.generatesMetadataFilesAtProjectRoot=false -DDetectVMInstallationsJob.disabled=true -Dfile.encoding=utf8 -XX:+UseParallelGC -XX:GCTimeRatio=4 -XX:AdaptiveSizePolicyWeight=90 -Dsun.zip.disableMemoryMapping=true -Xmx2G -Xms100m -Xlog:disable -javaagent:c:\Users\PC\.vscode\extensions\redhat.java-1.46.0-win32-x64\lombok\lombok-1.18.39-4050.jar -XX:+HeapDumpOnOutOfMemoryError -XX:HeapDumpPath=c:\Users\PC\AppData\Roaming\Code\User\workspaceStorage\6134f1503c8c8566539b0b770c17c32f\redhat.java -Daether.dependencyCollector.impl=bf 
java_command: c:\Users\PC\.vscode\extensions\redhat.java-1.46.0-win32-x64\server\plugins\org.eclipse.equinox.launcher_1.7.0.v20250519-0528.jar -configuration c:\Users\PC\AppData\Roaming\Code\User\globalStorage\redhat.java\1.46.0\config_win -data c:\Users\PC\AppData\Roaming\Code\User\workspaceStorage\6134f1503c8c8566539b0b770c17c32f\redhat.java\jdt_ws --pipe=\\.\pipe\lsp-12fd59f10a715df3f7e9a9f514c6af09-sock
java_class_path (initial): c:\Users\PC\.vscode\extensions\redhat.java-1.46.0-win32-x64\server\plugins\org.eclipse.equinox.launcher_1.7.0.v20250519-0528.jar
Launcher Type: SUN_STANDARD

[Global flags]
    uintx AdaptiveSizePolicyWeight                 = 90                                        {product} {command line}
     intx CICompilerCount                          = 3                                         {product} {ergonomic}
    uintx GCTimeRatio                              = 4                                         {product} {command line}
     bool HeapDumpOnOutOfMemoryError               = true                                   {manageable} {command line}
    ccstr HeapDumpPath                             = c:\Users\PC\AppData\Roaming\Code\User\workspaceStorage\6134f1503c8c8566539b0b770c17c32f\redhat.java         {manageable} {command line}
   size_t InitialHeapSize                          = 104857600                                 {product} {command line}
   size_t MaxHeapSize                              = 2147483648                                {product} {command line}
   size_t MaxNewSize                               = 715653120                                 {product} {ergonomic}
   size_t MinHeapDeltaBytes                        = 524288                                    {product} {ergonomic}
   size_t MinHeapSize                              = 104857600                                 {product} {command line}
   size_t NewSize                                  = 34603008                                  {product} {ergonomic}
    uintx NonNMethodCodeHeapSize                   = 5832780                                {pd product} {ergonomic}
    uintx NonProfiledCodeHeapSize                  = 122912730                              {pd product} {ergonomic}
   size_t OldSize                                  = 70254592                                  {product} {ergonomic}
    uintx ProfiledCodeHeapSize                     = 122912730                              {pd product} {ergonomic}
    uintx ReservedCodeCacheSize                    = 251658240                              {pd product} {ergonomic}
     bool SegmentedCodeCache                       = true                                      {product} {ergonomic}
   size_t SoftMaxHeapSize                          = 2147483648                             {manageable} {ergonomic}
     bool UseCompressedOops                        = true                           {product lp64_product} {ergonomic}
     bool UseLargePagesIndividualAllocation        = false                                  {pd product} {ergonomic}
     bool UseParallelGC                            = true                                      {product} {command line}

Logging:
Log output configuration:
 #0: stdout all=off uptime,level,tags foldmultilines=false
 #1: stderr all=off uptime,level,tags foldmultilines=false

Environment Variables:
JAVA_HOME=C:\Program Files\Java\jdk-21
PATH=C:\WINDOWS\system32;C:\WINDOWS;C:\WINDOWS\System32\Wbem;C:\WINDOWS\System32\WindowsPowerShell\v1.0\;C:\WINDOWS\System32\OpenSSH\;C:\Program Files\nodejs\;C:\Program Files\Microsoft SQL Server\150\Tools\Binn\;C:\Program Files\Microsoft SQL Server\Client SDK\ODBC\170\Tools\Binn\;C:\Program Files (x86)\Microsoft SQL Server\160\Tools\Binn\;C:\Program Files\Microsoft SQL Server\160\Tools\Binn\;C:\Program Files\Microsoft SQL Server\160\DTS\Binn\;C:\Program Files (x86)\Microsoft SQL Server\160\DTS\Binn\;C:\Users\PC\AppData\Local\Microsoft\WindowsApps\python.exe;C:\Users\PC\AppData\Local\Programs\Python\Python313\pythonw.exe;C:\Users\PC\AppData\Local\Programs\Python\Python313\pythonw.exe\Scripts\;C:\Program Files\Git\cmd;C:\Program Files\heroku\bin;C:\Snort\bin;C:\Program Files\Java;;C:\Program Files\Docker\Docker\resources\bin;C:\Program Files\dotnet\;C:\Users\PC\AppData\Local\Programs\Python\Launcher\;C:\Program Files\MySQL\MySQL Shell 8.0\bin\;C:\Users\PC\AppData\Local\Microsoft\WindowsApps;C:\Program Files\JetBrains\IntelliJ IDEA Community Edition 2023.3.2\bin;;C:\Users\PC\AppData\Local\Programs\Microsoft VS Code\bin;C:\Users\PC\AppData\Roaming\npm;C:\Users\PC\AppData\Local\GitHubDesktop\bin;C:\Users\PC\.dotnet\tools;C:\Program Files\heroku\bin;C:\src\flutter\bin;C:\Android\Sdk\cmdline-tools\latest\bin;C:\Android\Sdk\platform-tools;C:\Program Files\Java\jdk-21\bin;C:\Users\PC\AppData\Local\Programs\cursor\resources\app\bin;C:\Program Files\JetBrains\IntelliJ IDEA 2025.1.3\bin;;C:\Users\PC\AppData\Local\Google\Cloud SDK\google-cloud-sdk\bin
USERNAME=PC
OS=Windows_NT
PROCESSOR_IDENTIFIER=Intel64 Family 6 Model 78 Stepping 3, GenuineIntel
TMP=C:\Users\PC\AppData\Local\Temp
TEMP=C:\Users\PC\AppData\Local\Temp




Periodic native trim disabled

---------------  S Y S T E M  ---------------

OS:
 Windows 10 , 64 bit Build 19041 (10.0.19041.5915)
OS uptime: 3 days 19:24 hours
Hyper-V role detected

CPU: total 4 (initial active 4) (2 cores per cpu, 2 threads per core) family 6 model 78 stepping 3 microcode 0xcc, cx8, cmov, fxsr, ht, mmx, 3dnowpref, sse, sse2, sse3, ssse3, sse4.1, sse4.2, popcnt, lzcnt, tsc, tscinvbit, avx, avx2, aes, erms, clmul, bmi1, bmi2, adx, fma, vzeroupper, clflush, clflushopt, hv, rdtscp, f16c
Processor Information for the first 4 processors :
  Max Mhz: 2601, Current Mhz: 2600, Mhz Limit: 2574

Memory: 4k page, system-wide physical 8123M (343M free)
TotalPageFile size 23744M (AvailPageFile size 0M)
current process WorkingSet (physical memory assigned to process): 129M, peak: 497M
current process commit charge ("private bytes"): 596M, peak: 602M

vm_info: OpenJDK 64-Bit Server VM (21.0.8+9-LTS) for windows-amd64 JRE (21.0.8+9-LTS), built on 2025-07-15T00:00:00Z by "admin" with MS VC++ 17.7 (VS2022)

END.
