[INFO] Scanning for projects...
[INFO] 
[INFO] ----------------< com.supplierservice:supplierservice >-----------------
[INFO] Building supplierservice 0.0.1-SNAPSHOT
[INFO]   from pom.xml
[INFO] --------------------------------[ jar ]---------------------------------
[INFO] 
[INFO] >>> spring-boot:3.2.5:run (default-cli) > test-compile @ supplierservice >>>
[INFO] 
[INFO] --- resources:3.3.1:resources (default-resources) @ supplierservice ---
[INFO] Copying 2 resources from src/main/resources to target/classes
[INFO] Copying 11 resources from src/main/resources to target/classes
[INFO] 
[INFO] --- compiler:3.10.1:compile (default-compile) @ supplierservice ---
[INFO] Nothing to compile - all classes are up to date
[INFO] 
[INFO] --- resources:3.3.1:testResources (default-testResources) @ supplierservice ---
[INFO] Copying 6 resources from src/test/resources to target/test-classes
[INFO] 
[INFO] --- compiler:3.10.1:testCompile (default-testCompile) @ supplierservice ---
[INFO] Nothing to compile - all classes are up to date
[INFO] 
[INFO] <<< spring-boot:3.2.5:run (default-cli) < test-compile @ supplierservice <<<
[INFO] 
[INFO] 
[INFO] --- spring-boot:3.2.5:run (default-cli) @ supplierservice ---
[INFO] Attaching agents: []

  .   ____          _            __ _ _
 /\\ / ___'_ __ _ _(_)_ __  __ _ \ \ \ \
( ( )\___ | '_ | '_| | '_ \/ _` | \ \ \ \
 \\/  ___)| |_)| | | | | || (_| |  ) ) ) )
  '  |____| .__|_| |_|_| |_\__, | / / / /
 =========|_|==============|___/=/_/_/_/
 :: Spring Boot ::                (v3.2.5)

2025-10-15T06:57:17.171+05:30  INFO 78662 --- [  restartedMain] c.s.s.SupplierserviceApplication         : Starting SupplierserviceApplication using Java 21.0.2 with PID 78662 (/Users/gayathriharshila/Inventory-Management-System_Grp_16/backend/supplierservice/target/classes started by gayathriharshila in /Users/gayathriharshila/Inventory-Management-System_Grp_16/backend/supplierservice)
2025-10-15T06:57:17.172+05:30  INFO 78662 --- [  restartedMain] c.s.s.SupplierserviceApplication         : No active profile set, falling back to 1 default profile: "default"
2025-10-15T06:57:17.192+05:30  INFO 78662 --- [  restartedMain] .e.DevToolsPropertyDefaultsPostProcessor : Devtools property defaults active! Set 'spring.devtools.add-properties' to 'false' to disable
2025-10-15T06:57:17.192+05:30  INFO 78662 --- [  restartedMain] .e.DevToolsPropertyDefaultsPostProcessor : For additional web related logging consider setting the 'logging.level.web' property to 'DEBUG'
2025-10-15T06:57:17.625+05:30  INFO 78662 --- [  restartedMain] .s.d.r.c.RepositoryConfigurationDelegate : Bootstrapping Spring Data JPA repositories in DEFAULT mode.
2025-10-15T06:57:17.655+05:30  INFO 78662 --- [  restartedMain] .s.d.r.c.RepositoryConfigurationDelegate : Finished Spring Data repository scanning in 27 ms. Found 13 JPA repository interfaces.
2025-10-15T06:57:17.963+05:30  INFO 78662 --- [  restartedMain] o.s.b.w.embedded.tomcat.TomcatWebServer  : Tomcat initialized with port 8082 (http)
2025-10-15T06:57:17.969+05:30  INFO 78662 --- [  restartedMain] o.apache.catalina.core.StandardService   : Starting service [Tomcat]
2025-10-15T06:57:17.969+05:30  INFO 78662 --- [  restartedMain] o.apache.catalina.core.StandardEngine    : Starting Servlet engine: [Apache Tomcat/10.1.20]
2025-10-15T06:57:17.989+05:30  INFO 78662 --- [  restartedMain] o.a.c.c.C.[Tomcat].[localhost].[/]       : Initializing Spring embedded WebApplicationContext
2025-10-15T06:57:17.989+05:30  INFO 78662 --- [  restartedMain] w.s.c.ServletWebServerApplicationContext : Root WebApplicationContext: initialization completed in 797 ms
2025-10-15T06:57:18.131+05:30  INFO 78662 --- [  restartedMain] o.hibernate.jpa.internal.util.LogHelper  : HHH000204: Processing PersistenceUnitInfo [name: default]
2025-10-15T06:57:18.155+05:30  INFO 78662 --- [  restartedMain] org.hibernate.Version                    : HHH000412: Hibernate ORM core version 6.4.4.Final
2025-10-15T06:57:18.167+05:30  INFO 78662 --- [  restartedMain] o.h.c.internal.RegionFactoryInitiator    : HHH000026: Second-level cache disabled
2025-10-15T06:57:18.255+05:30  INFO 78662 --- [  restartedMain] o.s.o.j.p.SpringPersistenceUnitInfo      : No LoadTimeWeaver setup: ignoring JPA class transformer
2025-10-15T06:57:18.265+05:30  INFO 78662 --- [  restartedMain] com.zaxxer.hikari.HikariDataSource       : HikariPool-1 - Starting...
2025-10-15T06:57:20.663+05:30  INFO 78662 --- [  restartedMain] com.zaxxer.hikari.pool.HikariPool        : HikariPool-1 - Added connection com.mysql.cj.jdbc.ConnectionImpl@71f36c3a
2025-10-15T06:57:20.665+05:30  INFO 78662 --- [  restartedMain] com.zaxxer.hikari.HikariDataSource       : HikariPool-1 - Start completed.
2025-10-15T06:57:20.894+05:30  WARN 78662 --- [  restartedMain] org.hibernate.orm.deprecation            : HHH90000025: MySQL8Dialect does not need to be specified explicitly using 'hibernate.dialect' (remove the property setting and it will be selected by default)
2025-10-15T06:57:20.894+05:30  WARN 78662 --- [  restartedMain] org.hibernate.orm.deprecation            : HHH90000026: MySQL8Dialect has been deprecated; use org.hibernate.dialect.MySQLDialect instead
2025-10-15T06:57:21.674+05:30  INFO 78662 --- [  restartedMain] o.h.e.t.j.p.i.JtaPlatformInitiator       : HHH000489: No JTA platform available (set 'hibernate.transaction.jta.platform' to enable JTA platform integration)
2025-10-15T06:57:22.439+05:30  INFO 78662 --- [  restartedMain] j.LocalContainerEntityManagerFactoryBean : Initialized JPA EntityManagerFactory for persistence unit 'default'
2025-10-15T06:57:22.569+05:30  INFO 78662 --- [  restartedMain] o.s.d.j.r.query.QueryEnhancerFactory     : Hibernate is in classpath; If applicable, HQL parser will be used.
2025-10-15T06:57:23.470+05:30  WARN 78662 --- [  restartedMain] o.s.b.d.a.OptionalLiveReloadServer       : Unable to start LiveReload server
2025-10-15T06:57:23.475+05:30  INFO 78662 --- [  restartedMain] o.s.b.a.e.web.EndpointLinksResolver      : Exposing 5 endpoint(s) beneath base path '/actuator'
2025-10-15T06:57:23.515+05:30  INFO 78662 --- [  restartedMain] o.s.b.w.embedded.tomcat.TomcatWebServer  : Tomcat started on port 8082 (http) with context path ''
2025-10-15T06:57:23.525+05:30  INFO 78662 --- [  restartedMain] c.s.s.SupplierserviceApplication         : Started SupplierserviceApplication in 6.481 seconds (process running for 6.647)
Supplier Service is running...
Access the API at: http://localhost:8082/supplier
2025-10-15T06:57:26.593+05:30  INFO 78662 --- [nio-8082-exec-1] o.a.c.c.C.[Tomcat].[localhost].[/]       : Initializing Spring DispatcherServlet 'dispatcherServlet'
2025-10-15T06:57:26.593+05:30  INFO 78662 --- [nio-8082-exec-1] o.s.web.servlet.DispatcherServlet        : Initializing Servlet 'dispatcherServlet'
2025-10-15T06:57:26.596+05:30  INFO 78662 --- [nio-8082-exec-1] o.s.web.servlet.DispatcherServlet        : Completed initialization in 3 ms
Hibernate: 
    select
        dl1_0.delivery_log_id,
        dl1_0.item_id,
        dl1_0.po_id,
        po1_0.po_id,
        po1_0.date,
        po1_0.status,
        po1_0.supplier_id,
        dl1_0.received_date,
        dl1_0.received_quantity 
    from
        delivery_logs dl1_0 
    join
        purchase_orders po1_0 
            on po1_0.po_id=dl1_0.po_id 
    order by
        dl1_0.received_date desc 
    limit
        10
Hibernate: 
    select
        po1_0.po_id,
        po1_0.date,
        po1_0.status,
        po1_0.supplier_id 
    from
        purchase_orders po1_0 
    where
        1=1 
        and 1=1 
        and 1=1 
        and 1=1 
        and 1=1 
    order by
        po1_0.date desc,
        po1_0.po_id desc 
    limit
        ?, ?
Hibernate: 
    select
        i1_0.po_id,
        i1_0.id,
        i1_0.item_id,
        i1_0.quantity,
        i1_0.unit_price 
    from
        purchase_order_items i1_0 
    where
        i1_0.po_id=?
Hibernate: 
    select
        s1_0.supplier_id,
        s1_0.category_id,
        s1_0.user_id 
    from
        suppliers s1_0 
    where
        s1_0.supplier_id=?
Hibernate: 
    select
        u1_0.user_id,
        u1_0.account_status,
        u1_0.created_at,
        u1_0.date_of_birth,
        u1_0.email,
        u1_0.email_verified,
        u1_0.formatted_address,
        u1_0.full_name,
        u1_0.latitude,
        u1_0.longitude,
        u1_0.password_hash,
        u1_0.phone_number,
        u1_0.profile_image_url,
        u1_0.username 
    from
        users u1_0 
    where
        u1_0.user_id=?
Hibernate: 
    select
        i1_0.po_id,
        i1_0.id,
        i1_0.item_id,
        i1_0.quantity,
        i1_0.unit_price 
    from
        purchase_order_items i1_0 
    where
        i1_0.po_id=?
Hibernate: 
    select
        s1_0.supplier_id,
        s1_0.category_id,
        s1_0.user_id 
    from
        suppliers s1_0 
    where
        s1_0.supplier_id=?
Hibernate: 
    select
        u1_0.user_id,
        u1_0.account_status,
        u1_0.created_at,
        u1_0.date_of_birth,
        u1_0.email,
        u1_0.email_verified,
        u1_0.formatted_address,
        u1_0.full_name,
        u1_0.latitude,
        u1_0.longitude,
        u1_0.password_hash,
        u1_0.phone_number,
        u1_0.profile_image_url,
        u1_0.username 
    from
        users u1_0 
    where
        u1_0.user_id=?
Hibernate: 
    select
        i1_0.po_id,
        i1_0.id,
        i1_0.item_id,
        i1_0.quantity,
        i1_0.unit_price 
    from
        purchase_order_items i1_0 
    where
        i1_0.po_id=?
Hibernate: 
    select
        i1_0.po_id,
        i1_0.id,
        i1_0.item_id,
        i1_0.quantity,
        i1_0.unit_price 
    from
        purchase_order_items i1_0 
    where
        i1_0.po_id=?
Hibernate: 
    select
        i1_0.po_id,
        i1_0.id,
        i1_0.item_id,
        i1_0.quantity,
        i1_0.unit_price 
    from
        purchase_order_items i1_0 
    where
        i1_0.po_id=?
Hibernate: 
    select
        i1_0.po_id,
        i1_0.id,
        i1_0.item_id,
        i1_0.quantity,
        i1_0.unit_price 
    from
        purchase_order_items i1_0 
    where
        i1_0.po_id=?
Hibernate: 
    select
        s1_0.supplier_id,
        s1_0.category_id,
        s1_0.user_id 
    from
        suppliers s1_0 
    where
        s1_0.supplier_id=?
Hibernate: 
    select
        u1_0.user_id,
        u1_0.account_status,
        u1_0.created_at,
        u1_0.date_of_birth,
        u1_0.email,
        u1_0.email_verified,
        u1_0.formatted_address,
        u1_0.full_name,
        u1_0.latitude,
        u1_0.longitude,
        u1_0.password_hash,
        u1_0.phone_number,
        u1_0.profile_image_url,
        u1_0.username 
    from
        users u1_0 
    where
        u1_0.user_id=?
Hibernate: 
    select
        i1_0.po_id,
        i1_0.id,
        i1_0.item_id,
        i1_0.quantity,
        i1_0.unit_price 
    from
        purchase_order_items i1_0 
    where
        i1_0.po_id=?
Hibernate: 
    select
        i1_0.po_id,
        i1_0.id,
        i1_0.item_id,
        i1_0.quantity,
        i1_0.unit_price 
    from
        purchase_order_items i1_0 
    where
        i1_0.po_id=?
Hibernate: 
    select
        s1_0.supplier_id,
        s1_0.category_id,
        s1_0.user_id 
    from
        suppliers s1_0 
    where
        s1_0.supplier_id=?
Hibernate: 
    select
        u1_0.user_id,
        u1_0.account_status,
        u1_0.created_at,
        u1_0.date_of_birth,
        u1_0.email,
        u1_0.email_verified,
        u1_0.formatted_address,
        u1_0.full_name,
        u1_0.latitude,
        u1_0.longitude,
        u1_0.password_hash,
        u1_0.phone_number,
        u1_0.profile_image_url,
        u1_0.username 
    from
        users u1_0 
    where
        u1_0.user_id=?
Hibernate: 
    select
        i1_0.po_id,
        i1_0.id,
        i1_0.item_id,
        i1_0.quantity,
        i1_0.unit_price 
    from
        purchase_order_items i1_0 
    where
        i1_0.po_id=?
Hibernate: 
    select
        i1_0.po_id,
        i1_0.id,
        i1_0.item_id,
        i1_0.quantity,
        i1_0.unit_price 
    from
        purchase_order_items i1_0 
    where
        i1_0.po_id=?
Hibernate: 
    select
        s1_0.supplier_id,
        s1_0.category_id,
        s1_0.user_id 
    from
        suppliers s1_0 
    where
        s1_0.supplier_id=?
Hibernate: 
    select
        u1_0.user_id,
        u1_0.account_status,
        u1_0.created_at,
        u1_0.date_of_birth,
        u1_0.email,
        u1_0.email_verified,
        u1_0.formatted_address,
        u1_0.full_name,
        u1_0.latitude,
        u1_0.longitude,
        u1_0.password_hash,
        u1_0.phone_number,
        u1_0.profile_image_url,
        u1_0.username 
    from
        users u1_0 
    where
        u1_0.user_id=?
Hibernate: 
    select
        i1_0.po_id,
        i1_0.id,
        i1_0.item_id,
        i1_0.quantity,
        i1_0.unit_price 
    from
        purchase_order_items i1_0 
    where
        i1_0.po_id=?
Hibernate: 
    select
        s1_0.supplier_id,
        s1_0.category_id,
        s1_0.user_id 
    from
        suppliers s1_0 
    where
        s1_0.supplier_id=?
Hibernate: 
    select
        u1_0.user_id,
        u1_0.account_status,
        u1_0.created_at,
        u1_0.date_of_birth,
        u1_0.email,
        u1_0.email_verified,
        u1_0.formatted_address,
        u1_0.full_name,
        u1_0.latitude,
        u1_0.longitude,
        u1_0.password_hash,
        u1_0.phone_number,
        u1_0.profile_image_url,
        u1_0.username 
    from
        users u1_0 
    where
        u1_0.user_id=?
Hibernate: 
    select
        i1_0.po_id,
        i1_0.id,
        i1_0.item_id,
        i1_0.quantity,
        i1_0.unit_price 
    from
        purchase_order_items i1_0 
    where
        i1_0.po_id=?
Hibernate: 
    select
        i1_0.po_id,
        i1_0.id,
        i1_0.item_id,
        i1_0.quantity,
        i1_0.unit_price 
    from
        purchase_order_items i1_0 
    where
        i1_0.po_id=?
Hibernate: 
    select
        i1_0.po_id,
        i1_0.id,
        i1_0.item_id,
        i1_0.quantity,
        i1_0.unit_price 
    from
        purchase_order_items i1_0 
    where
        i1_0.po_id=?
[INFO] ------------------------------------------------------------------------
[INFO] BUILD FAILURE
[INFO] ------------------------------------------------------------------------
[INFO] Total time:  01:59 min
[INFO] Finished at: 2025-10-15T06:59:15+05:30
[INFO] ------------------------------------------------------------------------
[ERROR] Failed to execute goal org.springframework.boot:spring-boot-maven-plugin:3.2.5:run (default-cli) on project supplierservice: Process terminated with exit code: 137 -> [Help 1]
[ERROR] 
[ERROR] To see the full stack trace of the errors, re-run Maven with the -e switch.
[ERROR] Re-run Maven using the -X switch to enable full debug logging.
[ERROR] 
[ERROR] For more information about the errors and possible solutions, please read the following articles:
[ERROR] [Help 1] http://cwiki.apache.org/confluence/display/MAVEN/MojoExecutionException
